{"/Users/owenyoshishige/Documents/Hack_Reactor_SEI/fec/fec-client/src/components/Q&A/AListEntry.jsx": {"path":"/Users/owenyoshishige/Documents/Hack_Reactor_SEI/fec/fec-client/src/components/Q&A/AListEntry.jsx","statementMap":{"0":{"start":{"line":6,"column":24},"end":{"line":11,"column":1}},"1":{"start":{"line":13,"column":23},"end":{"line":18,"column":1}},"2":{"start":{"line":20,"column":14},"end":{"line":23,"column":1}},"3":{"start":{"line":25,"column":22},"end":{"line":30,"column":1}},"4":{"start":{"line":32,"column":13},"end":{"line":40,"column":1}},"5":{"start":{"line":38,"column":23},"end":{"line":38,"column":47}},"6":{"start":{"line":42,"column":17},"end":{"line":45,"column":1}},"7":{"start":{"line":44,"column":27},"end":{"line":44,"column":93}},"8":{"start":{"line":47,"column":17},"end":{"line":52,"column":1}},"9":{"start":{"line":54,"column":14},"end":{"line":61,"column":1}},"10":{"start":{"line":63,"column":19},"end":{"line":117,"column":1}},"11":{"start":{"line":64,"column":17},"end":{"line":64,"column":40}},"12":{"start":{"line":66,"column":25},"end":{"line":66,"column":38}},"13":{"start":{"line":67,"column":19},"end":{"line":67,"column":29}},"14":{"start":{"line":69,"column":30},"end":{"line":69,"column":48}},"15":{"start":{"line":70,"column":28},"end":{"line":70,"column":59}},"16":{"start":{"line":71,"column":36},"end":{"line":71,"column":51}},"17":{"start":{"line":73,"column":27},"end":{"line":81,"column":3}},"18":{"start":{"line":74,"column":4},"end":{"line":80,"column":5}},"19":{"start":{"line":75,"column":6},"end":{"line":75,"column":36}},"20":{"start":{"line":76,"column":6},"end":{"line":76,"column":26}},"21":{"start":{"line":77,"column":6},"end":{"line":79,"column":84}},"22":{"start":{"line":78,"column":23},"end":{"line":78,"column":32}},"23":{"start":{"line":79,"column":24},"end":{"line":79,"column":82}},"24":{"start":{"line":83,"column":23},"end":{"line":88,"column":3}},"25":{"start":{"line":84,"column":4},"end":{"line":84,"column":62}},"26":{"start":{"line":85,"column":4},"end":{"line":87,"column":82}},"27":{"start":{"line":86,"column":21},"end":{"line":86,"column":30}},"28":{"start":{"line":87,"column":22},"end":{"line":87,"column":80}},"29":{"start":{"line":90,"column":27},"end":{"line":94,"column":3}},"30":{"start":{"line":91,"column":4},"end":{"line":91,"column":16}},"31":{"start":{"line":92,"column":4},"end":{"line":92,"column":43}},"32":{"start":{"line":93,"column":4},"end":{"line":93,"column":23}},"33":{"start":{"line":96,"column":2},"end":{"line":116,"column":4}},"34":{"start":{"line":103,"column":43},"end":{"line":103,"column":98}},"35":{"start":{"line":114,"column":68},"end":{"line":114,"column":87}}},"fnMap":{"0":{"name":"(anonymous_0)","decl":{"start":{"line":38,"column":14},"end":{"line":38,"column":15}},"loc":{"start":{"line":38,"column":23},"end":{"line":38,"column":47}},"line":38},"1":{"name":"(anonymous_1)","decl":{"start":{"line":44,"column":18},"end":{"line":44,"column":19}},"loc":{"start":{"line":44,"column":27},"end":{"line":44,"column":93}},"line":44},"2":{"name":"(anonymous_2)","decl":{"start":{"line":63,"column":19},"end":{"line":63,"column":20}},"loc":{"start":{"line":63,"column":44},"end":{"line":117,"column":1}},"line":63},"3":{"name":"(anonymous_3)","decl":{"start":{"line":73,"column":27},"end":{"line":73,"column":28}},"loc":{"start":{"line":73,"column":33},"end":{"line":81,"column":3}},"line":73},"4":{"name":"(anonymous_4)","decl":{"start":{"line":78,"column":14},"end":{"line":78,"column":15}},"loc":{"start":{"line":78,"column":23},"end":{"line":78,"column":32}},"line":78},"5":{"name":"(anonymous_5)","decl":{"start":{"line":79,"column":15},"end":{"line":79,"column":16}},"loc":{"start":{"line":79,"column":24},"end":{"line":79,"column":82}},"line":79},"6":{"name":"(anonymous_6)","decl":{"start":{"line":83,"column":23},"end":{"line":83,"column":24}},"loc":{"start":{"line":83,"column":29},"end":{"line":88,"column":3}},"line":83},"7":{"name":"(anonymous_7)","decl":{"start":{"line":86,"column":12},"end":{"line":86,"column":13}},"loc":{"start":{"line":86,"column":21},"end":{"line":86,"column":30}},"line":86},"8":{"name":"(anonymous_8)","decl":{"start":{"line":87,"column":13},"end":{"line":87,"column":14}},"loc":{"start":{"line":87,"column":22},"end":{"line":87,"column":80}},"line":87},"9":{"name":"(anonymous_9)","decl":{"start":{"line":90,"column":27},"end":{"line":90,"column":28}},"loc":{"start":{"line":90,"column":34},"end":{"line":94,"column":3}},"line":90},"10":{"name":"(anonymous_10)","decl":{"start":{"line":103,"column":34},"end":{"line":103,"column":35}},"loc":{"start":{"line":103,"column":43},"end":{"line":103,"column":98}},"line":103},"11":{"name":"(anonymous_11)","decl":{"start":{"line":114,"column":62},"end":{"line":114,"column":63}},"loc":{"start":{"line":114,"column":68},"end":{"line":114,"column":87}},"line":114}},"branchMap":{"0":{"loc":{"start":{"line":38,"column":23},"end":{"line":38,"column":47}},"type":"binary-expr","locations":[{"start":{"line":38,"column":23},"end":{"line":38,"column":34}},{"start":{"line":38,"column":38},"end":{"line":38,"column":47}}],"line":38},"1":{"loc":{"start":{"line":44,"column":27},"end":{"line":44,"column":93}},"type":"cond-expr","locations":[{"start":{"line":44,"column":84},"end":{"line":44,"column":87}},{"start":{"line":44,"column":90},"end":{"line":44,"column":93}}],"line":44},"2":{"loc":{"start":{"line":44,"column":27},"end":{"line":44,"column":81}},"type":"binary-expr","locations":[{"start":{"line":44,"column":27},"end":{"line":44,"column":52}},{"start":{"line":44,"column":56},"end":{"line":44,"column":81}}],"line":44},"3":{"loc":{"start":{"line":74,"column":4},"end":{"line":80,"column":5}},"type":"if","locations":[{"start":{"line":74,"column":4},"end":{"line":80,"column":5}},{"start":{},"end":{}}],"line":74},"4":{"loc":{"start":{"line":84,"column":4},"end":{"line":84,"column":61}},"type":"cond-expr","locations":[{"start":{"line":84,"column":28},"end":{"line":84,"column":49}},{"start":{"line":84,"column":52},"end":{"line":84,"column":61}}],"line":84},"5":{"loc":{"start":{"line":101,"column":8},"end":{"line":105,"column":16}},"type":"cond-expr","locations":[{"start":{"line":102,"column":10},"end":{"line":104,"column":21}},{"start":{"line":105,"column":12},"end":{"line":105,"column":16}}],"line":101},"6":{"loc":{"start":{"line":108,"column":37},"end":{"line":108,"column":80}},"type":"cond-expr","locations":[{"start":{"line":108,"column":61},"end":{"line":108,"column":69}},{"start":{"line":108,"column":72},"end":{"line":108,"column":80}}],"line":108},"7":{"loc":{"start":{"line":114,"column":7},"end":{"line":114,"column":97}},"type":"cond-expr","locations":[{"start":{"line":114,"column":19},"end":{"line":114,"column":90}},{"start":{"line":114,"column":93},"end":{"line":114,"column":97}}],"line":114}},"s":{"0":1,"1":1,"2":1,"3":1,"4":1,"5":0,"6":1,"7":0,"8":1,"9":1,"10":1,"11":0,"12":0,"13":0,"14":0,"15":0,"16":0,"17":0,"18":0,"19":0,"20":0,"21":0,"22":0,"23":0,"24":0,"25":0,"26":0,"27":0,"28":0,"29":0,"30":0,"31":0,"32":0,"33":0,"34":0,"35":0},"f":{"0":0,"1":0,"2":0,"3":0,"4":0,"5":0,"6":0,"7":0,"8":0,"9":0,"10":0,"11":0},"b":{"0":[0,0],"1":[0,0],"2":[0,0],"3":[0,0],"4":[0,0],"5":[0,0],"6":[0,0],"7":[0,0]},"_coverageSchema":"1a1c01bbd47fc00a2c39e90264f33305004495a9","hash":"40d9ae7b2dbaac4c5775bbf798c41d6051a155b7"}
,"/Users/owenyoshishige/Documents/Hack_Reactor_SEI/fec/fec-client/src/components/Q&A/AddAModal.jsx": {"path":"/Users/owenyoshishige/Documents/Hack_Reactor_SEI/fec/fec-client/src/components/Q&A/AddAModal.jsx","statementMap":{"0":{"start":{"line":6,"column":12},"end":{"line":6,"column":68}},"1":{"start":{"line":8,"column":21},"end":{"line":19,"column":1}},"2":{"start":{"line":21,"column":23},"end":{"line":31,"column":1}},"3":{"start":{"line":33,"column":16},"end":{"line":39,"column":1}},"4":{"start":{"line":41,"column":18},"end":{"line":45,"column":1}},"5":{"start":{"line":47,"column":14},"end":{"line":51,"column":1}},"6":{"start":{"line":53,"column":26},"end":{"line":57,"column":1}},"7":{"start":{"line":59,"column":17},"end":{"line":64,"column":1}},"8":{"start":{"line":66,"column":21},"end":{"line":71,"column":1}},"9":{"start":{"line":73,"column":19},"end":{"line":86,"column":1}},"10":{"start":{"line":88,"column":13},"end":{"line":92,"column":1}},"11":{"start":{"line":94,"column":14},"end":{"line":99,"column":1}},"12":{"start":{"line":101,"column":22},"end":{"line":103,"column":1}},"13":{"start":{"line":105,"column":17},"end":{"line":108,"column":1}},"14":{"start":{"line":110,"column":19},"end":{"line":113,"column":1}},"15":{"start":{"line":115,"column":17},"end":{"line":120,"column":1}},"16":{"start":{"line":122,"column":22},"end":{"line":125,"column":1}},"17":{"start":{"line":127,"column":21},"end":{"line":134,"column":1}},"18":{"start":{"line":136,"column":19},"end":{"line":138,"column":1}},"19":{"start":{"line":140,"column":20},"end":{"line":143,"column":1}},"20":{"start":{"line":145,"column":19},"end":{"line":149,"column":1}},"21":{"start":{"line":151,"column":21},"end":{"line":162,"column":1}},"22":{"start":{"line":164,"column":19},"end":{"line":164,"column":66}},"23":{"start":{"line":166,"column":18},"end":{"line":313,"column":1}},"24":{"start":{"line":167,"column":20},"end":{"line":167,"column":50}},"25":{"start":{"line":168,"column":16},"end":{"line":168,"column":26}},"26":{"start":{"line":170,"column":46},"end":{"line":170,"column":58}},"27":{"start":{"line":171,"column":30},"end":{"line":171,"column":42}},"28":{"start":{"line":172,"column":28},"end":{"line":172,"column":40}},"29":{"start":{"line":173,"column":30},"end":{"line":173,"column":42}},"30":{"start":{"line":174,"column":34},"end":{"line":174,"column":46}},"31":{"start":{"line":176,"column":27},"end":{"line":184,"column":3}},"32":{"start":{"line":177,"column":4},"end":{"line":183,"column":5}},"33":{"start":{"line":178,"column":6},"end":{"line":178,"column":32}},"34":{"start":{"line":179,"column":11},"end":{"line":183,"column":5}},"35":{"start":{"line":180,"column":6},"end":{"line":180,"column":34}},"36":{"start":{"line":181,"column":11},"end":{"line":183,"column":5}},"37":{"start":{"line":182,"column":6},"end":{"line":182,"column":31}},"38":{"start":{"line":186,"column":21},"end":{"line":192,"column":3}},"39":{"start":{"line":187,"column":4},"end":{"line":187,"column":17}},"40":{"start":{"line":188,"column":4},"end":{"line":188,"column":20}},"41":{"start":{"line":189,"column":4},"end":{"line":189,"column":18}},"42":{"start":{"line":190,"column":4},"end":{"line":190,"column":26}},"43":{"start":{"line":191,"column":4},"end":{"line":191,"column":11}},"44":{"start":{"line":194,"column":21},"end":{"line":196,"column":3}},"45":{"start":{"line":195,"column":4},"end":{"line":195,"column":48}},"46":{"start":{"line":198,"column":23},"end":{"line":207,"column":3}},"47":{"start":{"line":199,"column":4},"end":{"line":199,"column":16}},"48":{"start":{"line":200,"column":4},"end":{"line":206,"column":5}},"49":{"start":{"line":201,"column":21},"end":{"line":201,"column":37}},"50":{"start":{"line":202,"column":6},"end":{"line":202,"column":38}},"51":{"start":{"line":203,"column":6},"end":{"line":203,"column":48}},"52":{"start":{"line":205,"column":6},"end":{"line":205,"column":120}},"53":{"start":{"line":209,"column":22},"end":{"line":226,"column":3}},"54":{"start":{"line":210,"column":18},"end":{"line":210,"column":98}},"55":{"start":{"line":210,"column":38},"end":{"line":210,"column":96}},"56":{"start":{"line":212,"column":4},"end":{"line":225,"column":42}},"57":{"start":{"line":214,"column":21},"end":{"line":214,"column":57}},"58":{"start":{"line":214,"column":43},"end":{"line":214,"column":56}},"59":{"start":{"line":215,"column":19},"end":{"line":215,"column":48}},"60":{"start":{"line":217,"column":8},"end":{"line":219,"column":9}},"61":{"start":{"line":218,"column":10},"end":{"line":218,"column":24}},"62":{"start":{"line":221,"column":8},"end":{"line":223,"column":88}},"63":{"start":{"line":222,"column":25},"end":{"line":222,"column":38}},"64":{"start":{"line":223,"column":26},"end":{"line":223,"column":87}},"65":{"start":{"line":225,"column":22},"end":{"line":225,"column":40}},"66":{"start":{"line":228,"column":23},"end":{"line":266,"column":3}},"67":{"start":{"line":229,"column":4},"end":{"line":229,"column":23}},"68":{"start":{"line":230,"column":4},"end":{"line":230,"column":26}},"69":{"start":{"line":231,"column":16},"end":{"line":231,"column":20}},"70":{"start":{"line":232,"column":18},"end":{"line":232,"column":20}},"71":{"start":{"line":234,"column":4},"end":{"line":237,"column":5}},"72":{"start":{"line":235,"column":6},"end":{"line":235,"column":32}},"73":{"start":{"line":236,"column":6},"end":{"line":236,"column":20}},"74":{"start":{"line":238,"column":4},"end":{"line":241,"column":5}},"75":{"start":{"line":239,"column":6},"end":{"line":239,"column":36}},"76":{"start":{"line":240,"column":6},"end":{"line":240,"column":20}},"77":{"start":{"line":242,"column":4},"end":{"line":245,"column":5}},"78":{"start":{"line":243,"column":6},"end":{"line":243,"column":36}},"79":{"start":{"line":244,"column":6},"end":{"line":244,"column":20}},"80":{"start":{"line":246,"column":4},"end":{"line":249,"column":5}},"81":{"start":{"line":247,"column":18},"end":{"line":247,"column":56}},"82":{"start":{"line":248,"column":6},"end":{"line":248,"column":57}},"83":{"start":{"line":251,"column":4},"end":{"line":251,"column":31}},"84":{"start":{"line":253,"column":4},"end":{"line":265,"column":5}},"85":{"start":{"line":254,"column":18},"end":{"line":258,"column":7}},"86":{"start":{"line":260,"column":6},"end":{"line":260,"column":33}},"87":{"start":{"line":261,"column":6},"end":{"line":261,"column":19}},"88":{"start":{"line":262,"column":6},"end":{"line":262,"column":22}},"89":{"start":{"line":263,"column":6},"end":{"line":263,"column":20}},"90":{"start":{"line":264,"column":6},"end":{"line":264,"column":13}},"91":{"start":{"line":269,"column":2},"end":{"line":312,"column":16}},"92":{"start":{"line":270,"column":33},"end":{"line":270,"column":49}},"93":{"start":{"line":271,"column":38},"end":{"line":271,"column":57}},"94":{"start":{"line":278,"column":37},"end":{"line":278,"column":53}},"95":{"start":{"line":283,"column":123},"end":{"line":283,"column":142}},"96":{"start":{"line":288,"column":115},"end":{"line":288,"column":134}},"97":{"start":{"line":293,"column":82},"end":{"line":293,"column":101}},"98":{"start":{"line":301,"column":52},"end":{"line":301,"column":81}},"99":{"start":{"line":306,"column":63},"end":{"line":306,"column":89}}},"fnMap":{"0":{"name":"(anonymous_0)","decl":{"start":{"line":166,"column":18},"end":{"line":166,"column":19}},"loc":{"start":{"line":166,"column":80},"end":{"line":313,"column":1}},"line":166},"1":{"name":"(anonymous_1)","decl":{"start":{"line":176,"column":27},"end":{"line":176,"column":28}},"loc":{"start":{"line":176,"column":34},"end":{"line":184,"column":3}},"line":176},"2":{"name":"(anonymous_2)","decl":{"start":{"line":186,"column":21},"end":{"line":186,"column":22}},"loc":{"start":{"line":186,"column":31},"end":{"line":192,"column":3}},"line":186},"3":{"name":"(anonymous_3)","decl":{"start":{"line":194,"column":21},"end":{"line":194,"column":22}},"loc":{"start":{"line":194,"column":28},"end":{"line":196,"column":3}},"line":194},"4":{"name":"(anonymous_4)","decl":{"start":{"line":198,"column":23},"end":{"line":198,"column":24}},"loc":{"start":{"line":198,"column":30},"end":{"line":207,"column":3}},"line":198},"5":{"name":"(anonymous_5)","decl":{"start":{"line":209,"column":22},"end":{"line":209,"column":23}},"loc":{"start":{"line":209,"column":41},"end":{"line":226,"column":3}},"line":209},"6":{"name":"(anonymous_6)","decl":{"start":{"line":210,"column":28},"end":{"line":210,"column":29}},"loc":{"start":{"line":210,"column":38},"end":{"line":210,"column":96}},"line":210},"7":{"name":"(anonymous_7)","decl":{"start":{"line":213,"column":12},"end":{"line":213,"column":13}},"loc":{"start":{"line":213,"column":25},"end":{"line":224,"column":7}},"line":213},"8":{"name":"(anonymous_8)","decl":{"start":{"line":214,"column":33},"end":{"line":214,"column":34}},"loc":{"start":{"line":214,"column":43},"end":{"line":214,"column":56}},"line":214},"9":{"name":"(anonymous_9)","decl":{"start":{"line":222,"column":16},"end":{"line":222,"column":17}},"loc":{"start":{"line":222,"column":25},"end":{"line":222,"column":38}},"line":222},"10":{"name":"(anonymous_10)","decl":{"start":{"line":223,"column":17},"end":{"line":223,"column":18}},"loc":{"start":{"line":223,"column":26},"end":{"line":223,"column":87}},"line":223},"11":{"name":"(anonymous_11)","decl":{"start":{"line":225,"column":13},"end":{"line":225,"column":14}},"loc":{"start":{"line":225,"column":22},"end":{"line":225,"column":40}},"line":225},"12":{"name":"(anonymous_12)","decl":{"start":{"line":228,"column":23},"end":{"line":228,"column":24}},"loc":{"start":{"line":228,"column":30},"end":{"line":266,"column":3}},"line":228},"13":{"name":"(anonymous_13)","decl":{"start":{"line":270,"column":27},"end":{"line":270,"column":28}},"loc":{"start":{"line":270,"column":33},"end":{"line":270,"column":49}},"line":270},"14":{"name":"(anonymous_14)","decl":{"start":{"line":271,"column":31},"end":{"line":271,"column":32}},"loc":{"start":{"line":271,"column":38},"end":{"line":271,"column":57}},"line":271},"15":{"name":"(anonymous_15)","decl":{"start":{"line":278,"column":31},"end":{"line":278,"column":32}},"loc":{"start":{"line":278,"column":37},"end":{"line":278,"column":53}},"line":278},"16":{"name":"(anonymous_16)","decl":{"start":{"line":283,"column":116},"end":{"line":283,"column":117}},"loc":{"start":{"line":283,"column":123},"end":{"line":283,"column":142}},"line":283},"17":{"name":"(anonymous_17)","decl":{"start":{"line":288,"column":108},"end":{"line":288,"column":109}},"loc":{"start":{"line":288,"column":115},"end":{"line":288,"column":134}},"line":288},"18":{"name":"(anonymous_18)","decl":{"start":{"line":293,"column":75},"end":{"line":293,"column":76}},"loc":{"start":{"line":293,"column":82},"end":{"line":293,"column":101}},"line":293},"19":{"name":"(anonymous_19)","decl":{"start":{"line":301,"column":41},"end":{"line":301,"column":42}},"loc":{"start":{"line":301,"column":52},"end":{"line":301,"column":81}},"line":301},"20":{"name":"(anonymous_20)","decl":{"start":{"line":306,"column":47},"end":{"line":306,"column":48}},"loc":{"start":{"line":306,"column":63},"end":{"line":306,"column":89}},"line":306}},"branchMap":{"0":{"loc":{"start":{"line":177,"column":4},"end":{"line":183,"column":5}},"type":"if","locations":[{"start":{"line":177,"column":4},"end":{"line":183,"column":5}},{"start":{"line":179,"column":11},"end":{"line":183,"column":5}}],"line":177},"1":{"loc":{"start":{"line":177,"column":8},"end":{"line":177,"column":58}},"type":"binary-expr","locations":[{"start":{"line":177,"column":8},"end":{"line":177,"column":34}},{"start":{"line":177,"column":38},"end":{"line":177,"column":58}}],"line":177},"2":{"loc":{"start":{"line":179,"column":11},"end":{"line":183,"column":5}},"type":"if","locations":[{"start":{"line":179,"column":11},"end":{"line":183,"column":5}},{"start":{"line":181,"column":11},"end":{"line":183,"column":5}}],"line":179},"3":{"loc":{"start":{"line":179,"column":15},"end":{"line":179,"column":67}},"type":"binary-expr","locations":[{"start":{"line":179,"column":15},"end":{"line":179,"column":43}},{"start":{"line":179,"column":47},"end":{"line":179,"column":67}}],"line":179},"4":{"loc":{"start":{"line":181,"column":11},"end":{"line":183,"column":5}},"type":"if","locations":[{"start":{"line":181,"column":11},"end":{"line":183,"column":5}},{"start":{},"end":{}}],"line":181},"5":{"loc":{"start":{"line":181,"column":15},"end":{"line":181,"column":61}},"type":"binary-expr","locations":[{"start":{"line":181,"column":15},"end":{"line":181,"column":40}},{"start":{"line":181,"column":44},"end":{"line":181,"column":61}}],"line":181},"6":{"loc":{"start":{"line":200,"column":4},"end":{"line":206,"column":5}},"type":"if","locations":[{"start":{"line":200,"column":4},"end":{"line":206,"column":5}},{"start":{"line":204,"column":11},"end":{"line":206,"column":5}}],"line":200},"7":{"loc":{"start":{"line":205,"column":6},"end":{"line":205,"column":119}},"type":"cond-expr","locations":[{"start":{"line":205,"column":49},"end":{"line":205,"column":107}},{"start":{"line":205,"column":110},"end":{"line":205,"column":119}}],"line":205},"8":{"loc":{"start":{"line":217,"column":8},"end":{"line":219,"column":9}},"type":"if","locations":[{"start":{"line":217,"column":8},"end":{"line":219,"column":9}},{"start":{},"end":{}}],"line":217},"9":{"loc":{"start":{"line":234,"column":4},"end":{"line":237,"column":5}},"type":"if","locations":[{"start":{"line":234,"column":4},"end":{"line":237,"column":5}},{"start":{},"end":{}}],"line":234},"10":{"loc":{"start":{"line":238,"column":4},"end":{"line":241,"column":5}},"type":"if","locations":[{"start":{"line":238,"column":4},"end":{"line":241,"column":5}},{"start":{},"end":{}}],"line":238},"11":{"loc":{"start":{"line":242,"column":4},"end":{"line":245,"column":5}},"type":"if","locations":[{"start":{"line":242,"column":4},"end":{"line":245,"column":5}},{"start":{},"end":{}}],"line":242},"12":{"loc":{"start":{"line":246,"column":4},"end":{"line":249,"column":5}},"type":"if","locations":[{"start":{"line":246,"column":4},"end":{"line":249,"column":5}},{"start":{},"end":{}}],"line":246},"13":{"loc":{"start":{"line":253,"column":4},"end":{"line":265,"column":5}},"type":"if","locations":[{"start":{"line":253,"column":4},"end":{"line":265,"column":5}},{"start":{},"end":{}}],"line":253},"14":{"loc":{"start":{"line":298,"column":12},"end":{"line":298,"column":96}},"type":"cond-expr","locations":[{"start":{"line":298,"column":32},"end":{"line":298,"column":89}},{"start":{"line":298,"column":92},"end":{"line":298,"column":96}}],"line":298},"15":{"loc":{"start":{"line":301,"column":14},"end":{"line":301,"column":89}},"type":"cond-expr","locations":[{"start":{"line":301,"column":30},"end":{"line":301,"column":82}},{"start":{"line":301,"column":85},"end":{"line":301,"column":89}}],"line":301},"16":{"loc":{"start":{"line":303,"column":12},"end":{"line":307,"column":28}},"type":"cond-expr","locations":[{"start":{"line":304,"column":12},"end":{"line":307,"column":20}},{"start":{"line":307,"column":24},"end":{"line":307,"column":28}}],"line":303}},"s":{"0":1,"1":1,"2":1,"3":1,"4":1,"5":1,"6":1,"7":1,"8":1,"9":1,"10":1,"11":1,"12":1,"13":1,"14":1,"15":1,"16":1,"17":1,"18":1,"19":1,"20":1,"21":1,"22":1,"23":1,"24":0,"25":0,"26":0,"27":0,"28":0,"29":0,"30":0,"31":0,"32":0,"33":0,"34":0,"35":0,"36":0,"37":0,"38":0,"39":0,"40":0,"41":0,"42":0,"43":0,"44":0,"45":0,"46":0,"47":0,"48":0,"49":0,"50":0,"51":0,"52":0,"53":0,"54":0,"55":0,"56":0,"57":0,"58":0,"59":0,"60":0,"61":0,"62":0,"63":0,"64":0,"65":0,"66":0,"67":0,"68":0,"69":0,"70":0,"71":0,"72":0,"73":0,"74":0,"75":0,"76":0,"77":0,"78":0,"79":0,"80":0,"81":0,"82":0,"83":0,"84":0,"85":0,"86":0,"87":0,"88":0,"89":0,"90":0,"91":0,"92":0,"93":0,"94":0,"95":0,"96":0,"97":0,"98":0,"99":0},"f":{"0":0,"1":0,"2":0,"3":0,"4":0,"5":0,"6":0,"7":0,"8":0,"9":0,"10":0,"11":0,"12":0,"13":0,"14":0,"15":0,"16":0,"17":0,"18":0,"19":0,"20":0},"b":{"0":[0,0],"1":[0,0],"2":[0,0],"3":[0,0],"4":[0,0],"5":[0,0],"6":[0,0],"7":[0,0],"8":[0,0],"9":[0,0],"10":[0,0],"11":[0,0],"12":[0,0],"13":[0,0],"14":[0,0],"15":[0,0],"16":[0,0]},"_coverageSchema":"1a1c01bbd47fc00a2c39e90264f33305004495a9","hash":"453eb072797ceceb4e32d70f0a3b911819bb3175"}
,"/Users/owenyoshishige/Documents/Hack_Reactor_SEI/fec/fec-client/src/components/Q&A/AddQModal.jsx": {"path":"/Users/owenyoshishige/Documents/Hack_Reactor_SEI/fec/fec-client/src/components/Q&A/AddQModal.jsx","statementMap":{"0":{"start":{"line":5,"column":21},"end":{"line":16,"column":1}},"1":{"start":{"line":18,"column":14},"end":{"line":26,"column":1}},"2":{"start":{"line":28,"column":15},"end":{"line":34,"column":1}},"3":{"start":{"line":36,"column":18},"end":{"line":40,"column":1}},"4":{"start":{"line":42,"column":14},"end":{"line":45,"column":1}},"5":{"start":{"line":47,"column":17},"end":{"line":50,"column":1}},"6":{"start":{"line":52,"column":19},"end":{"line":65,"column":1}},"7":{"start":{"line":67,"column":13},"end":{"line":71,"column":1}},"8":{"start":{"line":73,"column":14},"end":{"line":78,"column":1}},"9":{"start":{"line":80,"column":22},"end":{"line":82,"column":1}},"10":{"start":{"line":84,"column":17},"end":{"line":87,"column":1}},"11":{"start":{"line":89,"column":21},"end":{"line":92,"column":1}},"12":{"start":{"line":94,"column":21},"end":{"line":97,"column":1}},"13":{"start":{"line":99,"column":19},"end":{"line":101,"column":1}},"14":{"start":{"line":103,"column":20},"end":{"line":106,"column":1}},"15":{"start":{"line":108,"column":19},"end":{"line":108,"column":66}},"16":{"start":{"line":110,"column":18},"end":{"line":209,"column":1}},"17":{"start":{"line":111,"column":46},"end":{"line":111,"column":58}},"18":{"start":{"line":112,"column":34},"end":{"line":112,"column":46}},"19":{"start":{"line":113,"column":34},"end":{"line":113,"column":46}},"20":{"start":{"line":114,"column":28},"end":{"line":114,"column":40}},"21":{"start":{"line":116,"column":27},"end":{"line":124,"column":3}},"22":{"start":{"line":117,"column":4},"end":{"line":123,"column":5}},"23":{"start":{"line":118,"column":6},"end":{"line":118,"column":34}},"24":{"start":{"line":119,"column":11},"end":{"line":123,"column":5}},"25":{"start":{"line":120,"column":6},"end":{"line":120,"column":34}},"26":{"start":{"line":121,"column":11},"end":{"line":123,"column":5}},"27":{"start":{"line":122,"column":6},"end":{"line":122,"column":31}},"28":{"start":{"line":126,"column":21},"end":{"line":132,"column":3}},"29":{"start":{"line":127,"column":4},"end":{"line":127,"column":17}},"30":{"start":{"line":128,"column":4},"end":{"line":128,"column":20}},"31":{"start":{"line":129,"column":4},"end":{"line":129,"column":20}},"32":{"start":{"line":130,"column":4},"end":{"line":130,"column":26}},"33":{"start":{"line":131,"column":4},"end":{"line":131,"column":11}},"34":{"start":{"line":134,"column":23},"end":{"line":168,"column":3}},"35":{"start":{"line":135,"column":4},"end":{"line":135,"column":23}},"36":{"start":{"line":136,"column":4},"end":{"line":136,"column":26}},"37":{"start":{"line":137,"column":16},"end":{"line":137,"column":20}},"38":{"start":{"line":138,"column":18},"end":{"line":138,"column":20}},"39":{"start":{"line":140,"column":4},"end":{"line":143,"column":5}},"40":{"start":{"line":141,"column":6},"end":{"line":141,"column":33}},"41":{"start":{"line":142,"column":6},"end":{"line":142,"column":20}},"42":{"start":{"line":144,"column":4},"end":{"line":147,"column":5}},"43":{"start":{"line":145,"column":6},"end":{"line":145,"column":36}},"44":{"start":{"line":146,"column":6},"end":{"line":146,"column":20}},"45":{"start":{"line":148,"column":4},"end":{"line":151,"column":5}},"46":{"start":{"line":149,"column":6},"end":{"line":149,"column":36}},"47":{"start":{"line":150,"column":6},"end":{"line":150,"column":20}},"48":{"start":{"line":153,"column":4},"end":{"line":153,"column":31}},"49":{"start":{"line":155,"column":4},"end":{"line":167,"column":5}},"50":{"start":{"line":156,"column":17},"end":{"line":161,"column":7}},"51":{"start":{"line":162,"column":6},"end":{"line":162,"column":30}},"52":{"start":{"line":163,"column":6},"end":{"line":163,"column":19}},"53":{"start":{"line":164,"column":6},"end":{"line":164,"column":22}},"54":{"start":{"line":165,"column":6},"end":{"line":165,"column":22}},"55":{"start":{"line":166,"column":6},"end":{"line":166,"column":13}},"56":{"start":{"line":170,"column":2},"end":{"line":208,"column":11}},"57":{"start":{"line":172,"column":35},"end":{"line":172,"column":51}},"58":{"start":{"line":173,"column":31},"end":{"line":173,"column":50}},"59":{"start":{"line":179,"column":39},"end":{"line":179,"column":55}},"60":{"start":{"line":186,"column":129},"end":{"line":186,"column":148}},"61":{"start":{"line":191,"column":130},"end":{"line":191,"column":149}},"62":{"start":{"line":196,"column":90},"end":{"line":196,"column":109}},"63":{"start":{"line":201,"column":67},"end":{"line":201,"column":93}}},"fnMap":{"0":{"name":"(anonymous_0)","decl":{"start":{"line":110,"column":18},"end":{"line":110,"column":19}},"loc":{"start":{"line":110,"column":81},"end":{"line":209,"column":1}},"line":110},"1":{"name":"(anonymous_1)","decl":{"start":{"line":116,"column":27},"end":{"line":116,"column":28}},"loc":{"start":{"line":116,"column":34},"end":{"line":124,"column":3}},"line":116},"2":{"name":"(anonymous_2)","decl":{"start":{"line":126,"column":21},"end":{"line":126,"column":22}},"loc":{"start":{"line":126,"column":31},"end":{"line":132,"column":3}},"line":126},"3":{"name":"(anonymous_3)","decl":{"start":{"line":134,"column":23},"end":{"line":134,"column":24}},"loc":{"start":{"line":134,"column":30},"end":{"line":168,"column":3}},"line":134},"4":{"name":"(anonymous_4)","decl":{"start":{"line":172,"column":29},"end":{"line":172,"column":30}},"loc":{"start":{"line":172,"column":35},"end":{"line":172,"column":51}},"line":172},"5":{"name":"(anonymous_5)","decl":{"start":{"line":173,"column":24},"end":{"line":173,"column":25}},"loc":{"start":{"line":173,"column":31},"end":{"line":173,"column":50}},"line":173},"6":{"name":"(anonymous_6)","decl":{"start":{"line":179,"column":33},"end":{"line":179,"column":34}},"loc":{"start":{"line":179,"column":39},"end":{"line":179,"column":55}},"line":179},"7":{"name":"(anonymous_7)","decl":{"start":{"line":186,"column":122},"end":{"line":186,"column":123}},"loc":{"start":{"line":186,"column":129},"end":{"line":186,"column":148}},"line":186},"8":{"name":"(anonymous_8)","decl":{"start":{"line":191,"column":123},"end":{"line":191,"column":124}},"loc":{"start":{"line":191,"column":130},"end":{"line":191,"column":149}},"line":191},"9":{"name":"(anonymous_9)","decl":{"start":{"line":196,"column":83},"end":{"line":196,"column":84}},"loc":{"start":{"line":196,"column":90},"end":{"line":196,"column":109}},"line":196},"10":{"name":"(anonymous_10)","decl":{"start":{"line":201,"column":51},"end":{"line":201,"column":52}},"loc":{"start":{"line":201,"column":67},"end":{"line":201,"column":93}},"line":201}},"branchMap":{"0":{"loc":{"start":{"line":117,"column":4},"end":{"line":123,"column":5}},"type":"if","locations":[{"start":{"line":117,"column":4},"end":{"line":123,"column":5}},{"start":{"line":119,"column":11},"end":{"line":123,"column":5}}],"line":117},"1":{"loc":{"start":{"line":117,"column":8},"end":{"line":117,"column":62}},"type":"binary-expr","locations":[{"start":{"line":117,"column":8},"end":{"line":117,"column":36}},{"start":{"line":117,"column":40},"end":{"line":117,"column":62}}],"line":117},"2":{"loc":{"start":{"line":119,"column":11},"end":{"line":123,"column":5}},"type":"if","locations":[{"start":{"line":119,"column":11},"end":{"line":123,"column":5}},{"start":{"line":121,"column":11},"end":{"line":123,"column":5}}],"line":119},"3":{"loc":{"start":{"line":119,"column":15},"end":{"line":119,"column":67}},"type":"binary-expr","locations":[{"start":{"line":119,"column":15},"end":{"line":119,"column":43}},{"start":{"line":119,"column":47},"end":{"line":119,"column":67}}],"line":119},"4":{"loc":{"start":{"line":121,"column":11},"end":{"line":123,"column":5}},"type":"if","locations":[{"start":{"line":121,"column":11},"end":{"line":123,"column":5}},{"start":{},"end":{}}],"line":121},"5":{"loc":{"start":{"line":121,"column":15},"end":{"line":121,"column":61}},"type":"binary-expr","locations":[{"start":{"line":121,"column":15},"end":{"line":121,"column":40}},{"start":{"line":121,"column":44},"end":{"line":121,"column":61}}],"line":121},"6":{"loc":{"start":{"line":140,"column":4},"end":{"line":143,"column":5}},"type":"if","locations":[{"start":{"line":140,"column":4},"end":{"line":143,"column":5}},{"start":{},"end":{}}],"line":140},"7":{"loc":{"start":{"line":144,"column":4},"end":{"line":147,"column":5}},"type":"if","locations":[{"start":{"line":144,"column":4},"end":{"line":147,"column":5}},{"start":{},"end":{}}],"line":144},"8":{"loc":{"start":{"line":148,"column":4},"end":{"line":151,"column":5}},"type":"if","locations":[{"start":{"line":148,"column":4},"end":{"line":151,"column":5}},{"start":{},"end":{}}],"line":148},"9":{"loc":{"start":{"line":155,"column":4},"end":{"line":167,"column":5}},"type":"if","locations":[{"start":{"line":155,"column":4},"end":{"line":167,"column":5}},{"start":{},"end":{}}],"line":155},"10":{"loc":{"start":{"line":170,"column":9},"end":{"line":208,"column":10}},"type":"cond-expr","locations":[{"start":{"line":170,"column":16},"end":{"line":208,"column":3}},{"start":{"line":208,"column":6},"end":{"line":208,"column":10}}],"line":170},"11":{"loc":{"start":{"line":198,"column":14},"end":{"line":202,"column":32}},"type":"cond-expr","locations":[{"start":{"line":199,"column":16},"end":{"line":202,"column":24}},{"start":{"line":202,"column":28},"end":{"line":202,"column":32}}],"line":198}},"s":{"0":1,"1":1,"2":1,"3":1,"4":1,"5":1,"6":1,"7":1,"8":1,"9":1,"10":1,"11":1,"12":1,"13":1,"14":1,"15":1,"16":1,"17":8,"18":8,"19":8,"20":8,"21":8,"22":0,"23":0,"24":0,"25":0,"26":0,"27":0,"28":8,"29":0,"30":0,"31":0,"32":0,"33":0,"34":8,"35":0,"36":0,"37":0,"38":0,"39":0,"40":0,"41":0,"42":0,"43":0,"44":0,"45":0,"46":0,"47":0,"48":0,"49":0,"50":0,"51":0,"52":0,"53":0,"54":0,"55":0,"56":8,"57":0,"58":0,"59":0,"60":0,"61":0,"62":0,"63":0},"f":{"0":8,"1":0,"2":0,"3":0,"4":0,"5":0,"6":0,"7":0,"8":0,"9":0,"10":0},"b":{"0":[0,0],"1":[0,0],"2":[0,0],"3":[0,0],"4":[0,0],"5":[0,0],"6":[0,0],"7":[0,0],"8":[0,0],"9":[0,0],"10":[0,8],"11":[0,0]},"_coverageSchema":"1a1c01bbd47fc00a2c39e90264f33305004495a9","hash":"ed10a0fcb639581179a2f9257f88dc372bd7ddb2"}
,"/Users/owenyoshishige/Documents/Hack_Reactor_SEI/fec/fec-client/src/components/Q&A/PhotoModal.jsx": {"path":"/Users/owenyoshishige/Documents/Hack_Reactor_SEI/fec/fec-client/src/components/Q&A/PhotoModal.jsx","statementMap":{"0":{"start":{"line":6,"column":21},"end":{"line":17,"column":1}},"1":{"start":{"line":19,"column":23},"end":{"line":27,"column":1}},"2":{"start":{"line":29,"column":14},"end":{"line":37,"column":1}},"3":{"start":{"line":39,"column":19},"end":{"line":54,"column":1}},"4":{"start":{"line":56,"column":19},"end":{"line":67,"column":1}},"5":{"start":{"line":57,"column":20},"end":{"line":57,"column":50}},"6":{"start":{"line":59,"column":2},"end":{"line":66,"column":16}},"7":{"start":{"line":61,"column":38},"end":{"line":61,"column":57}}},"fnMap":{"0":{"name":"(anonymous_0)","decl":{"start":{"line":56,"column":19},"end":{"line":56,"column":20}},"loc":{"start":{"line":56,"column":38},"end":{"line":67,"column":1}},"line":56},"1":{"name":"(anonymous_1)","decl":{"start":{"line":61,"column":31},"end":{"line":61,"column":32}},"loc":{"start":{"line":61,"column":38},"end":{"line":61,"column":57}},"line":61}},"branchMap":{},"s":{"0":1,"1":1,"2":1,"3":1,"4":1,"5":0,"6":0,"7":0},"f":{"0":0,"1":0},"b":{},"_coverageSchema":"1a1c01bbd47fc00a2c39e90264f33305004495a9","hash":"bbf4b233f74732af0792d9c6a53bdef9685a645b"}
,"/Users/owenyoshishige/Documents/Hack_Reactor_SEI/fec/fec-client/src/components/Q&A/QA.jsx": {"path":"/Users/owenyoshishige/Documents/Hack_Reactor_SEI/fec/fec-client/src/components/Q&A/QA.jsx","statementMap":{"0":{"start":{"line":7,"column":24},"end":{"line":7,"column":84}},"1":{"start":{"line":9,"column":21},"end":{"line":12,"column":1}},"2":{"start":{"line":14,"column":24},"end":{"line":18,"column":1}},"3":{"start":{"line":20,"column":15},"end":{"line":29,"column":1}},"4":{"start":{"line":31,"column":19},"end":{"line":36,"column":1}},"5":{"start":{"line":38,"column":20},"end":{"line":44,"column":1}},"6":{"start":{"line":46,"column":19},"end":{"line":52,"column":1}},"7":{"start":{"line":54,"column":11},"end":{"line":56,"column":1}},"8":{"start":{"line":58,"column":11},"end":{"line":160,"column":1}},"9":{"start":{"line":59,"column":18},"end":{"line":59,"column":28}},"10":{"start":{"line":60,"column":19},"end":{"line":60,"column":29}},"11":{"start":{"line":61,"column":21},"end":{"line":61,"column":33}},"12":{"start":{"line":63,"column":30},"end":{"line":63,"column":45}},"13":{"start":{"line":64,"column":26},"end":{"line":64,"column":44}},"14":{"start":{"line":65,"column":40},"end":{"line":65,"column":52}},"15":{"start":{"line":66,"column":26},"end":{"line":66,"column":38}},"16":{"start":{"line":67,"column":37},"end":{"line":67,"column":67}},"17":{"start":{"line":68,"column":30},"end":{"line":68,"column":45}},"18":{"start":{"line":70,"column":22},"end":{"line":78,"column":3}},"19":{"start":{"line":71,"column":4},"end":{"line":77,"column":70}},"20":{"start":{"line":73,"column":8},"end":{"line":73,"column":43}},"21":{"start":{"line":74,"column":8},"end":{"line":74,"column":56}},"22":{"start":{"line":75,"column":8},"end":{"line":75,"column":44}},"23":{"start":{"line":77,"column":22},"end":{"line":77,"column":68}},"24":{"start":{"line":80,"column":31},"end":{"line":83,"column":3}},"25":{"start":{"line":81,"column":4},"end":{"line":81,"column":20}},"26":{"start":{"line":82,"column":4},"end":{"line":82,"column":26}},"27":{"start":{"line":85,"column":30},"end":{"line":88,"column":3}},"28":{"start":{"line":86,"column":4},"end":{"line":86,"column":55}},"29":{"start":{"line":87,"column":4},"end":{"line":87,"column":67}},"30":{"start":{"line":90,"column":29},"end":{"line":92,"column":3}},"31":{"start":{"line":91,"column":4},"end":{"line":91,"column":23}},"32":{"start":{"line":94,"column":28},"end":{"line":98,"column":3}},"33":{"start":{"line":95,"column":4},"end":{"line":97,"column":95}},"34":{"start":{"line":96,"column":21},"end":{"line":96,"column":34}},"35":{"start":{"line":97,"column":22},"end":{"line":97,"column":93}},"36":{"start":{"line":100,"column":2},"end":{"line":115,"column":20}},"37":{"start":{"line":101,"column":4},"end":{"line":114,"column":5}},"38":{"start":{"line":102,"column":6},"end":{"line":102,"column":24}},"39":{"start":{"line":103,"column":27},"end":{"line":103,"column":29}},"40":{"start":{"line":104,"column":6},"end":{"line":104,"column":33}},"41":{"start":{"line":105,"column":6},"end":{"line":107,"column":7}},"42":{"start":{"line":106,"column":8},"end":{"line":106,"column":111}},"43":{"start":{"line":109,"column":6},"end":{"line":109,"column":28}},"44":{"start":{"line":111,"column":6},"end":{"line":111,"column":24}},"45":{"start":{"line":112,"column":6},"end":{"line":112,"column":32}},"46":{"start":{"line":113,"column":6},"end":{"line":113,"column":30}},"47":{"start":{"line":117,"column":2},"end":{"line":125,"column":9}},"48":{"start":{"line":118,"column":4},"end":{"line":124,"column":70}},"49":{"start":{"line":120,"column":8},"end":{"line":120,"column":43}},"50":{"start":{"line":121,"column":8},"end":{"line":121,"column":56}},"51":{"start":{"line":122,"column":8},"end":{"line":122,"column":44}},"52":{"start":{"line":124,"column":22},"end":{"line":124,"column":68}},"53":{"start":{"line":127,"column":21},"end":{"line":132,"column":3}},"54":{"start":{"line":134,"column":22},"end":{"line":143,"column":3}},"55":{"start":{"line":145,"column":2},"end":{"line":159,"column":4}},"56":{"start":{"line":149,"column":90},"end":{"line":149,"column":120}},"57":{"start":{"line":157,"column":43},"end":{"line":157,"column":61}}},"fnMap":{"0":{"name":"(anonymous_0)","decl":{"start":{"line":58,"column":11},"end":{"line":58,"column":12}},"loc":{"start":{"line":58,"column":41},"end":{"line":160,"column":1}},"line":58},"1":{"name":"(anonymous_1)","decl":{"start":{"line":70,"column":22},"end":{"line":70,"column":23}},"loc":{"start":{"line":70,"column":28},"end":{"line":78,"column":3}},"line":70},"2":{"name":"(anonymous_2)","decl":{"start":{"line":72,"column":12},"end":{"line":72,"column":13}},"loc":{"start":{"line":72,"column":21},"end":{"line":76,"column":7}},"line":72},"3":{"name":"(anonymous_3)","decl":{"start":{"line":77,"column":13},"end":{"line":77,"column":14}},"loc":{"start":{"line":77,"column":22},"end":{"line":77,"column":68}},"line":77},"4":{"name":"(anonymous_4)","decl":{"start":{"line":80,"column":31},"end":{"line":80,"column":32}},"loc":{"start":{"line":80,"column":37},"end":{"line":83,"column":3}},"line":80},"5":{"name":"(anonymous_5)","decl":{"start":{"line":85,"column":30},"end":{"line":85,"column":31}},"loc":{"start":{"line":85,"column":36},"end":{"line":88,"column":3}},"line":85},"6":{"name":"(anonymous_6)","decl":{"start":{"line":90,"column":29},"end":{"line":90,"column":30}},"loc":{"start":{"line":90,"column":35},"end":{"line":92,"column":3}},"line":90},"7":{"name":"(anonymous_7)","decl":{"start":{"line":94,"column":28},"end":{"line":94,"column":29}},"loc":{"start":{"line":94,"column":38},"end":{"line":98,"column":3}},"line":94},"8":{"name":"(anonymous_8)","decl":{"start":{"line":96,"column":12},"end":{"line":96,"column":13}},"loc":{"start":{"line":96,"column":21},"end":{"line":96,"column":34}},"line":96},"9":{"name":"(anonymous_9)","decl":{"start":{"line":97,"column":13},"end":{"line":97,"column":14}},"loc":{"start":{"line":97,"column":22},"end":{"line":97,"column":93}},"line":97},"10":{"name":"(anonymous_10)","decl":{"start":{"line":100,"column":12},"end":{"line":100,"column":13}},"loc":{"start":{"line":100,"column":18},"end":{"line":115,"column":3}},"line":100},"11":{"name":"(anonymous_11)","decl":{"start":{"line":117,"column":21},"end":{"line":117,"column":22}},"loc":{"start":{"line":117,"column":27},"end":{"line":125,"column":3}},"line":117},"12":{"name":"(anonymous_12)","decl":{"start":{"line":119,"column":12},"end":{"line":119,"column":13}},"loc":{"start":{"line":119,"column":21},"end":{"line":123,"column":7}},"line":119},"13":{"name":"(anonymous_13)","decl":{"start":{"line":124,"column":13},"end":{"line":124,"column":14}},"loc":{"start":{"line":124,"column":22},"end":{"line":124,"column":68}},"line":124},"14":{"name":"(anonymous_14)","decl":{"start":{"line":149,"column":85},"end":{"line":149,"column":86}},"loc":{"start":{"line":149,"column":90},"end":{"line":149,"column":120}},"line":149},"15":{"name":"(anonymous_15)","decl":{"start":{"line":157,"column":37},"end":{"line":157,"column":38}},"loc":{"start":{"line":157,"column":43},"end":{"line":157,"column":61}},"line":157}},"branchMap":{"0":{"loc":{"start":{"line":101,"column":4},"end":{"line":114,"column":5}},"type":"if","locations":[{"start":{"line":101,"column":4},"end":{"line":114,"column":5}},{"start":{"line":110,"column":11},"end":{"line":114,"column":5}}],"line":101},"1":{"loc":{"start":{"line":106,"column":8},"end":{"line":106,"column":110}},"type":"cond-expr","locations":[{"start":{"line":106,"column":76},"end":{"line":106,"column":98}},{"start":{"line":106,"column":101},"end":{"line":106,"column":110}}],"line":106},"2":{"loc":{"start":{"line":154,"column":9},"end":{"line":154,"column":175}},"type":"cond-expr","locations":[{"start":{"line":154,"column":102},"end":{"line":154,"column":168}},{"start":{"line":154,"column":171},"end":{"line":154,"column":175}}],"line":154},"3":{"loc":{"start":{"line":154,"column":9},"end":{"line":154,"column":99}},"type":"binary-expr","locations":[{"start":{"line":154,"column":9},"end":{"line":154,"column":35}},{"start":{"line":154,"column":39},"end":{"line":154,"column":77}},{"start":{"line":154,"column":81},"end":{"line":154,"column":99}}],"line":154}},"s":{"0":1,"1":1,"2":1,"3":1,"4":1,"5":1,"6":1,"7":1,"8":1,"9":8,"10":8,"11":8,"12":8,"13":8,"14":8,"15":8,"16":8,"17":8,"18":8,"19":0,"20":0,"21":0,"22":0,"23":0,"24":8,"25":0,"26":0,"27":8,"28":0,"29":0,"30":8,"31":0,"32":8,"33":0,"34":0,"35":0,"36":8,"37":4,"38":0,"39":0,"40":0,"41":0,"42":0,"43":0,"44":4,"45":4,"46":4,"47":8,"48":4,"49":0,"50":0,"51":0,"52":0,"53":8,"54":8,"55":8,"56":0,"57":0},"f":{"0":8,"1":0,"2":0,"3":0,"4":0,"5":0,"6":0,"7":0,"8":0,"9":0,"10":4,"11":4,"12":0,"13":0,"14":0,"15":0},"b":{"0":[0,4],"1":[0,0],"2":[0,8],"3":[8,0,0]},"_coverageSchema":"1a1c01bbd47fc00a2c39e90264f33305004495a9","hash":"d55554a9ac1c52e874f49e8c149114a02be9b04e"}
,"/Users/owenyoshishige/Documents/Hack_Reactor_SEI/fec/fec-client/src/components/Q&A/QAList.jsx": {"path":"/Users/owenyoshishige/Documents/Hack_Reactor_SEI/fec/fec-client/src/components/Q&A/QAList.jsx","statementMap":{"0":{"start":{"line":7,"column":24},"end":{"line":14,"column":1}},"1":{"start":{"line":16,"column":15},"end":{"line":57,"column":1}},"2":{"start":{"line":17,"column":19},"end":{"line":17,"column":89}},"3":{"start":{"line":17,"column":41},"end":{"line":17,"column":88}},"4":{"start":{"line":18,"column":14},"end":{"line":18,"column":22}},"5":{"start":{"line":19,"column":23},"end":{"line":19,"column":31}},"6":{"start":{"line":21,"column":2},"end":{"line":50,"column":15}},"7":{"start":{"line":22,"column":21},"end":{"line":31,"column":5}},"8":{"start":{"line":23,"column":18},"end":{"line":23,"column":28}},"9":{"start":{"line":25,"column":6},"end":{"line":30,"column":7}},"10":{"start":{"line":26,"column":8},"end":{"line":26,"column":41}},"11":{"start":{"line":27,"column":13},"end":{"line":30,"column":7}},"12":{"start":{"line":28,"column":8},"end":{"line":28,"column":41}},"13":{"start":{"line":29,"column":8},"end":{"line":29,"column":30}},"14":{"start":{"line":33,"column":23},"end":{"line":37,"column":5}},"15":{"start":{"line":39,"column":21},"end":{"line":39,"column":67}},"16":{"start":{"line":40,"column":19},"end":{"line":40,"column":51}},"17":{"start":{"line":42,"column":4},"end":{"line":49,"column":5}},"18":{"start":{"line":43,"column":6},"end":{"line":46,"column":7}},"19":{"start":{"line":44,"column":8},"end":{"line":44,"column":56}},"20":{"start":{"line":45,"column":8},"end":{"line":45,"column":63}},"21":{"start":{"line":48,"column":6},"end":{"line":48,"column":28}},"22":{"start":{"line":52,"column":2},"end":{"line":56,"column":4}},"23":{"start":{"line":54,"column":51},"end":{"line":54,"column":165}}},"fnMap":{"0":{"name":"(anonymous_0)","decl":{"start":{"line":16,"column":15},"end":{"line":16,"column":16}},"loc":{"start":{"line":16,"column":110},"end":{"line":57,"column":1}},"line":16},"1":{"name":"(anonymous_1)","decl":{"start":{"line":17,"column":31},"end":{"line":17,"column":32}},"loc":{"start":{"line":17,"column":41},"end":{"line":17,"column":88}},"line":17},"2":{"name":"(anonymous_2)","decl":{"start":{"line":21,"column":12},"end":{"line":21,"column":13}},"loc":{"start":{"line":21,"column":18},"end":{"line":50,"column":3}},"line":21},"3":{"name":"(anonymous_3)","decl":{"start":{"line":22,"column":21},"end":{"line":22,"column":22}},"loc":{"start":{"line":22,"column":44},"end":{"line":31,"column":5}},"line":22},"4":{"name":"(anonymous_4)","decl":{"start":{"line":54,"column":37},"end":{"line":54,"column":38}},"loc":{"start":{"line":54,"column":51},"end":{"line":54,"column":165}},"line":54}},"branchMap":{"0":{"loc":{"start":{"line":25,"column":6},"end":{"line":30,"column":7}},"type":"if","locations":[{"start":{"line":25,"column":6},"end":{"line":30,"column":7}},{"start":{"line":27,"column":13},"end":{"line":30,"column":7}}],"line":25},"1":{"loc":{"start":{"line":27,"column":13},"end":{"line":30,"column":7}},"type":"if","locations":[{"start":{"line":27,"column":13},"end":{"line":30,"column":7}},{"start":{},"end":{}}],"line":27},"2":{"loc":{"start":{"line":27,"column":17},"end":{"line":27,"column":106}},"type":"binary-expr","locations":[{"start":{"line":27,"column":17},"end":{"line":27,"column":37}},{"start":{"line":27,"column":41},"end":{"line":27,"column":58}},{"start":{"line":27,"column":62},"end":{"line":27,"column":79}},{"start":{"line":27,"column":83},"end":{"line":27,"column":106}}],"line":27},"3":{"loc":{"start":{"line":42,"column":4},"end":{"line":49,"column":5}},"type":"if","locations":[{"start":{"line":42,"column":4},"end":{"line":49,"column":5}},{"start":{"line":47,"column":11},"end":{"line":49,"column":5}}],"line":42},"4":{"loc":{"start":{"line":43,"column":6},"end":{"line":46,"column":7}},"type":"if","locations":[{"start":{"line":43,"column":6},"end":{"line":46,"column":7}},{"start":{},"end":{}}],"line":43},"5":{"loc":{"start":{"line":54,"column":6},"end":{"line":54,"column":174}},"type":"cond-expr","locations":[{"start":{"line":54,"column":22},"end":{"line":54,"column":167}},{"start":{"line":54,"column":170},"end":{"line":54,"column":174}}],"line":54}},"s":{"0":1,"1":1,"2":8,"3":0,"4":8,"5":8,"6":8,"7":8,"8":0,"9":0,"10":0,"11":0,"12":0,"13":0,"14":8,"15":8,"16":8,"17":8,"18":0,"19":0,"20":0,"21":8,"22":8,"23":0},"f":{"0":8,"1":0,"2":8,"3":0,"4":0},"b":{"0":[0,0],"1":[0,0],"2":[0,0,0,0],"3":[0,8],"4":[0,0],"5":[0,8]},"_coverageSchema":"1a1c01bbd47fc00a2c39e90264f33305004495a9","hash":"e7c26d2e9e2574273286cfe808670a0f40bc37b8"}
,"/Users/owenyoshishige/Documents/Hack_Reactor_SEI/fec/fec-client/src/components/Q&A/QAListEntry.jsx": {"path":"/Users/owenyoshishige/Documents/Hack_Reactor_SEI/fec/fec-client/src/components/Q&A/QAListEntry.jsx","statementMap":{"0":{"start":{"line":7,"column":21},"end":{"line":10,"column":1}},"1":{"start":{"line":12,"column":21},"end":{"line":15,"column":1}},"2":{"start":{"line":17,"column":20},"end":{"line":19,"column":1}},"3":{"start":{"line":21,"column":14},"end":{"line":24,"column":1}},"4":{"start":{"line":26,"column":19},"end":{"line":29,"column":1}},"5":{"start":{"line":31,"column":14},"end":{"line":36,"column":1}},"6":{"start":{"line":38,"column":18},"end":{"line":41,"column":1}},"7":{"start":{"line":43,"column":19},"end":{"line":48,"column":1}},"8":{"start":{"line":50,"column":13},"end":{"line":58,"column":1}},"9":{"start":{"line":56,"column":23},"end":{"line":56,"column":47}},"10":{"start":{"line":60,"column":15},"end":{"line":72,"column":1}},"11":{"start":{"line":74,"column":20},"end":{"line":76,"column":1}},"12":{"start":{"line":78,"column":19},"end":{"line":84,"column":1}},"13":{"start":{"line":79,"column":15},"end":{"line":79,"column":17}},"14":{"start":{"line":80,"column":16},"end":{"line":80,"column":18}},"15":{"start":{"line":81,"column":2},"end":{"line":81,"column":153}},"16":{"start":{"line":81,"column":30},"end":{"line":81,"column":151}},"17":{"start":{"line":83,"column":2},"end":{"line":83,"column":33}},"18":{"start":{"line":86,"column":20},"end":{"line":157,"column":1}},"19":{"start":{"line":87,"column":19},"end":{"line":87,"column":51}},"20":{"start":{"line":88,"column":18},"end":{"line":88,"column":37}},"21":{"start":{"line":89,"column":23},"end":{"line":89,"column":110}},"22":{"start":{"line":89,"column":69},"end":{"line":89,"column":104}},"23":{"start":{"line":91,"column":24},"end":{"line":91,"column":58}},"24":{"start":{"line":92,"column":25},"end":{"line":92,"column":38}},"25":{"start":{"line":94,"column":28},"end":{"line":94,"column":67}},"26":{"start":{"line":95,"column":38},"end":{"line":95,"column":66}},"27":{"start":{"line":96,"column":32},"end":{"line":96,"column":75}},"28":{"start":{"line":97,"column":36},"end":{"line":97,"column":51}},"29":{"start":{"line":98,"column":30},"end":{"line":98,"column":48}},"30":{"start":{"line":100,"column":31},"end":{"line":103,"column":3}},"31":{"start":{"line":101,"column":4},"end":{"line":101,"column":110}},"32":{"start":{"line":102,"column":4},"end":{"line":102,"column":109}},"33":{"start":{"line":105,"column":26},"end":{"line":107,"column":3}},"34":{"start":{"line":106,"column":4},"end":{"line":106,"column":23}},"35":{"start":{"line":109,"column":27},"end":{"line":117,"column":3}},"36":{"start":{"line":110,"column":4},"end":{"line":116,"column":5}},"37":{"start":{"line":111,"column":6},"end":{"line":111,"column":36}},"38":{"start":{"line":112,"column":6},"end":{"line":112,"column":26}},"39":{"start":{"line":113,"column":6},"end":{"line":115,"column":86}},"40":{"start":{"line":114,"column":23},"end":{"line":114,"column":32}},"41":{"start":{"line":115,"column":24},"end":{"line":115,"column":84}},"42":{"start":{"line":119,"column":23},"end":{"line":124,"column":3}},"43":{"start":{"line":120,"column":4},"end":{"line":120,"column":62}},"44":{"start":{"line":121,"column":4},"end":{"line":123,"column":82}},"45":{"start":{"line":122,"column":21},"end":{"line":122,"column":30}},"46":{"start":{"line":123,"column":22},"end":{"line":123,"column":80}},"47":{"start":{"line":126,"column":21},"end":{"line":131,"column":3}},"48":{"start":{"line":133,"column":2},"end":{"line":156,"column":4}},"49":{"start":{"line":150,"column":57},"end":{"line":150,"column":124}},"50":{"start":{"line":154,"column":43},"end":{"line":154,"column":62}}},"fnMap":{"0":{"name":"(anonymous_0)","decl":{"start":{"line":56,"column":14},"end":{"line":56,"column":15}},"loc":{"start":{"line":56,"column":23},"end":{"line":56,"column":47}},"line":56},"1":{"name":"(anonymous_1)","decl":{"start":{"line":78,"column":19},"end":{"line":78,"column":20}},"loc":{"start":{"line":78,"column":32},"end":{"line":84,"column":1}},"line":78},"2":{"name":"(anonymous_2)","decl":{"start":{"line":81,"column":18},"end":{"line":81,"column":19}},"loc":{"start":{"line":81,"column":30},"end":{"line":81,"column":151}},"line":81},"3":{"name":"(anonymous_3)","decl":{"start":{"line":86,"column":20},"end":{"line":86,"column":21}},"loc":{"start":{"line":86,"column":73},"end":{"line":157,"column":1}},"line":86},"4":{"name":"(anonymous_4)","decl":{"start":{"line":89,"column":59},"end":{"line":89,"column":60}},"loc":{"start":{"line":89,"column":69},"end":{"line":89,"column":104}},"line":89},"5":{"name":"(anonymous_5)","decl":{"start":{"line":100,"column":31},"end":{"line":100,"column":32}},"loc":{"start":{"line":100,"column":37},"end":{"line":103,"column":3}},"line":100},"6":{"name":"(anonymous_6)","decl":{"start":{"line":105,"column":26},"end":{"line":105,"column":27}},"loc":{"start":{"line":105,"column":32},"end":{"line":107,"column":3}},"line":105},"7":{"name":"(anonymous_7)","decl":{"start":{"line":109,"column":27},"end":{"line":109,"column":28}},"loc":{"start":{"line":109,"column":33},"end":{"line":117,"column":3}},"line":109},"8":{"name":"(anonymous_8)","decl":{"start":{"line":114,"column":14},"end":{"line":114,"column":15}},"loc":{"start":{"line":114,"column":23},"end":{"line":114,"column":32}},"line":114},"9":{"name":"(anonymous_9)","decl":{"start":{"line":115,"column":15},"end":{"line":115,"column":16}},"loc":{"start":{"line":115,"column":24},"end":{"line":115,"column":84}},"line":115},"10":{"name":"(anonymous_10)","decl":{"start":{"line":119,"column":23},"end":{"line":119,"column":24}},"loc":{"start":{"line":119,"column":29},"end":{"line":124,"column":3}},"line":119},"11":{"name":"(anonymous_11)","decl":{"start":{"line":122,"column":12},"end":{"line":122,"column":13}},"loc":{"start":{"line":122,"column":21},"end":{"line":122,"column":30}},"line":122},"12":{"name":"(anonymous_12)","decl":{"start":{"line":123,"column":13},"end":{"line":123,"column":14}},"loc":{"start":{"line":123,"column":22},"end":{"line":123,"column":80}},"line":123},"13":{"name":"(anonymous_13)","decl":{"start":{"line":150,"column":40},"end":{"line":150,"column":41}},"loc":{"start":{"line":150,"column":57},"end":{"line":150,"column":124}},"line":150},"14":{"name":"(anonymous_14)","decl":{"start":{"line":154,"column":37},"end":{"line":154,"column":38}},"loc":{"start":{"line":154,"column":43},"end":{"line":154,"column":62}},"line":154}},"branchMap":{"0":{"loc":{"start":{"line":56,"column":23},"end":{"line":56,"column":47}},"type":"binary-expr","locations":[{"start":{"line":56,"column":23},"end":{"line":56,"column":34}},{"start":{"line":56,"column":38},"end":{"line":56,"column":47}}],"line":56},"1":{"loc":{"start":{"line":81,"column":30},"end":{"line":81,"column":151}},"type":"cond-expr","locations":[{"start":{"line":81,"column":109},"end":{"line":81,"column":129}},{"start":{"line":81,"column":132},"end":{"line":81,"column":151}}],"line":81},"2":{"loc":{"start":{"line":81,"column":30},"end":{"line":81,"column":106}},"type":"binary-expr","locations":[{"start":{"line":81,"column":30},"end":{"line":81,"column":66}},{"start":{"line":81,"column":70},"end":{"line":81,"column":106}}],"line":81},"3":{"loc":{"start":{"line":89,"column":23},"end":{"line":89,"column":110}},"type":"cond-expr","locations":[{"start":{"line":89,"column":43},"end":{"line":89,"column":105}},{"start":{"line":89,"column":108},"end":{"line":89,"column":110}}],"line":89},"4":{"loc":{"start":{"line":101,"column":4},"end":{"line":101,"column":109}},"type":"cond-expr","locations":[{"start":{"line":101,"column":40},"end":{"line":101,"column":73}},{"start":{"line":101,"column":76},"end":{"line":101,"column":109}}],"line":101},"5":{"loc":{"start":{"line":102,"column":4},"end":{"line":102,"column":108}},"type":"cond-expr","locations":[{"start":{"line":102,"column":27},"end":{"line":102,"column":60}},{"start":{"line":102,"column":63},"end":{"line":102,"column":108}}],"line":102},"6":{"loc":{"start":{"line":110,"column":4},"end":{"line":116,"column":5}},"type":"if","locations":[{"start":{"line":110,"column":4},"end":{"line":116,"column":5}},{"start":{},"end":{}}],"line":110},"7":{"loc":{"start":{"line":120,"column":4},"end":{"line":120,"column":61}},"type":"cond-expr","locations":[{"start":{"line":120,"column":28},"end":{"line":120,"column":49}},{"start":{"line":120,"column":52},"end":{"line":120,"column":61}}],"line":120},"8":{"loc":{"start":{"line":148,"column":9},"end":{"line":148,"column":50}},"type":"cond-expr","locations":[{"start":{"line":148,"column":26},"end":{"line":148,"column":43}},{"start":{"line":148,"column":46},"end":{"line":148,"column":50}}],"line":148},"9":{"loc":{"start":{"line":150,"column":11},"end":{"line":150,"column":132}},"type":"cond-expr","locations":[{"start":{"line":150,"column":28},"end":{"line":150,"column":125}},{"start":{"line":150,"column":128},"end":{"line":150,"column":132}}],"line":150},"10":{"loc":{"start":{"line":151,"column":11},"end":{"line":151,"column":120}},"type":"cond-expr","locations":[{"start":{"line":151,"column":35},"end":{"line":151,"column":113}},{"start":{"line":151,"column":116},"end":{"line":151,"column":120}}],"line":151},"11":{"loc":{"start":{"line":154,"column":8},"end":{"line":154,"column":88}},"type":"cond-expr","locations":[{"start":{"line":154,"column":20},"end":{"line":154,"column":81}},{"start":{"line":154,"column":84},"end":{"line":154,"column":88}}],"line":154}},"s":{"0":1,"1":1,"2":1,"3":1,"4":1,"5":1,"6":1,"7":1,"8":1,"9":0,"10":1,"11":1,"12":1,"13":0,"14":0,"15":0,"16":0,"17":0,"18":1,"19":0,"20":0,"21":0,"22":0,"23":0,"24":0,"25":0,"26":0,"27":0,"28":0,"29":0,"30":0,"31":0,"32":0,"33":0,"34":0,"35":0,"36":0,"37":0,"38":0,"39":0,"40":0,"41":0,"42":0,"43":0,"44":0,"45":0,"46":0,"47":0,"48":0,"49":0,"50":0},"f":{"0":0,"1":0,"2":0,"3":0,"4":0,"5":0,"6":0,"7":0,"8":0,"9":0,"10":0,"11":0,"12":0,"13":0,"14":0},"b":{"0":[0,0],"1":[0,0],"2":[0,0],"3":[0,0],"4":[0,0],"5":[0,0],"6":[0,0],"7":[0,0],"8":[0,0],"9":[0,0],"10":[0,0],"11":[0,0]},"_coverageSchema":"1a1c01bbd47fc00a2c39e90264f33305004495a9","hash":"35f11d6a5ccdf070075a36dc4c0666b423c87af3"}
,"/Users/owenyoshishige/Documents/Hack_Reactor_SEI/fec/fec-client/src/components/Ratings/countTotalAndAverage.js": {"path":"/Users/owenyoshishige/Documents/Hack_Reactor_SEI/fec/fec-client/src/components/Ratings/countTotalAndAverage.js","statementMap":{"0":{"start":{"line":1,"column":29},"end":{"line":10,"column":1}},"1":{"start":{"line":2,"column":14},"end":{"line":2,"column":15}},"2":{"start":{"line":3,"column":17},"end":{"line":3,"column":18}},"3":{"start":{"line":4,"column":2},"end":{"line":7,"column":3}},"4":{"start":{"line":5,"column":4},"end":{"line":5,"column":32}},"5":{"start":{"line":6,"column":4},"end":{"line":6,"column":51}},"6":{"start":{"line":8,"column":18},"end":{"line":8,"column":56}},"7":{"start":{"line":9,"column":2},"end":{"line":9,"column":26}}},"fnMap":{"0":{"name":"(anonymous_0)","decl":{"start":{"line":1,"column":29},"end":{"line":1,"column":30}},"loc":{"start":{"line":1,"column":38},"end":{"line":10,"column":1}},"line":1}},"branchMap":{},"s":{"0":1,"1":0,"2":0,"3":0,"4":0,"5":0,"6":0,"7":0},"f":{"0":0},"b":{},"_coverageSchema":"1a1c01bbd47fc00a2c39e90264f33305004495a9","hash":"29077ef2a7ec3c72489d5dd975db2305b99c3e54"}
,"/Users/owenyoshishige/Documents/Hack_Reactor_SEI/fec/fec-client/src/components/Ratings/index.jsx": {"path":"/Users/owenyoshishige/Documents/Hack_Reactor_SEI/fec/fec-client/src/components/Ratings/index.jsx","statementMap":{"0":{"start":{"line":10,"column":25},"end":{"line":12,"column":1}},"1":{"start":{"line":14,"column":16},"end":{"line":59,"column":1}},"2":{"start":{"line":15,"column":26},"end":{"line":15,"column":38}},"3":{"start":{"line":16,"column":40},"end":{"line":16,"column":52}},"4":{"start":{"line":17,"column":34},"end":{"line":17,"column":46}},"5":{"start":{"line":18,"column":32},"end":{"line":18,"column":58}},"6":{"start":{"line":20,"column":2},"end":{"line":27,"column":9}},"7":{"start":{"line":21,"column":4},"end":{"line":26,"column":40}},"8":{"start":{"line":23,"column":8},"end":{"line":23,"column":39}},"9":{"start":{"line":24,"column":8},"end":{"line":24,"column":46}},"10":{"start":{"line":26,"column":22},"end":{"line":26,"column":38}},"11":{"start":{"line":29,"column":2},"end":{"line":36,"column":9}},"12":{"start":{"line":30,"column":4},"end":{"line":35,"column":40}},"13":{"start":{"line":32,"column":8},"end":{"line":32,"column":35}},"14":{"start":{"line":33,"column":8},"end":{"line":33,"column":63}},"15":{"start":{"line":35,"column":22},"end":{"line":35,"column":38}},"16":{"start":{"line":38,"column":2},"end":{"line":44,"column":16}},"17":{"start":{"line":39,"column":4},"end":{"line":43,"column":5}},"18":{"start":{"line":40,"column":6},"end":{"line":40,"column":27}},"19":{"start":{"line":42,"column":6},"end":{"line":42,"column":78}},"20":{"start":{"line":42,"column":43},"end":{"line":42,"column":75}},"21":{"start":{"line":46,"column":25},"end":{"line":48,"column":3}},"22":{"start":{"line":47,"column":4},"end":{"line":47,"column":80}},"23":{"start":{"line":47,"column":41},"end":{"line":47,"column":77}},"24":{"start":{"line":50,"column":2},"end":{"line":57,"column":4}}},"fnMap":{"0":{"name":"(anonymous_0)","decl":{"start":{"line":14,"column":16},"end":{"line":14,"column":17}},"loc":{"start":{"line":14,"column":41},"end":{"line":59,"column":1}},"line":14},"1":{"name":"(anonymous_1)","decl":{"start":{"line":20,"column":12},"end":{"line":20,"column":13}},"loc":{"start":{"line":20,"column":18},"end":{"line":27,"column":3}},"line":20},"2":{"name":"(anonymous_2)","decl":{"start":{"line":22,"column":12},"end":{"line":22,"column":13}},"loc":{"start":{"line":22,"column":26},"end":{"line":25,"column":7}},"line":22},"3":{"name":"(anonymous_3)","decl":{"start":{"line":26,"column":13},"end":{"line":26,"column":14}},"loc":{"start":{"line":26,"column":22},"end":{"line":26,"column":38}},"line":26},"4":{"name":"(anonymous_4)","decl":{"start":{"line":29,"column":12},"end":{"line":29,"column":13}},"loc":{"start":{"line":29,"column":18},"end":{"line":36,"column":3}},"line":29},"5":{"name":"(anonymous_5)","decl":{"start":{"line":31,"column":12},"end":{"line":31,"column":13}},"loc":{"start":{"line":31,"column":26},"end":{"line":34,"column":7}},"line":31},"6":{"name":"(anonymous_6)","decl":{"start":{"line":35,"column":13},"end":{"line":35,"column":14}},"loc":{"start":{"line":35,"column":22},"end":{"line":35,"column":38}},"line":35},"7":{"name":"(anonymous_7)","decl":{"start":{"line":38,"column":12},"end":{"line":38,"column":13}},"loc":{"start":{"line":38,"column":18},"end":{"line":44,"column":3}},"line":38},"8":{"name":"(anonymous_8)","decl":{"start":{"line":42,"column":33},"end":{"line":42,"column":34}},"loc":{"start":{"line":42,"column":43},"end":{"line":42,"column":75}},"line":42},"9":{"name":"(anonymous_9)","decl":{"start":{"line":46,"column":25},"end":{"line":46,"column":26}},"loc":{"start":{"line":46,"column":37},"end":{"line":48,"column":3}},"line":46},"10":{"name":"(anonymous_10)","decl":{"start":{"line":47,"column":27},"end":{"line":47,"column":28}},"loc":{"start":{"line":47,"column":41},"end":{"line":47,"column":77}},"line":47}},"branchMap":{"0":{"loc":{"start":{"line":39,"column":4},"end":{"line":43,"column":5}},"type":"if","locations":[{"start":{"line":39,"column":4},"end":{"line":43,"column":5}},{"start":{"line":41,"column":11},"end":{"line":43,"column":5}}],"line":39},"1":{"loc":{"start":{"line":47,"column":41},"end":{"line":47,"column":77}},"type":"cond-expr","locations":[{"start":{"line":47,"column":64},"end":{"line":47,"column":73}},{"start":{"line":47,"column":76},"end":{"line":47,"column":77}}],"line":47}},"s":{"0":1,"1":1,"2":2,"3":2,"4":2,"5":2,"6":2,"7":1,"8":0,"9":0,"10":0,"11":2,"12":1,"13":0,"14":0,"15":0,"16":2,"17":1,"18":1,"19":0,"20":0,"21":2,"22":0,"23":0,"24":2},"f":{"0":2,"1":1,"2":0,"3":0,"4":1,"5":0,"6":0,"7":1,"8":0,"9":0,"10":0},"b":{"0":[1,0],"1":[0,0]},"_coverageSchema":"1a1c01bbd47fc00a2c39e90264f33305004495a9","hash":"d064250567409ce52de7908862a801d8771fdc2c"}
,"/Users/owenyoshishige/Documents/Hack_Reactor_SEI/fec/fec-client/src/components/Ratings/RatingsBreakdown/Factor.jsx": {"path":"/Users/owenyoshishige/Documents/Hack_Reactor_SEI/fec/fec-client/src/components/Ratings/RatingsBreakdown/Factor.jsx","statementMap":{"0":{"start":{"line":6,"column":24},"end":{"line":12,"column":1}},"1":{"start":{"line":14,"column":29},"end":{"line":20,"column":1}},"2":{"start":{"line":22,"column":15},"end":{"line":33,"column":1}},"3":{"start":{"line":23,"column":2},"end":{"line":32,"column":4}}},"fnMap":{"0":{"name":"(anonymous_0)","decl":{"start":{"line":22,"column":15},"end":{"line":22,"column":16}},"loc":{"start":{"line":22,"column":46},"end":{"line":33,"column":1}},"line":22}},"branchMap":{},"s":{"0":1,"1":1,"2":1,"3":0},"f":{"0":0},"b":{},"_coverageSchema":"1a1c01bbd47fc00a2c39e90264f33305004495a9","hash":"a6faf4806ced44d3a88c0a4f4a1592e6d96b296a"}
,"/Users/owenyoshishige/Documents/Hack_Reactor_SEI/fec/fec-client/src/components/Ratings/RatingsBreakdown/FactorSlider.jsx": {"path":"/Users/owenyoshishige/Documents/Hack_Reactor_SEI/fec/fec-client/src/components/Ratings/RatingsBreakdown/FactorSlider.jsx","statementMap":{"0":{"start":{"line":5,"column":21},"end":{"line":13,"column":1}},"1":{"start":{"line":6,"column":18},"end":{"line":6,"column":27}},"2":{"start":{"line":7,"column":2},"end":{"line":12,"column":4}}},"fnMap":{"0":{"name":"(anonymous_0)","decl":{"start":{"line":5,"column":21},"end":{"line":5,"column":22}},"loc":{"start":{"line":5,"column":36},"end":{"line":13,"column":1}},"line":5}},"branchMap":{},"s":{"0":1,"1":0,"2":0},"f":{"0":0},"b":{},"_coverageSchema":"1a1c01bbd47fc00a2c39e90264f33305004495a9","hash":"fc706c79e2b30ff38ff4d6ee425135f4dca6d65b"}
,"/Users/owenyoshishige/Documents/Hack_Reactor_SEI/fec/fec-client/src/components/Ratings/RatingsBreakdown/ProductBreakdown.jsx": {"path":"/Users/owenyoshishige/Documents/Hack_Reactor_SEI/fec/fec-client/src/components/Ratings/RatingsBreakdown/ProductBreakdown.jsx","statementMap":{"0":{"start":{"line":5,"column":25},"end":{"line":13,"column":1}},"1":{"start":{"line":15,"column":25},"end":{"line":35,"column":1}},"2":{"start":{"line":17,"column":2},"end":{"line":33,"column":4}}},"fnMap":{"0":{"name":"(anonymous_0)","decl":{"start":{"line":15,"column":25},"end":{"line":15,"column":26}},"loc":{"start":{"line":15,"column":46},"end":{"line":35,"column":1}},"line":15}},"branchMap":{"0":{"loc":{"start":{"line":19,"column":8},"end":{"line":20,"column":116}},"type":"cond-expr","locations":[{"start":{"line":20,"column":8},"end":{"line":20,"column":109}},{"start":{"line":20,"column":112},"end":{"line":20,"column":116}}],"line":19},"1":{"loc":{"start":{"line":21,"column":8},"end":{"line":22,"column":117}},"type":"cond-expr","locations":[{"start":{"line":22,"column":8},"end":{"line":22,"column":110}},{"start":{"line":22,"column":113},"end":{"line":22,"column":117}}],"line":21},"2":{"loc":{"start":{"line":23,"column":8},"end":{"line":24,"column":118}},"type":"cond-expr","locations":[{"start":{"line":24,"column":8},"end":{"line":24,"column":111}},{"start":{"line":24,"column":114},"end":{"line":24,"column":118}}],"line":23},"3":{"loc":{"start":{"line":25,"column":8},"end":{"line":26,"column":106}},"type":"cond-expr","locations":[{"start":{"line":26,"column":8},"end":{"line":26,"column":99}},{"start":{"line":26,"column":102},"end":{"line":26,"column":106}}],"line":25},"4":{"loc":{"start":{"line":27,"column":8},"end":{"line":28,"column":114}},"type":"cond-expr","locations":[{"start":{"line":28,"column":8},"end":{"line":28,"column":107}},{"start":{"line":28,"column":110},"end":{"line":28,"column":114}}],"line":27},"5":{"loc":{"start":{"line":29,"column":8},"end":{"line":31,"column":12}},"type":"cond-expr","locations":[{"start":{"line":30,"column":8},"end":{"line":30,"column":118}},{"start":{"line":31,"column":8},"end":{"line":31,"column":12}}],"line":29}},"s":{"0":1,"1":1,"2":0},"f":{"0":0},"b":{"0":[0,0],"1":[0,0],"2":[0,0],"3":[0,0],"4":[0,0],"5":[0,0]},"_coverageSchema":"1a1c01bbd47fc00a2c39e90264f33305004495a9","hash":"a5c9cde3487dc508f4d1d41a42bad72402bbb6ff"}
,"/Users/owenyoshishige/Documents/Hack_Reactor_SEI/fec/fec-client/src/components/Ratings/RatingsBreakdown/ReviewBar.jsx": {"path":"/Users/owenyoshishige/Documents/Hack_Reactor_SEI/fec/fec-client/src/components/Ratings/RatingsBreakdown/ReviewBar.jsx","statementMap":{"0":{"start":{"line":4,"column":12},"end":{"line":19,"column":1}},"1":{"start":{"line":22,"column":18},"end":{"line":49,"column":1}},"2":{"start":{"line":23,"column":32},"end":{"line":23,"column":47}},"3":{"start":{"line":24,"column":18},"end":{"line":24,"column":35}},"4":{"start":{"line":26,"column":22},"end":{"line":28,"column":3}},"5":{"start":{"line":27,"column":4},"end":{"line":27,"column":25}},"6":{"start":{"line":30,"column":22},"end":{"line":33,"column":3}},"7":{"start":{"line":31,"column":4},"end":{"line":31,"column":18}},"8":{"start":{"line":32,"column":4},"end":{"line":32,"column":27}},"9":{"start":{"line":35,"column":2},"end":{"line":48,"column":4}}},"fnMap":{"0":{"name":"(anonymous_0)","decl":{"start":{"line":22,"column":18},"end":{"line":22,"column":19}},"loc":{"start":{"line":22,"column":62},"end":{"line":49,"column":1}},"line":22},"1":{"name":"(anonymous_1)","decl":{"start":{"line":26,"column":22},"end":{"line":26,"column":23}},"loc":{"start":{"line":26,"column":28},"end":{"line":28,"column":3}},"line":26},"2":{"name":"(anonymous_2)","decl":{"start":{"line":30,"column":22},"end":{"line":30,"column":23}},"loc":{"start":{"line":30,"column":28},"end":{"line":33,"column":3}},"line":30}},"branchMap":{"0":{"loc":{"start":{"line":36,"column":23},"end":{"line":36,"column":47}},"type":"cond-expr","locations":[{"start":{"line":36,"column":33},"end":{"line":36,"column":42}},{"start":{"line":36,"column":45},"end":{"line":36,"column":47}}],"line":36}},"s":{"0":1,"1":1,"2":0,"3":0,"4":0,"5":0,"6":0,"7":0,"8":0,"9":0},"f":{"0":0,"1":0,"2":0},"b":{"0":[0,0]},"_coverageSchema":"1a1c01bbd47fc00a2c39e90264f33305004495a9","hash":"766170c9a64739896d9440989315c14ba9e0a1e4"}
,"/Users/owenyoshishige/Documents/Hack_Reactor_SEI/fec/fec-client/src/components/Ratings/RatingsBreakdown/ReviewBreakdown.jsx": {"path":"/Users/owenyoshishige/Documents/Hack_Reactor_SEI/fec/fec-client/src/components/Ratings/RatingsBreakdown/ReviewBreakdown.jsx","statementMap":{"0":{"start":{"line":8,"column":33},"end":{"line":13,"column":1}},"1":{"start":{"line":15,"column":16},"end":{"line":20,"column":1}},"2":{"start":{"line":22,"column":16},"end":{"line":25,"column":1}},"3":{"start":{"line":27,"column":18},"end":{"line":30,"column":1}},"4":{"start":{"line":32,"column":24},"end":{"line":54,"column":1}},"5":{"start":{"line":33,"column":27},"end":{"line":33,"column":61}},"6":{"start":{"line":34,"column":29},"end":{"line":34,"column":81}},"7":{"start":{"line":36,"column":2},"end":{"line":52,"column":4}}},"fnMap":{"0":{"name":"(anonymous_0)","decl":{"start":{"line":32,"column":24},"end":{"line":32,"column":25}},"loc":{"start":{"line":32,"column":73},"end":{"line":54,"column":1}},"line":32}},"branchMap":{"0":{"loc":{"start":{"line":45,"column":37},"end":{"line":45,"column":55}},"type":"binary-expr","locations":[{"start":{"line":45,"column":37},"end":{"line":45,"column":50}},{"start":{"line":45,"column":54},"end":{"line":45,"column":55}}],"line":45},"1":{"loc":{"start":{"line":46,"column":37},"end":{"line":46,"column":55}},"type":"binary-expr","locations":[{"start":{"line":46,"column":37},"end":{"line":46,"column":50}},{"start":{"line":46,"column":54},"end":{"line":46,"column":55}}],"line":46},"2":{"loc":{"start":{"line":47,"column":37},"end":{"line":47,"column":55}},"type":"binary-expr","locations":[{"start":{"line":47,"column":37},"end":{"line":47,"column":50}},{"start":{"line":47,"column":54},"end":{"line":47,"column":55}}],"line":47},"3":{"loc":{"start":{"line":48,"column":37},"end":{"line":48,"column":55}},"type":"binary-expr","locations":[{"start":{"line":48,"column":37},"end":{"line":48,"column":50}},{"start":{"line":48,"column":54},"end":{"line":48,"column":55}}],"line":48},"4":{"loc":{"start":{"line":49,"column":37},"end":{"line":49,"column":55}},"type":"binary-expr","locations":[{"start":{"line":49,"column":37},"end":{"line":49,"column":50}},{"start":{"line":49,"column":54},"end":{"line":49,"column":55}}],"line":49}},"s":{"0":1,"1":1,"2":1,"3":1,"4":1,"5":0,"6":0,"7":0},"f":{"0":0},"b":{"0":[0,0],"1":[0,0],"2":[0,0],"3":[0,0],"4":[0,0]},"_coverageSchema":"1a1c01bbd47fc00a2c39e90264f33305004495a9","hash":"fd290a8c0b5d4bc15c2a0defbb9cfc187468f589"}
,"/Users/owenyoshishige/Documents/Hack_Reactor_SEI/fec/fec-client/src/components/Ratings/RatingsBreakdown/index.jsx": {"path":"/Users/owenyoshishige/Documents/Hack_Reactor_SEI/fec/fec-client/src/components/Ratings/RatingsBreakdown/index.jsx","statementMap":{"0":{"start":{"line":7,"column":34},"end":{"line":15,"column":1}},"1":{"start":{"line":18,"column":25},"end":{"line":26,"column":1}},"2":{"start":{"line":20,"column":2},"end":{"line":25,"column":4}}},"fnMap":{"0":{"name":"(anonymous_0)","decl":{"start":{"line":18,"column":25},"end":{"line":18,"column":26}},"loc":{"start":{"line":18,"column":59},"end":{"line":26,"column":1}},"line":18}},"branchMap":{"0":{"loc":{"start":{"line":22,"column":8},"end":{"line":22,"column":157}},"type":"cond-expr","locations":[{"start":{"line":22,"column":27},"end":{"line":22,"column":150}},{"start":{"line":22,"column":153},"end":{"line":22,"column":157}}],"line":22},"1":{"loc":{"start":{"line":23,"column":8},"end":{"line":23,"column":103}},"type":"cond-expr","locations":[{"start":{"line":23,"column":35},"end":{"line":23,"column":96}},{"start":{"line":23,"column":99},"end":{"line":23,"column":103}}],"line":23}},"s":{"0":1,"1":1,"2":2},"f":{"0":2},"b":{"0":[0,2],"1":[0,2]},"_coverageSchema":"1a1c01bbd47fc00a2c39e90264f33305004495a9","hash":"89d00f618ac7563a79892749dca841ef4bd24eec"}
,"/Users/owenyoshishige/Documents/Hack_Reactor_SEI/fec/fec-client/src/components/Ratings/ReviewList/Modal.jsx": {"path":"/Users/owenyoshishige/Documents/Hack_Reactor_SEI/fec/fec-client/src/components/Ratings/ReviewList/Modal.jsx","statementMap":{"0":{"start":{"line":4,"column":14},"end":{"line":11,"column":1}},"1":{"start":{"line":13,"column":21},"end":{"line":26,"column":1}},"2":{"start":{"line":28,"column":21},"end":{"line":32,"column":1}},"3":{"start":{"line":34,"column":15},"end":{"line":42,"column":1}},"4":{"start":{"line":45,"column":19},"end":{"line":52,"column":1}},"5":{"start":{"line":46,"column":2},"end":{"line":51,"column":10}}},"fnMap":{"0":{"name":"(anonymous_0)","decl":{"start":{"line":45,"column":19},"end":{"line":45,"column":20}},"loc":{"start":{"line":46,"column":2},"end":{"line":51,"column":10}},"line":46}},"branchMap":{},"s":{"0":1,"1":1,"2":1,"3":1,"4":1,"5":1},"f":{"0":1},"b":{},"_coverageSchema":"1a1c01bbd47fc00a2c39e90264f33305004495a9","hash":"8c50dfbcfc1ebf8389d11af1d56d45ad6300cccb"}
,"/Users/owenyoshishige/Documents/Hack_Reactor_SEI/fec/fec-client/src/components/Ratings/ReviewList/Photos.jsx": {"path":"/Users/owenyoshishige/Documents/Hack_Reactor_SEI/fec/fec-client/src/components/Ratings/ReviewList/Photos.jsx","statementMap":{"0":{"start":{"line":5,"column":23},"end":{"line":9,"column":1}},"1":{"start":{"line":11,"column":14},"end":{"line":13,"column":1}},"2":{"start":{"line":15,"column":15},"end":{"line":34,"column":1}},"3":{"start":{"line":16,"column":28},"end":{"line":16,"column":43}},"4":{"start":{"line":17,"column":42},"end":{"line":17,"column":56}},"5":{"start":{"line":19,"column":22},"end":{"line":22,"column":3}},"6":{"start":{"line":20,"column":4},"end":{"line":20,"column":21}},"7":{"start":{"line":21,"column":4},"end":{"line":21,"column":27}},"8":{"start":{"line":24,"column":2},"end":{"line":33,"column":4}},"9":{"start":{"line":28,"column":10},"end":{"line":28,"column":95}},"10":{"start":{"line":28,"column":67},"end":{"line":28,"column":85}}},"fnMap":{"0":{"name":"(anonymous_0)","decl":{"start":{"line":15,"column":15},"end":{"line":15,"column":16}},"loc":{"start":{"line":15,"column":31},"end":{"line":34,"column":1}},"line":15},"1":{"name":"(anonymous_1)","decl":{"start":{"line":19,"column":22},"end":{"line":19,"column":23}},"loc":{"start":{"line":19,"column":33},"end":{"line":22,"column":3}},"line":19},"2":{"name":"(anonymous_2)","decl":{"start":{"line":27,"column":20},"end":{"line":27,"column":21}},"loc":{"start":{"line":28,"column":10},"end":{"line":28,"column":95}},"line":28},"3":{"name":"(anonymous_3)","decl":{"start":{"line":28,"column":61},"end":{"line":28,"column":62}},"loc":{"start":{"line":28,"column":67},"end":{"line":28,"column":85}},"line":28}},"branchMap":{"0":{"loc":{"start":{"line":31,"column":8},"end":{"line":31,"column":82}},"type":"cond-expr","locations":[{"start":{"line":31,"column":16},"end":{"line":31,"column":75}},{"start":{"line":31,"column":78},"end":{"line":31,"column":82}}],"line":31}},"s":{"0":1,"1":1,"2":1,"3":23,"4":23,"5":23,"6":1,"7":1,"8":23,"9":64,"10":1},"f":{"0":23,"1":1,"2":64,"3":1},"b":{"0":[1,22]},"_coverageSchema":"1a1c01bbd47fc00a2c39e90264f33305004495a9","hash":"bd440dc826eabdcb20e21bd75a43e09d1b3d4372"}
,"/Users/owenyoshishige/Documents/Hack_Reactor_SEI/fec/fec-client/src/components/Ratings/ReviewList/ReviewTile.jsx": {"path":"/Users/owenyoshishige/Documents/Hack_Reactor_SEI/fec/fec-client/src/components/Ratings/ReviewList/ReviewTile.jsx","statementMap":{"0":{"start":{"line":10,"column":13},"end":{"line":15,"column":1}},"1":{"start":{"line":17,"column":17},"end":{"line":28,"column":1}},"2":{"start":{"line":30,"column":22},"end":{"line":38,"column":1}},"3":{"start":{"line":40,"column":13},"end":{"line":43,"column":1}},"4":{"start":{"line":45,"column":13},"end":{"line":47,"column":1}},"5":{"start":{"line":49,"column":16},"end":{"line":52,"column":1}},"6":{"start":{"line":54,"column":13},"end":{"line":56,"column":1}},"7":{"start":{"line":58,"column":17},"end":{"line":64,"column":1}},"8":{"start":{"line":66,"column":18},"end":{"line":69,"column":1}},"9":{"start":{"line":71,"column":16},"end":{"line":76,"column":1}},"10":{"start":{"line":78,"column":22},"end":{"line":83,"column":1}},"11":{"start":{"line":85,"column":19},"end":{"line":133,"column":1}},"12":{"start":{"line":86,"column":32},"end":{"line":86,"column":60}},"13":{"start":{"line":87,"column":34},"end":{"line":87,"column":68}},"14":{"start":{"line":89,"column":29},"end":{"line":95,"column":3}},"15":{"start":{"line":90,"column":4},"end":{"line":90,"column":28}},"16":{"start":{"line":91,"column":4},"end":{"line":93,"column":45}},"17":{"start":{"line":93,"column":24},"end":{"line":93,"column":41}},"18":{"start":{"line":97,"column":25},"end":{"line":99,"column":3}},"19":{"start":{"line":98,"column":4},"end":{"line":98,"column":23}},"20":{"start":{"line":101,"column":2},"end":{"line":131,"column":4}}},"fnMap":{"0":{"name":"(anonymous_0)","decl":{"start":{"line":85,"column":19},"end":{"line":85,"column":20}},"loc":{"start":{"line":85,"column":35},"end":{"line":133,"column":1}},"line":85},"1":{"name":"(anonymous_1)","decl":{"start":{"line":89,"column":29},"end":{"line":89,"column":30}},"loc":{"start":{"line":89,"column":35},"end":{"line":95,"column"
[...]
","statementMap":{"0":{"start":{"line":9,"column":16},"end":{"line":12,"column":1}},"1":{"start":{"line":14,"column":21},"end":{"line":55,"column":1}},"2":{"start":{"line":15,"column":28},"end":{"line":15,"column":53}},"3":{"start":{"line":16,"column":32},"end":{"line":16,"column":47}},"4":{"start":{"line":18,"column":22},"end":{"line":27,"column":3}},"5":{"start":{"line":19,"column":21},"end":{"line":19,"column":23}},"6":{"start":{"line":20,"column":4},"end":{"line":23,"column":5}},"7":{"start":{"line":20,"column":17},"end":{"line":20,"column":18}},"8":{"start":{"line":21,"column":6},"end":{"line":22,"column":32}},"9":{"start":{"line":21,"column":22},"end":{"line":21,"column":41}},"10":{"start":{"line":22,"column":13},"end":{"line":22,"column":30}},"11":{"start":{"line":24,"column":4},"end":{"line":24,"column":23}},"12":{"start":{"line":25,"column":4},"end":{"line":25,"column":21}},"13":{"start":{"line":26,"column":4},"end":{"line":26,"column":23}},"14":{"start":{"line":29,"column":24},"end":{"line":38,"column":3}},"15":{"start":{"line":30,"column":4},"end":{"line":37,"column":5}},"16":{"start":{"line":31,"column":23},"end":{"line":31,"column":25}},"17":{"start":{"line":32,"column":6},"end":{"line":35,"column":7}},"18":{"start":{"line":32,"column":19},"end":{"line":32,"column":20}},"19":{"start":{"line":33,"column":8},"end":{"line":34,"column":34}},"20":{"start":{"line":33,"column":24},"end":{"line":33,"column":43}},"21":{"start":{"line":34,"column":15},"end":{"line":34,"column":32}},"22":{"start":{"line":36,"column":6},"end":{"line":36,"column":25}},"23":{"start":{"line":40,"column":25},"end":{"line":42,"column":3}},"24":{"start":{"line":41,"column":4},"end":{"line":41,"column":48}},"25":{"start":{"line":41,"column":20},"end":{"line":41,"column":46}},"26":{"start":{"line":44,"column":2},"end":{"line":52,"column":4}},"27":{"start":{"line":47,"column":8},"end":{"line":49,"column":14}},"28":{"start":{"line":47,"column":43},"end":{"line":47,"column":60}},"29":{"start":{"line":47,"column":82},"end":{"line":47,"column":101}}},"fnMap":{"0":{"name":"(anonymous_0)","decl":{"start":{"line":14,"column":21},"end":{"line":14,"column":22}},"loc":{"start":{"line":14,"column":38},"end":{"line":55,"column":1}},"line":14},"1":{"name":"(anonymous_1)","decl":{"start":{"line":18,"column":22},"end":{"line":18,"column":23}},"loc":{"start":{"line":18,"column":31},"end":{"line":27,"column":3}},"line":18},"2":{"name":"(anonymous_2)","decl":{"start":{"line":29,"column":24},"end":{"line":29,"column":25}},"loc":{"start":{"line":29,"column":33},"end":{"line":38,"column":3}},"line":29},"3":{"name":"(anonymous_3)","decl":{"start":{"line":40,"column":25},"end":{"line":40,"column":26}},"loc":{"start":{"line":40,"column":31},"end":{"line":42,"column":3}},"line":40},"4":{"name":"(anonymous_4)","decl":{"start":{"line":46,"column":27},"end":{"line":46,"column":28}},"loc":{"start":{"line":47,"column":8},"end":{"line":49,"column":14}},"line":47},"5":{"name":"(anonymous_5)","decl":{"start":{"line":47,"column":37},"end":{"line":47,"column":38}},"loc":{"start":{"line":47,"column":43},"end":{"line":47,"column":60}},"line":47},"6":{"name":"(anonymous_6)","decl":{"start":{"line":47,"column":78},"end":{"line":47,"column":79}},"loc":{"start":{"line":47,"column":82},"end":{"line":47,"column":101}},"line":47}},"branchMap":{"0":{"loc":{"start":{"line":21,"column":6},"end":{"line":22,"column":32}},"type":"if","locations":[{"start":{"line":21,"column":6},"end":{"line":22,"column":32}},{"start":{"line":22,"column":11},"end":{"line":22,"column":32}}],"line":21},"1":{"loc":{"start":{"line":30,"column":4},"end":{"line":37,"column":5}},"type":"if","locations":[{"start":{"line":30,"column":4},"end":{"line":37,"column":5}},{"start":{},"end":{}}],"line":30},"2":{"loc":{"start":{"line":33,"column":8},"end":{"line":34,"column":34}},"type":"if","locations":[{"start":{"line":33,"column":8},"end":{"line":34,"column":34}},{"start":{"line":34,"column":13},"end":{"line":34,"column":34}}],"line":33},"3":{"loc":{"start":{"line":41,"column":4},"end":{"line":41,"column":48}},"type":"if","locations":[{"start":{"line":41,"column":4},"end":{"line":41,"column":48}},{"start":{},"end":{}}],"line":41}},"s":{"0":1,"1":1,"2":0,"3":0,"4":0,"5":0,"6":0,"7":0,"8":0,"9":0,"10":0,"11":0,"12":0,"13":0,"14":0,"15":0,"16":0,"17":0,"18":0,"19":0,"20":0,"21":0,"22":0,"23":0,"24":0,"25":0,"26":0,"27":0,"28":0,"29":0},"f":{"0":0,"1":0,"2":0,"3":0,"4":0,"5":0,"6":0},"b":{"0":[0,0],"1":[0,0],"2":[0,0],"3":[0,0]},"_coverageSchema":"1a1c01bbd47fc00a2c39e90264f33305004495a9","hash":"a6a227816ff5940d0ecff3d86c374665e0968af5"}
,"/Users/owenyoshishige/Documents/Hack_Reactor_SEI/fec/fec-client/src/components/Ratings/Write/UploadPhotos.jsx": {"path":"/Users/owenyoshishige/Documents/Hack_Reactor_SEI/fec/fec-client/src/components/Ratings/Write/UploadPhotos.jsx","statementMap":{"0":{"start":{"line":5,"column":18},"end":{"line":5,"column":29}},"1":{"start":{"line":6,"column":22},"end":{"line":6,"column":32}},"2":{"start":{"line":8,"column":19},"end":{"line":12,"column":1}},"3":{"start":{"line":14,"column":12},"end":{"line":16,"column":1}},"4":{"start":{"line":18,"column":18},"end":{"line":20,"column":1}},"5":{"start":{"line":22,"column":12},"end":{"line":34,"column":1}},"6":{"start":{"line":36,"column":21},"end":{"line":72,"column":1}},"7":{"start":{"line":39,"column":27},"end":{"line":50,"column":3}},"8":{"start":{"line":41,"column":17},"end":{"line":41,"column":32}},"9":{"start":{"line":43,"column":4},"end":{"line":43,"column":37}},"10":{"start":{"line":52,"column":23},"end":{"line":56,"column":3}},"11":{"start":{"line":53,"column":23},"end":{"line":53,"column":39}},"12":{"start":{"line":54,"column":4},"end":{"line":54,"column":48}},"13":{"start":{"line":55,"column":4},"end":{"line":55,"column":41}},"14":{"start":{"line":58,"column":2},"end":{"line":68,"column":4}},"15":{"start":{"line":61,"column":27},"end":{"line":61,"column":50}}},"fnMap":{"0":{"name":"(anonymous_0)","decl":{"start":{"line":36,"column":21},"end":{"line":36,"column":22}},"loc":{"start":{"line":36,"column":48},"end":{"line":72,"column":1}},"line":36},"1":{"name":"(anonymous_1)","decl":{"start":{"line":39,"column":27},"end":{"line":39,"column":28}},"loc":{"start":{"line":39,"column":34},"end":{"line":50,"column":3}},"line":39},"2":{"name":"(anonymous_2)","decl":{"start":{"line":52,"column":23},"end":{"line":52,"column":24}},"loc":{"start":{"line":52,"column":30},"end":{"line":56,"column":3}},"line":52},"3":{"name":"(anonymous_3)","decl":{"start":{"line":61,"column":20},"end":{"line":61,"column":21}},"loc":{"start":{"line":61,"column":27},"end":{"line":61,"column":50}},"line":61}},"branchMap":{},"s":{"0":1,"1":1,"2":1,"3":1,"4":1,"5":1,"6":1,"7":0,"8":0,"9":0,"10":0,"11":0,"12":0,"13":0,"14":0,"15":0},"f":{"0":0,"1":0,"2":0,"3":0},"b":{},"_coverageSchema":"1a1c01bbd47fc00a2c39e90264f33305004495a9","hash":"2b179556c3e2aa884f1b9603a5a4a142aa6cb7c9"}
,"/Users/owenyoshishige/Documents/Hack_Reactor_SEI/fec/fec-client/src/components/Ratings/Write/WriteModal.jsx": {"path":"/Users/owenyoshishige/Documents/Hack_Reactor_SEI/fec/fec-client/src/components/Ratings/Write/WriteModal.jsx","statementMap":{"0":{"start":{"line":8,"column":18},"end":{"line":8,"column":29}},"1":{"start":{"line":9,"column":22},"end":{"line":9,"column":32}},"2":{"start":{"line":11,"column":14},"end":{"line":18,"column":1}},"3":{"start":{"line":20,"column":21},"end":{"line":32,"column":1}},"4":{"start":{"line":34,"column":15},"end":{"line":39,"column":1}},"5":{"start":{"line":41,"column":13},"end":{"line":48,"column":1}},"6":{"start":{"line":50,"column":14},"end":{"line":52,"column":1}},"7":{"start":{"line":54,"column":14},"end":{"line":56,"column":1}},"8":{"start":{"line":59,"column":12},"end":{"line":62,"column":1}},"9":{"start":{"line":64,"column":15},"end":{"line":68,"column":1}},"10":{"start":{"line":70,"column":16},"end":{"line":72,"column":1}},"11":{"start":{"line":75,"column":19},"end":{"line":184,"column":1}},"12":{"start":{"line":77,"column":26},"end":{"line":77,"column":52}},"13":{"start":{"line":78,"column":21},"end":{"line":78,"column":30}},"14":{"start":{"line":80,"column":36},"end":{"line":80,"column":50}},"15":{"start":{"line":81,"column":30},"end":{"line":81,"column":44}},"16":{"start":{"line":82,"column":32},"end":{"line":82,"column":44}},"17":{"start":{"line":83,"column":26},"end":{"line":83,"column":38}},"18":{"start":{"line":84,"column":30},"end":{"line":84,"column":42}},"19":{"start":{"line":85,"column":26},"end":{"line":85,"column":38}},"20":{"start":{"line":86,"column":28},"end":{"line":86,"column":40}},"21":{"start":{"line":87,"column":32},"end":{"line":87,"column":46}},"22":{"start":{"line":88,"column":48},"end":{"line":88,"column":60}},"23":{"start":{"line":90,"column":23},"end":{"line":92,"column":3}},"24":{"start":{"line":91,"column":4},"end":{"line":91,"column":27}},"25":{"start":{"line":94,"column":29},"end":{"line":98,"column":3}},"26":{"start":{"line":95,"column":21},"end":{"line":95,"column":41}},"27":{"start":{"line":96,"column":4},"end":{"line":96,"column":65}},"28":{"start":{"line":97,"column":4},"end":{"line":97,"column":33}},"29":{"start":{"line":100,"column":22},"end":{"line":102,"column":1}},"30":{"start":{"line":101,"column":4},"end":{"line":101,"column":101}},"31":{"start":{"line":104,"column":23},"end":{"line":129,"column":3}},"32":{"start":{"line":111,"column":4},"end":{"line":128,"column":8}},"33":{"start":{"line":111,"column":34},"end":{"line":111,"column":50}},"34":{"start":{"line":113,"column":25},"end":{"line":113,"column":69}},"35":{"start":{"line":113,"column":51},"end":{"line":113,"column":68}},"36":{"start":{"line":114,"column":10},"end":{"line":127,"column":12}},"37":{"start":{"line":126,"column":12},"end":{"line":126,"column":38}},"38":{"start":{"line":131,"column":2},"end":{"line":182,"column":4}},"39":{"start":{"line":144,"column":36},"end":{"line":144,"column":66}},"40":{"start":{"line":152,"column":14},"end":{"line":152,"column":132}},"41":{"start":{"line":157,"column":133},"end":{"line":157,"column":160}},"42":{"start":{"line":161,"column":138},"end":{"line":161,"column":162}},"43":{"start":{"line":170,"column":139},"end":{"line":170,"column":163}},"44":{"start":{"line":175,"column":124},"end":{"line":175,"column":149}}},"fnMap":{"0":{"name":"(anonymous_0)","decl":{"start":{"line":75,"column":19},"end":{"line":75,"column":20}},"loc":{"start":{"line":75,"column":70},"end":{"line":184,"column":1}},"line":75},"1":{"name":"(anonymous_1)","decl":{"start":{"line":90,"column":23},"end":{"line":90,"column":24}},"loc":{"start":{"line":90,"column":38},"end":{"line":92,"column":3}},"line":90},"2":{"name":"(anonymous_2)","decl":{"start":{"line":94,"column":29},"end":{"line":94,"column":30}},"loc":{"start":{"line":94,"column":56},"end":{"line":98,"column":3}},"line":94},"3":{"name":"(anonymous_3)","decl":{"start":{"line":100,"column":22},"end":{"line":100,"column":23}},"loc":{"start":{"line":100,"column":32},"end":{"line":102,"column":1}},"line":100},"4":{"name":"(anonymous_4)","decl":{"start":{"line":104,"column":23},"end":{"line":104,"column":24}},"loc":{"start":{"line":104,"column":30},"end":{"line":129,"column":3}},"line":104},"5":{"name":"(anonymous_5)","decl":{"start":{"line":111,"column":27},"end":{"line":111,"column":28}},"loc":{"start":{"line":111,"column":34},"end":{"line":111,"column":50}},"line":111},"6":{"name":"(anonymous_6)","decl":{"start":{"line":112,"column":12},"end":{"line":112,"column":13}},"loc":{"start":{"line":112,"column":27},"end":{"line":128,"column":7}},"line":112},"7":{"name":"(anonymous_7)","decl":{"start":{"line":113,"column":39},"end":{"line":113,"column":40}},"loc":{"start":{"line":113,"column":51},"end":{"line":113,"column":68}},"line":113},"8":{"name":"(anonymous_8)","decl":{"start":{"line":125,"column":16},"end":{"line":125,"column":17}},"loc":{"start":{"line":125,"column":30},"end":{"line":127,"column":11}},"line":125},"9":{"name":"(anonymous_9)","decl":{"start":{"line":144,"column":29},"end":{"line":144,"column":30}},"loc":{"start":{"line":144,"column":36},"end":{"line":144,"column":66}},"line":144},"10":{"name":"(anonymous_10)","decl":{"start":{"line":151,"column":33},"end":{"line":151,"column":34}},"loc":{"start":{"line":152,"column":14},"end":{"line":152,"column":132}},"line":152},"11":{"name":"(anonymous_11)","decl":{"start":{"line":157,"column":126},"end":{"line":157,"column":127}},"loc":{"start":{"line":157,"column":133},"end":{"line":157,"column":160}},"line":157},"12":{"name":"(anonymous_12)","decl":{"start":{"line":161,"column":131},"end":{"line":161,"column":132}},"loc":{"start":{"line":161,"column":138},"end":{"line":161,"column":162}},"line":161},"13":{"name":"(anonymous_13)","decl":{"start":{"line":170,"column":132},"end":{"line":170,"column":133}},"loc":{"start":{"line":170,"column":139},"end":{"line":170,"column":163}},"line":170},"14":{"name":"(anonymous_14)","decl":{"start":{"line":175,"column":117},"end":{"line":175,"column":118}},"loc":{"start":{"line":175,"column":124},"end":{"line":175,"column":149}},"line":175}},"branchMap":{"0":{"loc":{"start":{"line":162,"column":18},"end":{"line":162,"column":112}},"type":"cond-expr","locations":[{"start":{"line":162,"column":37},"end":{"line":162,"column":92}},{"start":{"line":162,"column":95},"end":{"line":162,"column":112}}],"line":162}},"s":{"0":1,"1":1,"2":1,"3":1,"4":1,"5":1,"6":1,"7":1,"8":1,"9":1,"10":1,"11":1,"12":0,"13":0,"14":0,"15":0,"16":0,"17":0,"18":0,"19":0,"20":0,"21":0,"22":0,"23":0,"24":0,"25":0,"26":0,"27":0,"28":0,"29":0,"30":0,"31":0,"32":0,"33":0,"34":0,"35":0,"36":0,"37":0,"38":0,"39":0,"40":0,"41":0,"42":0,"43":0,"44":0},"f":{"0":0,"1":0,"2":0,"3":0,"4":0,"5":0,"6":0,"7":0,"8":0,"9":0,"10":0,"11":0,"12":0,"13":0,"14":0},"b":{"0":[0,0]},"_coverageSchema":"1a1c01bbd47fc00a2c39e90264f33305004495a9","hash":"eaffc776220ade4fcdfb384222e3472a59cd5a37"}
,"/Users/owenyoshishige/Documents/Hack_Reactor_SEI/fec/fec-client/src/components/Ratings/Write/factors.js": {"path":"/Users/owenyoshishige/Documents/Hack_Reactor_SEI/fec/fec-client/src/components/Ratings/Write/factors.js","statementMap":{"0":{"start":{"line":1,"column":16},"end":{"line":44,"column":1}}},"fnMap":{},"branchMap":{},"s":{"0":1},"f":{},"b":{},"_coverageSchema":"1a1c01bbd47fc00a2c39e90264f33305004495a9","hash":"40b86846ffe4ae1bd786cdfea50f2018b56c5d76"}
,"/Users/owenyoshishige/Documents/Hack_Reactor_SEI/fec/fec-client/src/components/Ratings/Write/index.jsx": {"path":"/Users/owenyoshishige/Documents/Hack_Reactor_SEI/fec/fec-client/src/components/Ratings/Write/index.jsx","statementMap":{"0":{"start":{"line":6,"column":14},"end":{"line":18,"column":1}},"1":{"start":{"line":7,"column":36},"end":{"line":7,"column":51}},"2":{"start":{"line":8,"column":27},"end":{"line":10,"column":3}},"3":{"start":{"line":9,"column":4},"end":{"line":9,"column":29}},"4":{"start":{"line":12,"column":2},"end":{"line":17,"column":4}}},"fnMap":{"0":{"name":"(anonymous_0)","decl":{"start":{"line":6,"column":14},"end":{"line":6,"column":15}},"loc":{"start":{"line":6,"column":46},"end":{"line":18,"column":1}},"line":6},"1":{"name":"(anonymous_1)","decl":{"start":{"line":8,"column":27},"end":{"line":8,"column":28}},"loc":{"start":{"line":8,"column":33},"end":{"line":10,"column":3}},"line":8}},"branchMap":{"0":{"loc":{"start":{"line":15,"column":8},"end":{"line":15,"column":134}},"type":"cond-expr","locations":[{"start":{"line":15,"column":20},"end":{"line":15,"column":127}},{"start":{"line":15,"column":130},"end":{"line":15,"column":134}}],"line":15}},"s":{"0":1,"1":2,"2":2,"3":0,"4":2},"f":{"0":2,"1":0},"b":{"0":[0,2]},"_coverageSchema":"1a1c01bbd47fc00a2c39e90264f33305004495a9","hash":"2b75a939c0d3f412c103afe9373d05d4700117e2"}
,"/Users/owenyoshishige/Documents/Hack_Reactor_SEI/fec/fec-client/src/components/Shared/Star.jsx": {"path":"/Users/owenyoshishige/Documents/Hack_Reactor_SEI/fec/fec-client/src/components/Shared/Star.jsx","statementMap":{"0":{"start":{"line":4,"column":13},"end":{"line":18,"column":1}},"1":{"start":{"line":5,"column":2},"end":{"line":16,"column":4}}},"fnMap":{"0":{"name":"(anonymous_0)","decl":{"start":{"line":4,"column":13},"end":{"line":4,"column":14}},"loc":{"start":{"line":4,"column":31},"end":{"line":18,"column":1}},"line":4}},"branchMap":{},"s":{"0":1,"1":110},"f":{"0":110},"b":{},"_coverageSchema":"1a1c01bbd47fc00a2c39e90264f33305004495a9","hash":"ed32b32e7a5c3eeda5bcddbeeb1cd8ad85ac8a6c"}
,"/Users/owenyoshishige/Documents/Hack_Reactor_SEI/fec/fec-client/src/components/Shared/Stars.jsx": {"path":"/Users/owenyoshishige/Documents/Hack_Reactor_SEI/fec/fec-client/src/components/Shared/Stars.jsx","statementMap":{"0":{"start":{"line":6,"column":19},"end":{"line":18,"column":1}},"1":{"start":{"line":7,"column":12},"end":{"line":7,"column":14}},"2":{"start":{"line":8,"column":2},"end":{"line":16,"column":3}},"3":{"start":{"line":8,"column":15},"end":{"line":8,"column":16}},"4":{"start":{"line":9,"column":4},"end":{"line":15,"column":5}},"5":{"start":{"line":10,"column":6},"end":{"line":10,"column":20}},"6":{"start":{"line":11,"column":11},"end":{"line":15,"column":5}},"7":{"start":{"line":12,"column":6},"end":{"line":12,"column":32}},"8":{"start":{"line":14,"column":6},"end":{"line":14,"column":18}},"9":{"start":{"line":17,"column":2},"end":{"line":17,"column":13}},"10":{"start":{"line":23,"column":14},"end":{"line":35,"column":1}},"11":{"start":{"line":25,"column":16},"end":{"line":25,"column":34}},"12":{"start":{"line":27,"column":2},"end":{"line":34,"column":4}},"13":{"start":{"line":30,"column":8},"end":{"line":30,"column":51}}},"fnMap":{"0":{"name":"(anonymous_0)","decl":{"start":{"line":6,"column":19},"end":{"line":6,"column":20}},"loc":{"start":{"line":6,"column":26},"end":{"line":18,"column":1}},"line":6},"1":{"name":"(anonymous_1)","decl":{"start":{"line":23,"column":14},"end":{"line":23,"column":15}},"loc":{"start":{"line":23,"column":34},"end":{"line":35,"column":1}},"line":23},"2":{"name":"(anonymous_2)","decl":{"start":{"line":29,"column":17},"end":{"line":29,"column":18}},"loc":{"start":{"line":30,"column":8},"end":{"line":30,"column":51}},"line":30}},"branchMap":{"0":{"loc":{"start":{"line":9,"column":4},"end":{"line":15,"column":5}},"type":"if","locations":[{"start":{"line":9,"column":4},"end":{"line":15,"column":5}},{"start":{"line":11,"column":11},"end":{"line":15,"column":5}}],"line":9},"1":{"loc":{"start":{"line":11,"column":11},"end":{"line":15,"column":5}},"type":"if","locations":[{"start":{"line":11,"column":11},"end":{"line":15,"column":5}},{"start":{"line":13,"column":11},"end":{"line":15,"column":5}}],"line":11},"2":{"loc":{"start":{"line":30,"column":36},"end":{"line":30,"column":48}},"type":"binary-expr","locations":[{"start":{"line":30,"column":36},"end":{"line":30,"column":40}},{"start":{"line":30,"column":44},"end":{"line":30,"column":48}}],"line":30}},"s":{"0":1,"1":22,"2":22,"3":22,"4":110,"5":73,"6":37,"7":13,"8":24,"9":22,"10":1,"11":22,"12":22,"13":110},"f":{"0":22,"1":22,"2":110},"b":{"0":[73,37],"1":[13,24],"2":[110,110]},"_coverageSchema":"1a1c01bbd47fc00a2c39e90264f33305004495a9","hash":"2a4977f800938fa8d6c63dda605e7179be94c015"}
,"/Users/owenyoshishige/Documents/Hack_Reactor_SEI/fec/test/RatingsStubs.js": {"path":"/Users/owenyoshishige/Documents/Hack_Reactor_SEI/fec/test/RatingsStubs.js","statementMap":{"0":{"start":{"line":1,"column":21},"end":{"line":103,"column":1}}},"fnMap":{},"branchMap":{},"s":{"0":1},"f":{},"b":{},"_coverageSchema":"1a1c01bbd47fc00a2c39e90264f33305004495a9","hash":"526e2ffce526c7ab7b5cdcb04851ffb5661179ab"}
,"/Users/owenyoshishige/Documents/Hack_Reactor_SEI/fec/test/stubs/QA.stubs.js": {"path":"/Users/owenyoshishige/Documents/Hack_Reactor_SEI/fec/test/stubs/QA.stubs.js","statementMap":{"0":{"start":{"line":3,"column":25},"end":{"line":62,"column":1}}},"fnMap":{},"branchMap":{},"s":{"0":1},"f":{},"b":{},"_coverageSchema":"1a1c01bbd47fc00a2c39e90264f33305004495a9","hash":"c11f6ceced3abbbf67dc84151b127c11b868993a"}
}
