{"/Users/ianhoffman/SEI-2202/fec/fec-client/src/components/Q&A/AListEntry.jsx": {"path":"/Users/ianhoffman/SEI-2202/fec/fec-client/src/components/Q&A/AListEntry.jsx","statementMap":{"0":{"start":{"line":5,"column":24},"end":{"line":10,"column":1}},"1":{"start":{"line":12,"column":23},"end":{"line":17,"column":1}},"2":{"start":{"line":19,"column":14},"end":{"line":22,"column":1}},"3":{"start":{"line":24,"column":22},"end":{"line":29,"column":1}},"4":{"start":{"line":31,"column":13},"end":{"line":39,"column":1}},"5":{"start":{"line":37,"column":23},"end":{"line":37,"column":47}},"6":{"start":{"line":41,"column":17},"end":{"line":44,"column":1}},"7":{"start":{"line":43,"column":27},"end":{"line":43,"column":64}},"8":{"start":{"line":46,"column":19},"end":{"line":80,"column":1}},"9":{"start":{"line":47,"column":17},"end":{"line":47,"column":40}},"10":{"start":{"line":48,"column":17},"end":{"line":48,"column":38}},"11":{"start":{"line":50,"column":25},"end":{"line":50,"column":38}},"12":{"start":{"line":51,"column":30},"end":{"line":51,"column":48}},"13":{"start":{"line":52,"column":28},"end":{"line":52,"column":59}},"14":{"start":{"line":54,"column":27},"end":{"line":59,"column":3}},"15":{"start":{"line":55,"column":4},"end":{"line":58,"column":5}},"16":{"start":{"line":56,"column":6},"end":{"line":56,"column":36}},"17":{"start":{"line":57,"column":6},"end":{"line":57,"column":26}},"18":{"start":{"line":61,"column":23},"end":{"line":63,"column":3}},"19":{"start":{"line":62,"column":4},"end":{"line":62,"column":62}},"20":{"start":{"line":65,"column":2},"end":{"line":79,"column":4}}},"fnMap":{"0":{"name":"(anonymous_0)","decl":{"start":{"line":37,"column":14},"end":{"line":37,"column":15}},"loc":{"start":{"line":37,"column":23},"end":{"line":37,"column":47}},"line":37},"1":{"name":"(anonymous_1)","decl":{"start":{"line":43,"column":18},"end":{"line":43,"column":19}},"loc":{"start":{"line":43,"column":27},"end":{"line":43,"column":64}},"line":43},"2":{"name":"(anonymous_2)","decl":{"start":{"line":46,"column":19},"end":{"line":46,"column":20}},"loc":{"start":{"line":46,"column":49},"end":{"line":80,"column":1}},"line":46},"3":{"name":"(anonymous_3)","decl":{"start":{"line":54,"column":27},"end":{"line":54,"column":28}},"loc":{"start":{"line":54,"column":38},"end":{"line":59,"column":3}},"line":54},"4":{"name":"(anonymous_4)","decl":{"start":{"line":61,"column":23},"end":{"line":61,"column":24}},"loc":{"start":{"line":61,"column":34},"end":{"line":63,"column":3}},"line":61}},"branchMap":{"0":{"loc":{"start":{"line":37,"column":23},"end":{"line":37,"column":47}},"type":"binary-expr","locations":[{"start":{"line":37,"column":23},"end":{"line":37,"column":34}},{"start":{"line":37,"column":38},"end":{"line":37,"column":47}}],"line":37},"1":{"loc":{"start":{"line":43,"column":27},"end":{"line":43,"column":64}},"type":"cond-expr","locations":[{"start":{"line":43,"column":55},"end":{"line":43,"column":58}},{"start":{"line":43,"column":61},"end":{"line":43,"column":64}}],"line":43},"2":{"loc":{"start":{"line":55,"column":4},"end":{"line":58,"column":5}},"type":"if","locations":[{"start":{"line":55,"column":4},"end":{"line":58,"column":5}},{"start":{},"end":{}}],"line":55},"3":{"loc":{"start":{"line":62,"column":4},"end":{"line":62,"column":61}},"type":"cond-expr","locations":[{"start":{"line":62,"column":28},"end":{"line":62,"column":49}},{"start":{"line":62,"column":52},"end":{"line":62,"column":61}}],"line":62}},"s":{"0":1,"1":1,"2":1,"3":1,"4":1,"5":0,"6":1,"7":0,"8":1,"9":0,"10":0,"11":0,"12":0,"13":0,"14":0,"15":0,"16":0,"17":0,"18":0,"19":0,"20":0},"f":{"0":0,"1":0,"2":0,"3":0,"4":0},"b":{"0":[0,0],"1":[0,0],"2":[0,0],"3":[0,0]},"_coverageSchema":"1a1c01bbd47fc00a2c39e90264f33305004495a9","hash":"4f5824cf36a22e4450265b8d5ff71055bb29e5bb"}
,"/Users/ianhoffman/SEI-2202/fec/fec-client/src/components/Q&A/AddAModal.jsx": {"path":"/Users/ianhoffman/SEI-2202/fec/fec-client/src/components/Q&A/AddAModal.jsx","statementMap":{"0":{"start":{"line":5,"column":21},"end":{"line":16,"column":1}},"1":{"start":{"line":18,"column":23},"end":{"line":28,"column":1}},"2":{"start":{"line":30,"column":16},"end":{"line":36,"column":1}},"3":{"start":{"line":38,"column":18},"end":{"line":42,"column":1}},"4":{"start":{"line":44,"column":14},"end":{"line":48,"column":1}},"5":{"start":{"line":50,"column":26},"end":{"line":54,"column":1}},"6":{"start":{"line":56,"column":17},"end":{"line":59,"column":1}},"7":{"start":{"line":61,"column":21},"end":{"line":66,"column":1}},"8":{"start":{"line":68,"column":19},"end":{"line":81,"column":1}},"9":{"start":{"line":83,"column":13},"end":{"line":87,"column":1}},"10":{"start":{"line":90,"column":14},"end":{"line":95,"column":1}},"11":{"start":{"line":97,"column":22},"end":{"line":100,"column":1}},"12":{"start":{"line":102,"column":18},"end":{"line":148,"column":1}},"13":{"start":{"line":103,"column":20},"end":{"line":103,"column":50}},"14":{"start":{"line":104,"column":16},"end":{"line":104,"column":26}},"15":{"start":{"line":105,"column":28},"end":{"line":105,"column":40}},"16":{"start":{"line":107,"column":21},"end":{"line":112,"column":3}},"17":{"start":{"line":111,"column":4},"end":{"line":111,"column":30}},"18":{"start":{"line":114,"column":23},"end":{"line":123,"column":3}},"19":{"start":{"line":115,"column":4},"end":{"line":115,"column":16}},"20":{"start":{"line":118,"column":19},"end":{"line":118,"column":35}},"21":{"start":{"line":120,"column":4},"end":{"line":120,"column":36}},"22":{"start":{"line":122,"column":4},"end":{"line":122,"column":46}},"23":{"start":{"line":125,"column":2},"end":{"line":147,"column":16}},"24":{"start":{"line":127,"column":38},"end":{"line":127,"column":57}}},"fnMap":{"0":{"name":"(anonymous_0)","decl":{"start":{"line":102,"column":18},"end":{"line":102,"column":19}},"loc":{"start":{"line":102,"column":32},"end":{"line":148,"column":1}},"line":102},"1":{"name":"(anonymous_1)","decl":{"start":{"line":107,"column":21},"end":{"line":107,"column":22}},"loc":{"start":{"line":107,"column":28},"end":{"line":112,"column":3}},"line":107},"2":{"name":"(anonymous_2)","decl":{"start":{"line":114,"column":23},"end":{"line":114,"column":24}},"loc":{"start":{"line":114,"column":30},"end":{"line":123,"column":3}},"line":114},"3":{"name":"(anonymous_3)","decl":{"start":{"line":127,"column":31},"end":{"line":127,"column":32}},"loc":{"start":{"line":127,"column":38},"end":{"line":127,"column":57}},"line":127}},"branchMap":{"0":{"loc":{"start":{"line":144,"column":9},"end":{"line":144,"column":59}},"type":"cond-expr","locations":[{"start":{"line":144,"column":24},"end":{"line":144,"column":52}},{"start":{"line":144,"column":55},"end":{"line":144,"column":59}}],"line":144}},"s":{"0":1,"1":1,"2":1,"3":1,"4":1,"5":1,"6":1,"7":1,"8":1,"9":1,"10":1,"11":1,"12":1,"13":0,"14":0,"15":0,"16":0,"17":0,"18":0,"19":0,"20":0,"21":0,"22":0,"23":0,"24":0},"f":{"0":0,"1":0,"2":0,"3":0},"b":{"0":[0,0]},"_coverageSchema":"1a1c01bbd47fc00a2c39e90264f33305004495a9","hash":"dd3d8cd709e70cc7c999671ba4dda817ee8760a0"}
,"/Users/ianhoffman/SEI-2202/fec/fec-client/src/components/Q&A/AddQModal.jsx": {"path":"/Users/ianhoffman/SEI-2202/fec/fec-client/src/components/Q&A/AddQModal.jsx","statementMap":{"0":{"start":{"line":5,"column":21},"end":{"line":16,"column":1}},"1":{"start":{"line":18,"column":14},"end":{"line":26,"column":1}},"2":{"start":{"line":28,"column":15},"end":{"line":34,"column":1}},"3":{"start":{"line":36,"column":18},"end":{"line":40,"column":1}},"4":{"start":{"line":42,"column":14},"end":{"line":45,"column":1}},"5":{"start":{"line":47,"column":17},"end":{"line":50,"column":1}},"6":{"start":{"line":52,"column":19},"end":{"line":65,"column":1}},"7":{"start":{"line":67,"column":13},"end":{"line":71,"column":1}},"8":{"start":{"line":73,"column":14},"end":{"line":78,"column":1}},"9":{"start":{"line":80,"column":22},"end":{"line":82,"column":1}},"10":{"start":{"line":84,"column":17},"end":{"line":87,"column":1}},"11":{"start":{"line":89,"column":21},"end":{"line":92,"column":1}},"12":{"start":{"line":94,"column":21},"end":{"line":97,"column":1}},"13":{"start":{"line":99,"column":19},"end":{"line":101,"column":1}},"14":{"start":{"line":103,"column":20},"end":{"line":106,"column":1}},"15":{"start":{"line":108,"column":19},"end":{"line":108,"column":66}},"16":{"start":{"line":110,"column":18},"end":{"line":204,"column":1}},"17":{"start":{"line":111,"column":46},"end":{"line":111,"column":58}},"18":{"start":{"line":112,"column":34},"end":{"line":112,"column":46}},"19":{"start":{"line":113,"column":34},"end":{"line":113,"column":46}},"20":{"start":{"line":114,"column":28},"end":{"line":114,"column":40}},"21":{"start":{"line":116,"column":27},"end":{"line":124,"column":3}},"22":{"start":{"line":117,"column":4},"end":{"line":123,"column":5}},"23":{"start":{"line":118,"column":6},"end":{"line":118,"column":34}},"24":{"start":{"line":119,"column":11},"end":{"line":123,"column":5}},"25":{"start":{"line":120,"column":6},"end":{"line":120,"column":34}},"26":{"start":{"line":121,"column":11},"end":{"line":123,"column":5}},"27":{"start":{"line":122,"column":6},"end":{"line":122,"column":31}},"28":{"start":{"line":126,"column":21},"end":{"line":132,"column":3}},"29":{"start":{"line":127,"column":4},"end":{"line":127,"column":17}},"30":{"start":{"line":128,"column":4},"end":{"line":128,"column":20}},"31":{"start":{"line":129,"column":4},"end":{"line":129,"column":20}},"32":{"start":{"line":130,"column":4},"end":{"line":130,"column":26}},"33":{"start":{"line":131,"column":4},"end":{"line":131,"column":11}},"34":{"start":{"line":134,"column":23},"end":{"line":163,"column":3}},"35":{"start":{"line":135,"column":4},"end":{"line":135,"column":23}},"36":{"start":{"line":136,"column":4},"end":{"line":136,"column":26}},"37":{"start":{"line":137,"column":16},"end":{"line":137,"column":20}},"38":{"start":{"line":138,"column":18},"end":{"line":138,"column":20}},"39":{"start":{"line":140,"column":4},"end":{"line":143,"column":5}},"40":{"start":{"line":141,"column":6},"end":{"line":141,"column":33}},"41":{"start":{"line":142,"column":6},"end":{"line":142,"column":20}},"42":{"start":{"line":144,"column":4},"end":{"line":147,"column":5}},"43":{"start":{"line":145,"column":6},"end":{"line":145,"column":36}},"44":{"start":{"line":146,"column":6},"end":{"line":146,"column":20}},"45":{"start":{"line":148,"column":4},"end":{"line":151,"column":5}},"46":{"start":{"line":149,"column":6},"end":{"line":149,"column":36}},"47":{"start":{"line":150,"column":6},"end":{"line":150,"column":20}},"48":{"start":{"line":153,"column":4},"end":{"line":153,"column":31}},"49":{"start":{"line":155,"column":4},"end":{"line":162,"column":5}},"50":{"start":{"line":156,"column":19},"end":{"line":156,"column":46}},"51":{"start":{"line":157,"column":6},"end":{"line":157,"column":32}},"52":{"start":{"line":158,"column":6},"end":{"line":158,"column":19}},"53":{"start":{"line":159,"column":6},"end":{"line":159,"column":22}},"54":{"start":{"line":160,"column":6},"end":{"line":160,"column":22}},"55":{"start":{"line":161,"column":6},"end":{"line":161,"column":13}},"56":{"start":{"line":165,"column":2},"end":{"line":203,"column":11}},"57":{"start":{"line":167,"column":35},"end":{"line":167,"column":51}},"58":{"start":{"line":168,"column":31},"end":{"line":168,"column":50}},"59":{"start":{"line":174,"column":39},"end":{"line":174,"column":55}},"60":{"start":{"line":181,"column":129},"end":{"line":181,"column":148}},"61":{"start":{"line":186,"column":130},"end":{"line":186,"column":149}},"62":{"start":{"line":191,"column":90},"end":{"line":191,"column":109}},"63":{"start":{"line":196,"column":67},"end":{"line":196,"column":93}}},"fnMap":{"0":{"name":"(anonymous_0)","decl":{"start":{"line":110,"column":18},"end":{"line":110,"column":19}},"loc":{"start":{"line":110,"column":89},"end":{"line":204,"column":1}},"line":110},"1":{"name":"(anonymous_1)","decl":{"start":{"line":116,"column":27},"end":{"line":116,"column":28}},"loc":{"start":{"line":116,"column":34},"end":{"line":124,"column":3}},"line":116},"2":{"name":"(anonymous_2)","decl":{"start":{"line":126,"column":21},"end":{"line":126,"column":22}},"loc":{"start":{"line":126,"column":31},"end":{"line":132,"column":3}},"line":126},"3":{"name":"(anonymous_3)","decl":{"start":{"line":134,"column":23},"end":{"line":134,"column":24}},"loc":{"start":{"line":134,"column":30},"end":{"line":163,"column":3}},"line":134},"4":{"name":"(anonymous_4)","decl":{"start":{"line":167,"column":29},"end":{"line":167,"column":30}},"loc":{"start":{"line":167,"column":35},"end":{"line":167,"column":51}},"line":167},"5":{"name":"(anonymous_5)","decl":{"start":{"line":168,"column":24},"end":{"line":168,"column":25}},"loc":{"start":{"line":168,"column":31},"end":{"line":168,"column":50}},"line":168},"6":{"name":"(anonymous_6)","decl":{"start":{"line":174,"column":33},"end":{"line":174,"column":34}},"loc":{"start":{"line":174,"column":39},"end":{"line":174,"column":55}},"line":174},"7":{"name":"(anonymous_7)","decl":{"start":{"line":181,"column":122},"end":{"line":181,"column":123}},"loc":{"start":{"line":181,"column":129},"end":{"line":181,"column":148}},"line":181},"8":{"name":"(anonymous_8)","decl":{"start":{"line":186,"column":123},"end":{"line":186,"column":124}},"loc":{"start":{"line":186,"column":130},"end":{"line":186,"column":149}},"line":186},"9":{"name":"(anonymous_9)","decl":{"start":{"line":191,"column":83},"end":{"line":191,"column":84}},"loc":{"start":{"line":191,"column":90},"end":{"line":191,"column":109}},"line":191},"10":{"name":"(anonymous_10)","decl":{"start":{"line":196,"column":51},"end":{"line":196,"column":52}},"loc":{"start":{"line":196,"column":67},"end":{"line":196,"column":93}},"line":196}},"branchMap":{"0":{"loc":{"start":{"line":110,"column":33},"end":{"line":110,"column":64}},"type":"default-arg","locations":[{"start":{"line":110,"column":47},"end":{"line":110,"column":64}}],"line":110},"1":{"loc":{"start":{"line":117,"column":4},"end":{"line":123,"column":5}},"type":"if","locations":[{"start":{"line":117,"column":4},"end":{"line":123,"column":5}},{"start":{"line":119,"column":11},"end":{"line":123,"column":5}}],"line":117},"2":{"loc":{"start":{"line":117,"column":8},"end":{"line":117,"column":62}},"type":"binary-expr","locations":[{"start":{"line":117,"column":8},"end":{"line":117,"column":36}},{"start":{"line":117,"column":40},"end":{"line":117,"column":62}}],"line":117},"3":{"loc":{"start":{"line":119,"column":11},"end":{"line":123,"column":5}},"type":"if","locations":[{"start":{"line":119,"column":11},"end":{"line":123,"column":5}},{"start":{"line":121,"column":11},"end":{"line":123,"column":5}}],"line":119},"4":{"loc":{"start":{"line":119,"column":15},"end":{"line":119,"column":67}},"type":"binary-expr","locations":[{"start":{"line":119,"column":15},"end":{"line":119,"column":43}},{"start":{"line":119,"column":47},"end":{"line":119,"column":67}}],"line":119},"5":{"loc":{"start":{"line":121,"column":11},"end":{"line":123,"column":5}},"type":"if","locations":[{"start":{"line":121,"column":11},"end":{"line":123,"column":5}},{"start":{},"end":{}}],"line":121},"6":{"loc":{"start":{"line":121,"column":15},"end":{"line":121,"column":61}},"type":"binary-expr","locations":[{"start":{"line":121,"column":15},"end":{"line":121,"column":40}},{"start":{"line":121,"column":44},"end":{"line":121,"column":61}}],"line":121},"7":{"loc":{"start":{"line":140,"column":4},"end":{"line":143,"column":5}},"type":"if","locations":[{"start":{"line":140,"column":4},"end":{"line":143,"column":5}},{"start":{},"end":{}}],"line":140},"8":{"loc":{"start":{"line":144,"column":4},"end":{"line":147,"column":5}},"type":"if","locations":[{"start":{"line":144,"column":4},"end":{"line":147,"column":5}},{"start":{},"end":{}}],"line":144},"9":{"loc":{"start":{"line":148,"column":4},"end":{"line":151,"column":5}},"type":"if","locations":[{"start":{"line":148,"column":4},"end":{"line":151,"column":5}},{"start":{},"end":{}}],"line":148},"10":{"loc":{"start":{"line":155,"column":4},"end":{"line":162,"column":5}},"type":"if","locations":[{"start":{"line":155,"column":4},"end":{"line":162,"column":5}},{"start":{},"end":{}}],"line":155},"11":{"loc":{"start":{"line":165,"column":9},"end":{"line":203,"column":10}},"type":"cond-expr","locations":[{"start":{"line":165,"column":16},"end":{"line":203,"column":3}},{"start":{"line":203,"column":6},"end":{"line":203,"column":10}}],"line":165},"12":{"loc":{"start":{"line":193,"column":14},"end":{"line":197,"column":32}},"type":"cond-expr","locations":[{"start":{"line":194,"column":16},"end":{"line":197,"column":24}},{"start":{"line":197,"column":28},"end":{"line":197,"column":32}}],"line":193}},"s":{"0":1,"1":1,"2":1,"3":1,"4":1,"5":1,"6":1,"7":1,"8":1,"9":1,"10":1,"11":1,"12":1,"13":1,"14":1,"15":1,"16":1,"17":0,"18":0,"19":0,"20":0,"21":0,"22":0,"23":0,"24":0,"25":0,"26":0,"27":0,"28":0,"29":0,"30":0,"31":0,"32":0,"33":0,"34":0,"35":0,"36":0,"37":0,"38":0,"39":0,"40":0,"41":0,"42":0,"43":0,"44":0,"45":0,"46":0,"47":0,"48":0,"49":0,"50":0,"51":0,"52":0,"53":0,"54":0,"55":0,"56":0,"57":0,"58":0,"59":0,"60":0,"61":0,"62":0,"63":0},"f":{"0":0,"1":0,"2":0,"3":0,"4":0,"5":0,"6":0,"7":0,"8":0,"9":0,"10":0},"b":{"0":[0],"1":[0,0],"2":[0,0],"3":[0,0],"4":[0,0],"5":[0,0],"6":[0,0],"7":[0,0],"8":[0,0],"9":[0,0],"10":[0,0],"11":[0,0],"12":[0,0]},"_coverageSchema":"1a1c01bbd47fc00a2c39e90264f33305004495a9","hash":"25f594de564df746ea6dd2bb544b30c5079e1056"}
,"/Users/ianhoffman/SEI-2202/fec/fec-client/src/components/Q&A/QA.jsx": {"path":"/Users/ianhoffman/SEI-2202/fec/fec-client/src/components/Q&A/QA.jsx","statementMap":{"0":{"start":{"line":7,"column":24},"end":{"line":7,"column":84}},"1":{"start":{"line":9,"column":21},"end":{"line":12,"column":1}},"2":{"start":{"line":14,"column":24},"end":{"line":18,"column":1}},"3":{"start":{"line":20,"column":15},"end":{"line":29,"column":1}},"4":{"start":{"line":31,"column":19},"end":{"line":36,"column":1}},"5":{"start":{"line":38,"column":20},"end":{"line":44,"column":1}},"6":{"start":{"line":46,"column":19},"end":{"line":52,"column":1}},"7":{"start":{"line":54,"column":11},"end":{"line":56,"column":1}},"8":{"start":{"line":58,"column":11},"end":{"line":121,"column":1}},"9":{"start":{"line":59,"column":18},"end":{"line":59,"column":28}},"10":{"start":{"line":60,"column":19},"end":{"line":60,"column":29}},"11":{"start":{"line":61,"column":21},"end":{"line":61,"column":33}},"12":{"start":{"line":63,"column":40},"end":{"line":63,"column":52}},"13":{"start":{"line":64,"column":26},"end":{"line":64,"column":38}},"14":{"start":{"line":65,"column":37},"end":{"line":65,"column":67}},"15":{"start":{"line":66,"column":30},"end":{"line":66,"column":45}},"16":{"start":{"line":68,"column":30},"end":{"line":71,"column":3}},"17":{"start":{"line":69,"column":4},"end":{"line":69,"column":55}},"18":{"start":{"line":70,"column":4},"end":{"line":70,"column":67}},"19":{"start":{"line":73,"column":29},"end":{"line":75,"column":3}},"20":{"start":{"line":74,"column":4},"end":{"line":74,"column":23}},"21":{"start":{"line":77,"column":28},"end":{"line":80,"column":3}},"22":{"start":{"line":78,"column":4},"end":{"line":78,"column":71}},"23":{"start":{"line":79,"column":4},"end":{"line":79,"column":24}},"24":{"start":{"line":82,"column":2},"end":{"line":94,"column":20}},"25":{"start":{"line":83,"column":4},"end":{"line":93,"column":5}},"26":{"start":{"line":84,"column":27},"end":{"line":84,"column":29}},"27":{"start":{"line":85,"column":6},"end":{"line":85,"column":33}},"28":{"start":{"line":86,"column":6},"end":{"line":88,"column":7}},"29":{"start":{"line":87,"column":8},"end":{"line":87,"column":111}},"30":{"start":{"line":89,"column":6},"end":{"line":89,"column":28}},"31":{"start":{"line":91,"column":6},"end":{"line":91,"column":32}},"32":{"start":{"line":92,"column":6},"end":{"line":92,"column":30}},"33":{"start":{"line":96,"column":2},"end":{"line":104,"column":9}},"34":{"start":{"line":97,"column":4},"end":{"line":103,"column":70}},"35":{"start":{"line":99,"column":8},"end":{"line":99,"column":43}},"36":{"start":{"line":100,"column":8},"end":{"line":100,"column":56}},"37":{"start":{"line":101,"column":8},"end":{"line":101,"column":44}},"38":{"start":{"line":103,"column":22},"end":{"line":103,"column":68}},"39":{"start":{"line":106,"column":2},"end":{"line":120,"column":4}},"40":{"start":{"line":110,"column":90},"end":{"line":110,"column":120}},"41":{"start":{"line":118,"column":43},"end":{"line":118,"column":61}}},"fnMap":{"0":{"name":"(anonymous_0)","decl":{"start":{"line":58,"column":11},"end":{"line":58,"column":12}},"loc":{"start":{"line":58,"column":47},"end":{"line":121,"column":1}},"line":58},"1":{"name":"(anonymous_1)","decl":{"start":{"line":68,"column":30},"end":{"line":68,"column":31}},"loc":{"start":{"line":68,"column":41},"end":{"line":71,"column":3}},"line":68},"2":{"name":"(anonymous_2)","decl":{"start":{"line":73,"column":29},"end":{"line":73,"column":30}},"loc":{"start":{"line":73,"column":40},"end":{"line":75,"column":3}},"line":73},"3":{"name":"(anonymous_3)","decl":{"start":{"line":77,"column":28},"end":{"line":77,"column":29}},"loc":{"start":{"line":77,"column":40},"end":{"line":80,"column":3}},"line":77},"4":{"name":"(anonymous_4)","decl":{"start":{"line":82,"column":12},"end":{"line":82,"column":13}},"loc":{"start":{"line":82,"column":18},"end":{"line":94,"column":3}},"line":82},"5":{"name":"(anonymous_5)","decl":{"start":{"line":96,"column":21},"end":{"line":96,"column":22}},"loc":{"start":{"line":96,"column":27},"end":{"line":104,"column":3}},"line":96},"6":{"name":"(anonymous_6)","decl":{"start":{"line":98,"column":12},"end":{"line":98,"column":13}},"loc":{"start":{"line":98,"column":21},"end":{"line":102,"column":7}},"line":98},"7":{"name":"(anonymous_7)","decl":{"start":{"line":103,"column":13},"end":{"line":103,"column":14}},"loc":{"start":{"line":103,"column":22},"end":{"line":103,"column":68}},"line":103},"8":{"name":"(anonymous_8)","decl":{"start":{"line":110,"column":85},"end":{"line":110,"column":86}},"loc":{"start":{"line":110,"column":90},"end":{"line":110,"column":120}},"line":110},"9":{"name":"(anonymous_9)","decl":{"start":{"line":118,"column":37},"end":{"line":118,"column":38}},"loc":{"start":{"line":118,"column":43},"end":{"line":118,"column":61}},"line":118}},"branchMap":{"0":{"loc":{"start":{"line":83,"column":4},"end":{"line":93,"column":5}},"type":"if","locations":[{"start":{"line":83,"column":4},"end":{"line":93,"column":5}},{"start":{"line":90,"column":11},"end":{"line":93,"column":5}}],"line":83},"1":{"loc":{"start":{"line":87,"column":8},"end":{"line":87,"column":110}},"type":"cond-expr","locations":[{"start":{"line":87,"column":76},"end":{"line":87,"column":98}},{"start":{"line":87,"column":101},"end":{"line":87,"column":110}}],"line":87},"2":{"loc":{"start":{"line":115,"column":9},"end":{"line":115,"column":174}},"type":"cond-expr","locations":[{"start":{"line":115,"column":102},"end":{"line":115,"column":167}},{"start":{"line":115,"column":170},"end":{"line":115,"column":174}}],"line":115},"3":{"loc":{"start":{"line":115,"column":9},"end":{"line":115,"column":99}},"type":"binary-expr","locations":[{"start":{"line":115,"column":9},"end":{"line":115,"column":35}},{"start":{"line":115,"column":39},"end":{"line":115,"column":77}},{"start":{"line":115,"column":81},"end":{"line":115,"column":99}}],"line":115}},"s":{"0":1,"1":1,"2":1,"3":1,"4":1,"5":1,"6":1,"7":1,"8":1,"9":16,"10":16,"11":16,"12":16,"13":16,"14":16,"15":16,"16":16,"17":0,"18":0,"19":16,"20":0,"21":16,"22":0,"23":0,"24":16,"25":0,"26":0,"27":0,"28":0,"29":0,"30":0,"31":0,"32":0,"33":16,"34":0,"35":0,"36":0,"37":0,"38":0,"39":16,"40":0,"41":0},"f":{"0":16,"1":0,"2":0,"3":0,"4":0,"5":0,"6":0,"7":0,"8":0,"9":0},"b":{"0":[0,0],"1":[0,0],"2":[0,16],"3":[16,0,0]},"_coverageSchema":"1a1c01bbd47fc00a2c39e90264f33305004495a9","hash":"ef582e40c64aca2b4e5e2016b4340c41b311d7ff"}
,"/Users/ianhoffman/SEI-2202/fec/fec-client/src/components/Q&A/QAList.jsx": {"path":"/Users/ianhoffman/SEI-2202/fec/fec-client/src/components/Q&A/QAList.jsx","statementMap":{"0":{"start":{"line":7,"column":24},"end":{"line":14,"column":1}},"1":{"start":{"line":16,"column":15},"end":{"line":24,"column":1}},"2":{"start":{"line":17,"column":19},"end":{"line":17,"column":89}},"3":{"start":{"line":17,"column":41},"end":{"line":17,"column":88}},"4":{"start":{"line":19,"column":2},"end":{"line":23,"column":4}},"5":{"start":{"line":21,"column":51},"end":{"line":21,"column":112}}},"fnMap":{"0":{"name":"(anonymous_0)","decl":{"start":{"line":16,"column":15},"end":{"line":16,"column":16}},"loc":{"start":{"line":16,"column":34},"end":{"line":24,"column":1}},"line":16},"1":{"name":"(anonymous_1)","decl":{"start":{"line":17,"column":31},"end":{"line":17,"column":32}},"loc":{"start":{"line":17,"column":41},"end":{"line":17,"column":88}},"line":17},"2":{"name":"(anonymous_2)","decl":{"start":{"line":21,"column":37},"end":{"line":21,"column":38}},"loc":{"start":{"line":21,"column":51},"end":{"line":21,"column":112}},"line":21}},"branchMap":{"0":{"loc":{"start":{"line":21,"column":6},"end":{"line":21,"column":120}},"type":"cond-expr","locations":[{"start":{"line":21,"column":22},"end":{"line":21,"column":113}},{"start":{"line":21,"column":116},"end":{"line":21,"column":120}}],"line":21}},"s":{"0":1,"1":1,"2":0,"3":0,"4":0,"5":0},"f":{"0":0,"1":0,"2":0},"b":{"0":[0,0]},"_coverageSchema":"1a1c01bbd47fc00a2c39e90264f33305004495a9","hash":"11458ce8656aedc27c72ffa16eacf8307a4e7f88"}
,"/Users/ianhoffman/SEI-2202/fec/fec-client/src/components/Q&A/QAListEntry.jsx": {"path":"/Users/ianhoffman/SEI-2202/fec/fec-client/src/components/Q&A/QAListEntry.jsx","statementMap":{"0":{"start":{"line":7,"column":21},"end":{"line":10,"column":1}},"1":{"start":{"line":12,"column":21},"end":{"line":15,"column":1}},"2":{"start":{"line":17,"column":14},"end":{"line":20,"column":1}},"3":{"start":{"line":22,"column":19},"end":{"line":25,"column":1}},"4":{"start":{"line":27,"column":14},"end":{"line":30,"column":1}},"5":{"start":{"line":32,"column":18},"end":{"line":35,"column":1}},"6":{"start":{"line":37,"column":19},"end":{"line":42,"column":1}},"7":{"start":{"line":44,"column":13},"end":{"line":52,"column":1}},"8":{"start":{"line":50,"column":23},"end":{"line":50,"column":47}},"9":{"start":{"line":54,"column":15},"end":{"line":66,"column":1}},"10":{"start":{"line":76,"column":19},"end":{"line":82,"column":1}},"11":{"start":{"line":77,"column":15},"end":{"line":77,"column":17}},"12":{"start":{"line":78,"column":16},"end":{"line":78,"column":18}},"13":{"start":{"line":79,"column":2},"end":{"line":79,"column":113}},"14":{"start":{"line":79,"column":30},"end":{"line":79,"column":111}},"15":{"start":{"line":81,"column":2},"end":{"line":81,"column":33}},"16":{"start":{"line":84,"column":20},"end":{"line":135,"column":1}},"17":{"start":{"line":85,"column":19},"end":{"line":85,"column":51}},"18":{"start":{"line":86,"column":18},"end":{"line":86,"column":37}},"19":{"start":{"line":87,"column":23},"end":{"line":87,"column":110}},"20":{"start":{"line":87,"column":69},"end":{"line":87,"column":104}},"21":{"start":{"line":89,"column":24},"end":{"line":89,"column":58}},"22":{"start":{"line":90,"column":25},"end":{"line":90,"column":38}},"23":{"start":{"line":92,"column":28},"end":{"line":92,"column":67}},"24":{"start":{"line":93,"column":38},"end":{"line":93,"column":66}},"25":{"start":{"line":94,"column":32},"end":{"line":94,"column":75}},"26":{"start":{"line":95,"column":36},"end":{"line":95,"column":51}},"27":{"start":{"line":97,"column":31},"end":{"line":100,"column":3}},"28":{"start":{"line":98,"column":4},"end":{"line":98,"column":110}},"29":{"start":{"line":99,"column":4},"end":{"line":99,"column":109}},"30":{"start":{"line":102,"column":26},"end":{"line":104,"column":3}},"31":{"start":{"line":103,"column":4},"end":{"line":103,"column":23}},"32":{"start":{"line":106,"column":27},"end":{"line":111,"column":3}},"33":{"start":{"line":107,"column":4},"end":{"line":110,"column":5}},"34":{"start":{"line":108,"column":6},"end":{"line":108,"column":36}},"35":{"start":{"line":109,"column":6},"end":{"line":109,"column":26}},"36":{"start":{"line":113,"column":2},"end":{"line":134,"column":4}},"37":{"start":{"line":128,"column":57},"end":{"line":128,"column":124}},"38":{"start":{"line":132,"column":43},"end":{"line":132,"column":62}}},"fnMap":{"0":{"name":"(anonymous_0)","decl":{"start":{"line":50,"column":14},"end":{"line":50,"column":15}},"loc":{"start":{"line":50,"column":23},"end":{"line":50,"column":47}},"line":50},"1":{"name":"(anonymous_1)","decl":{"start":{"line":76,"column":19},"end":{"line":76,"column":20}},"loc":{"start":{"line":76,"column":37},"end":{"line":82,"column":1}},"line":76},"2":{"name":"(anonymous_2)","decl":{"start":{"line":79,"column":18},"end":{"line":79,"column":19}},"loc":{"start":{"line":79,"column":30},"end":{"line":79,"column":111}},"line":79},"3":{"name":"(anonymous_3)","decl":{"start":{"line":84,"column":20},"end":{"line":84,"column":21}},"loc":{"start":{"line":84,"column":41},"end":{"line":135,"column":1}},"line":84},"4":{"name":"(anonymous_4)","decl":{"start":{"line":87,"column":59},"end":{"line":87,"column":60}},"loc":{"start":{"line":87,"column":69},"end":{"line":87,"column":104}},"line":87},"5":{"name":"(anonymous_5)","decl":{"start":{"line":97,"column":31},"end":{"line":97,"column":32}},"loc":{"start":{"line":97,"column":37},"end":{"line":100,"column":3}},"line":97},"6":{"name":"(anonymous_6)","decl":{"start":{"line":102,"column":26},"end":{"line":102,"column":27}},"loc":{"start":{"line":102,"column":32},"end":{"line":104,"column":3}},"line":102},"7":{"name":"(anonymous_7)","decl":{"start":{"line":106,"column":27},"end":{"line":106,"column":28}},"loc":{"start":{"line":106,"column":33},"end":{"line":111,"column":3}},"line":106},"8":{"name":"(anonymous_8)","decl":{"start":{"line":128,"column":40},"end":{"line":128,"column":41}},"loc":{"start":{"line":128,"column":57},"end":{"line":128,"column":124}},"line":128},"9":{"name":"(anonymous_9)","decl":{"start":{"line":132,"column":37},"end":{"line":132,"column":38}},"loc":{"start":{"line":132,"column":43},"end":{"line":132,"column":62}},"line":132}},"branchMap":{"0":{"loc":{"start":{"line":50,"column":23},"end":{"line":50,"column":47}},"type":"binary-expr","locations":[{"start":{"line":50,"column":23},"end":{"line":50,"column":34}},{"start":{"line":50,"column":38},"end":{"line":50,"column":47}}],"line":50},"1":{"loc":{"start":{"line":79,"column":30},"end":{"line":79,"column":111}},"type":"cond-expr","locations":[{"start":{"line":79,"column":69},"end":{"line":79,"column":89}},{"start":{"line":79,"column":92},"end":{"line":79,"column":111}}],"line":79},"2":{"loc":{"start":{"line":87,"column":23},"end":{"line":87,"column":110}},"type":"cond-expr","locations":[{"start":{"line":87,"column":43},"end":{"line":87,"column":105}},{"start":{"line":87,"column":108},"end":{"line":87,"column":110}}],"line":87},"3":{"loc":{"start":{"line":98,"column":4},"end":{"line":98,"column":109}},"type":"cond-expr","locations":[{"start":{"line":98,"column":40},"end":{"line":98,"column":73}},{"start":{"line":98,"column":76},"end":{"line":98,"column":109}}],"line":98},"4":{"loc":{"start":{"line":99,"column":4},"end":{"line":99,"column":108}},"type":"cond-expr","locations":[{"start":{"line":99,"column":27},"end":{"line":99,"column":60}},{"start":{"line":99,"column":63},"end":{"line":99,"column":108}}],"line":99},"5":{"loc":{"start":{"line":107,"column":4},"end":{"line":110,"column":5}},"type":"if","locations":[{"start":{"line":107,"column":4},"end":{"line":110,"column":5}},{"start":{},"end":{}}],"line":107},"6":{"loc":{"start":{"line":126,"column":9},"end":{"line":126,"column":50}},"type":"cond-expr","locations":[{"start":{"line":126,"column":26},"end":{"line":126,"column":43}},{"start":{"line":126,"column":46},"end":{"line":126,"column":50}}],"line":126},"7":{"loc":{"start":{"line":128,"column":11},"end":{"line":128,"column":132}},"type":"cond-expr","locations":[{"start":{"line":128,"column":28},"end":{"line":128,"column":125}},{"start":{"line":128,"column":128},"end":{"line":128,"column":132}}],"line":128},"8":{"loc":{"start":{"line":129,"column":11},"end":{"line":129,"column":120}},"type":"cond-expr","locations":[{"start":{"line":129,"column":35},"end":{"line":129,"column":113}},{"start":{"line":129,"column":116},"end":{"line":129,"column":120}}],"line":129},"9":{"loc":{"start":{"line":132,"column":8},"end":{"line":132,"column":73}},"type":"cond-expr","locations":[{"start":{"line":132,"column":20},"end":{"line":132,"column":66}},{"start":{"line":132,"column":69},"end":{"line":132,"column":73}}],"line":132}},"s":{"0":1,"1":1,"2":1,"3":1,"4":1,"5":1,"6":1,"7":1,"8":0,"9":1,"10":1,"11":0,"12":0,"13":0,"14":0,"15":0,"16":1,"17":0,"18":0,"19":0,"20":0,"21":0,"22":0,"23":0,"24":0,"25":0,"26":0,"27":0,"28":0,"29":0,"30":0,"31":0,"32":0,"33":0,"34":0,"35":0,"36":0,"37":0,"38":0},"f":{"0":0,"1":0,"2":0,"3":0,"4":0,"5":0,"6":0,"7":0,"8":0,"9":0},"b":{"0":[0,0],"1":[0,0],"2":[0,0],"3":[0,0],"4":[0,0],"5":[0,0],"6":[0,0],"7":[0,0],"8":[0,0],"9":[0,0]},"_coverageSchema":"1a1c01bbd47fc00a2c39e90264f33305004495a9","hash":"6b025d070912d2594b2fd6f87ca6f103ac13969d"}
,"/Users/ianhoffman/SEI-2202/fec/fec-client/src/components/Ratings/countTotalAndAverage.js": {"path":"/Users/ianhoffman/SEI-2202/fec/fec-client/src/components/Ratings/countTotalAndAverage.js","statementMap":{"0":{"start":{"line":1,"column":29},"end":{"line":10,"column":1}},"1":{"start":{"line":2,"column":14},"end":{"line":2,"column":15}},"2":{"start":{"line":3,"column":17},"end":{"line":3,"column":18}},"3":{"start":{"line":4,"column":2},"end":{"line":7,"column":3}},"4":{"start":{"line":5,"column":4},"end":{"line":5,"column":32}},"5":{"start":{"line":6,"column":4},"end":{"line":6,"column":51}},"6":{"start":{"line":8,"column":18},"end":{"line":8,"column":56}},"7":{"start":{"line":9,"column":2},"end":{"line":9,"column":26}}},"fnMap":{"0":{"name":"(anonymous_0)","decl":{"start":{"line":1,"column":29},"end":{"line":1,"column":30}},"loc":{"start":{"line":1,"column":38},"end":{"line":10,"column":1}},"line":1}},"branchMap":{},"s":{"0":1,"1":0,"2":0,"3":0,"4":0,"5":0,"6":0,"7":0},"f":{"0":0},"b":{},"_coverageSchema":"1a1c01bbd47fc00a2c39e90264f33305004495a9","hash":"059104b9af1cf75bec0253b2f17210178ee0116c"}
,"/Users/ianhoffman/SEI-2202/fec/fec-client/src/components/Ratings/index.jsx": {"path":"/Users/ianhoffman/SEI-2202/fec/fec-client/src/components/Ratings/index.jsx","statementMap":{"0":{"start":{"line":10,"column":25},"end":{"line":12,"column":1}},"1":{"start":{"line":14,"column":16},"end":{"line":59,"column":1}},"2":{"start":{"line":15,"column":26},"end":{"line":15,"column":38}},"3":{"start":{"line":16,"column":40},"end":{"line":16,"column":52}},"4":{"start":{"line":17,"column":34},"end":{"line":17,"column":46}},"5":{"start":{"line":18,"column":32},"end":{"line":18,"column":58}},"6":{"start":{"line":20,"column":2},"end":{"line":27,"column":9}},"7":{"start":{"line":21,"column":4},"end":{"line":26,"column":40}},"8":{"start":{"line":23,"column":8},"end":{"line":23,"column":39}},"9":{"start":{"line":24,"column":8},"end":{"line":24,"column":46}},"10":{"start":{"line":26,"column":22},"end":{"line":26,"column":38}},"11":{"start":{"line":29,"column":2},"end":{"line":36,"column":9}},"12":{"start":{"line":30,"column":4},"end":{"line":35,"column":40}},"13":{"start":{"line":32,"column":8},"end":{"line":32,"column":35}},"14":{"start":{"line":33,"column":8},"end":{"line":33,"column":63}},"15":{"start":{"line":35,"column":22},"end":{"line":35,"column":38}},"16":{"start":{"line":38,"column":2},"end":{"line":44,"column":16}},"17":{"start":{"line":39,"column":4},"end":{"line":43,"column":5}},"18":{"start":{"line":40,"column":6},"end":{"line":40,"column":27}},"19":{"start":{"line":42,"column":6},"end":{"line":42,"column":78}},"20":{"start":{"line":42,"column":43},"end":{"line":42,"column":75}},"21":{"start":{"line":46,"column":25},"end":{"line":48,"column":3}},"22":{"start":{"line":47,"column":4},"end":{"line":47,"column":80}},"23":{"start":{"line":47,"column":41},"end":{"line":47,"column":77}},"24":{"start":{"line":50,"column":2},"end":{"line":57,"column":4}}},"fnMap":{"0":{"name":"(anonymous_0)","decl":{"start":{"line":14,"column":16},"end":{"line":14,"column":17}},"loc":{"start":{"line":14,"column":41},"end":{"line":59,"column":1}},"line":14},"1":{"name":"(anonymous_1)","decl":{"start":{"line":20,"column":12},"end":{"line":20,"column":13}},"loc":{"start":{"line":20,"column":18},"end":{"line":27,"column":3}},"line":20},"2":{"name":"(anonymous_2)","decl":{"start":{"line":22,"column":12},"end":{"line":22,"column":13}},"loc":{"start":{"line":22,"column":26},"end":{"line":25,"column":7}},"line":22},"3":{"name":"(anonymous_3)","decl":{"start":{"line":26,"column":13},"end":{"line":26,"column":14}},"loc":{"start":{"line":26,"column":22},"end":{"line":26,"column":38}},"line":26},"4":{"name":"(anonymous_4)","decl":{"start":{"line":29,"column":12},"end":{"line":29,"column":13}},"loc":{"start":{"line":29,"column":18},"end":{"line":36,"column":3}},"line":29},"5":{"name":"(anonymous_5)","decl":{"start":{"line":31,"column":12},"end":{"line":31,"column":13}},"loc":{"start":{"line":31,"column":26},"end":{"line":34,"column":7}},"line":31},"6":{"name":"(anonymous_6)","decl":{"start":{"line":35,"column":13},"end":{"line":35,"column":14}},"loc":{"start":{"line":35,"column":22},"end":{"line":35,"column":38}},"line":35},"7":{"name":"(anonymous_7)","decl":{"start":{"line":38,"column":12},"end":{"line":38,"column":13}},"loc":{"start":{"line":38,"column":18},"end":{"line":44,"column":3}},"line":38},"8":{"name":"(anonymous_8)","decl":{"start":{"line":42,"column":33},"end":{"line":42,"column":34}},"loc":{"start":{"line":42,"column":43},"end":{"line":42,"column":75}},"line":42},"9":{"name":"(anonymous_9)","decl":{"start":{"line":46,"column":25},"end":{"line":46,"column":26}},"loc":{"start":{"line":46,"column":37},"end":{"line":48,"column":3}},"line":46},"10":{"name":"(anonymous_10)","decl":{"start":{"line":47,"column":27},"end":{"line":47,"column":28}},"loc":{"start":{"line":47,"column":41},"end":{"line":47,"column":77}},"line":47}},"branchMap":{"0":{"loc":{"start":{"line":39,"column":4},"end":{"line":43,"column":5}},"type":"if","locations":[{"start":{"line":39,"column":4},"end":{"line":43,"column":5}},{"start":{"line":41,"column":11},"end":{"line":43,"column":5}}],"line":39},"1":{"loc":{"start":{"line":47,"column":41},"end":{"line":47,"column":77}},"type":"cond-expr","locations":[{"start":{"line":47,"column":64},"end":{"line":47,"column":73}},{"start":{"line":47,"column":76},"end":{"line":47,"column":77}}],"line":47}},"s":{"0":1,"1":1,"2":2,"3":2,"4":2,"5":2,"6":2,"7":1,"8":0,"9":0,"10":0,"11":2,"12":1,"13":0,"14":0,"15":0,"16":2,"17":1,"18":1,"19":0,"20":0,"21":2,"22":0,"23":0,"24":2},"f":{"0":2,"1":1,"2":0,"3":0,"4":1,"5":0,"6":0,"7":1,"8":0,"9":0,"10":0},"b":{"0":[1,0],"1":[0,0]},"_coverageSchema":"1a1c01bbd47fc00a2c39e90264f33305004495a9","hash":"018453598a02949aedd2b38576498a2068103cca"}
,"/Users/ianhoffman/SEI-2202/fec/fec-client/src/components/Ratings/RatingsBreakdown/Factor.jsx": {"path":"/Users/ianhoffman/SEI-2202/fec/fec-client/src/components/Ratings/RatingsBreakdown/Factor.jsx","statementMap":{"0":{"start":{"line":6,"column":24},"end":{"line":12,"column":1}},"1":{"start":{"line":14,"column":29},"end":{"line":20,"column":1}},"2":{"start":{"line":22,"column":15},"end":{"line":33,"column":1}},"3":{"start":{"line":23,"column":2},"end":{"line":32,"column":4}}},"fnMap":{"0":{"name":"(anonymous_0)","decl":{"start":{"line":22,"column":15},"end":{"line":22,"column":16}},"loc":{"start":{"line":22,"column":46},"end":{"line":33,"column":1}},"line":22}},"branchMap":{},"s":{"0":1,"1":1,"2":1,"3":0},"f":{"0":0},"b":{},"_coverageSchema":"1a1c01bbd47fc00a2c39e90264f33305004495a9","hash":"9df0102aa37a5fbeae9378968fe5dfa9b7ac8d32"}
,"/Users/ianhoffman/SEI-2202/fec/fec-client/src/components/Ratings/RatingsBreakdown/FactorSlider.jsx": {"path":"/Users/ianhoffman/SEI-2202/fec/fec-client/src/components/Ratings/RatingsBreakdown/FactorSlider.jsx","statementMap":{"0":{"start":{"line":5,"column":21},"end":{"line":13,"column":1}},"1":{"start":{"line":6,"column":18},"end":{"line":6,"column":27}},"2":{"start":{"line":7,"column":2},"end":{"line":12,"column":4}}},"fnMap":{"0":{"name":"(anonymous_0)","decl":{"start":{"line":5,"column":21},"end":{"line":5,"column":22}},"loc":{"start":{"line":5,"column":36},"end":{"line":13,"column":1}},"line":5}},"branchMap":{},"s":{"0":1,"1":0,"2":0},"f":{"0":0},"b":{},"_coverageSchema":"1a1c01bbd47fc00a2c39e90264f33305004495a9","hash":"800f8c1e763e9e32669029117375ecd72aa9acfa"}
,"/Users/ianhoffman/SEI-2202/fec/fec-client/src/components/Ratings/RatingsBreakdown/ProductBreakdown.jsx": {"path":"/Users/ianhoffman/SEI-2202/fec/fec-client/src/components/Ratings/RatingsBreakdown/ProductBreakdown.jsx","statementMap":{"0":{"start":{"line":5,"column":25},"end":{"line":13,"column":1}},"1":{"start":{"line":15,"column":25},"end":{"line":35,"column":1}},"2":{"start":{"line":17,"column":2},"end":{"line":33,"column":4}}},"fnMap":{"0":{"name":"(anonymous_0)","decl":{"start":{"line":15,"column":25},"end":{"line":15,"column":26}},"loc":{"start":{"line":15,"column":46},"end":{"line":35,"column":1}},"line":15}},"branchMap":{"0":{"loc":{"start":{"line":19,"column":8},"end":{"line":20,"column":116}},"type":"cond-expr","locations":[{"start":{"line":20,"column":8},"end":{"line":20,"column":109}},{"start":{"line":20,"column":112},"end":{"line":20,"column":116}}],"line":19},"1":{"loc":{"start":{"line":21,"column":8},"end":{"line":22,"column":117}},"type":"cond-expr","locations":[{"start":{"line":22,"column":8},"end":{"line":22,"column":110}},{"start":{"line":22,"column":113},"end":{"line":22,"column":117}}],"line":21},"2":{"loc":{"start":{"line":23,"column":8},"end":{"line":24,"column":118}},"type":"cond-expr","locations":[{"start":{"line":24,"column":8},"end":{"line":24,"column":111}},{"start":{"line":24,"column":114},"end":{"line":24,"column":118}}],"line":23},"3":{"loc":{"start":{"line":25,"column":8},"end":{"line":26,"column":106}},"type":"cond-expr","locations":[{"start":{"line":26,"column":8},"end":{"line":26,"column":99}},{"start":{"line":26,"column":102},"end":{"line":26,"column":106}}],"line":25},"4":{"loc":{"start":{"line":27,"column":8},"end":{"line":28,"column":114}},"type":"cond-expr","locations":[{"start":{"line":28,"column":8},"end":{"line":28,"column":107}},{"start":{"line":28,"column":110},"end":{"line":28,"column":114}}],"line":27},"5":{"loc":{"start":{"line":29,"column":8},"end":{"line":31,"column":12}},"type":"cond-expr","locations":[{"start":{"line":30,"column":8},"end":{"line":30,"column":118}},{"start":{"line":31,"column":8},"end":{"line":31,"column":12}}],"line":29}},"s":{"0":1,"1":1,"2":0},"f":{"0":0},"b":{"0":[0,0],"1":[0,0],"2":[0,0],"3":[0,0],"4":[0,0],"5":[0,0]},"_coverageSchema":"1a1c01bbd47fc00a2c39e90264f33305004495a9","hash":"c9aba7cb124be0f3dfcd3d4e355d2347a02d8bf6"}
,"/Users/ianhoffman/SEI-2202/fec/fec-client/src/components/Ratings/RatingsBreakdown/ReviewBar.jsx": {"path":"/Users/ianhoffman/SEI-2202/fec/fec-client/src/components/Ratings/RatingsBreakdown/ReviewBar.jsx","statementMap":{"0":{"start":{"line":4,"column":12},"end":{"line":19,"column":1}},"1":{"start":{"line":22,"column":18},"end":{"line":49,"column":1}},"2":{"start":{"line":23,"column":32},"end":{"line":23,"column":47}},"3":{"start":{"line":24,"column":18},"end":{"line":24,"column":35}},"4":{"start":{"line":26,"column":22},"end":{"line":28,"column":3}},"5":{"start":{"line":27,"column":4},"end":{"line":27,"column":25}},"6":{"start":{"line":30,"column":22},"end":{"line":33,"column":3}},"7":{"start":{"line":31,"column":4},"end":{"line":31,"column":18}},"8":{"start":{"line":32,"column":4},"end":{"line":32,"column":27}},"9":{"start":{"line":35,"column":2},"end":{"line":48,"column":4}}},"fnMap":{"0":{"name":"(anonymous_0)","decl":{"start":{"line":22,"column":18},"end":{"line":22,"column":19}},"loc":{"start":{"line":22,"column":62},"end":{"line":49,"column":1}},"line":22},"1":{"name":"(anonymous_1)","decl":{"start":{"line":26,"column":22},"end":{"line":26,"column":23}},"loc":{"start":{"line":26,"column":28},"end":{"line":28,"column":3}},"line":26},"2":{"name":"(anonymous_2)","decl":{"start":{"line":30,"column":22},"end":{"line":30,"column":23}},"loc":{"start":{"line":30,"column":28},"end":{"line":33,"column":3}},"line":30}},"branchMap":{"0":{"loc":{"start":{"line":36,"column":23},"end":{"line":36,"column":47}},"type":"cond-expr","locations":[{"start":{"line":36,"column":33},"end":{"line":36,"column":42}},{"start":{"line":36,"column":45},"end":{"line":36,"column":47}}],"line":36}},"s":{"0":1,"1":1,"2":0,"3":0,"4":0,"5":0,"6":0,"7":0,"8":0,"9":0},"f":{"0":0,"1":0,"2":0},"b":{"0":[0,0]},"_coverageSchema":"1a1c01bbd47fc00a2c39e90264f33305004495a9","hash":"7ee9283641665041a3181692e9308bc7defda779"}
,"/Users/ianhoffman/SEI-2202/fec/fec-client/src/components/Ratings/RatingsBreakdown/ReviewBreakdown.jsx": {"path":"/Users/ianhoffman/SEI-2202/fec/fec-client/src/components/Ratings/RatingsBreakdown/ReviewBreakdown.jsx","statementMap":{"0":{"start":{"line":8,"column":33},"end":{"line":13,"column":1}},"1":{"start":{"line":15,"column":16},"end":{"line":20,"column":1}},"2":{"start":{"line":22,"column":16},"end":{"line":25,"column":1}},"3":{"start":{"line":27,"column":18},"end":{"line":30,"column":1}},"4":{"start":{"line":32,"column":24},"end":{"line":54,"column":1}},"5":{"start":{"line":33,"column":27},"end":{"line":33,"column":61}},"6":{"start":{"line":34,"column":29},"end":{"line":34,"column":81}},"7":{"start":{"line":36,"column":2},"end":{"line":52,"column":4}}},"fnMap":{"0":{"name":"(anonymous_0)","decl":{"start":{"line":32,"column":24},"end":{"line":32,"column":25}},"loc":{"start":{"line":32,"column":73},"end":{"line":54,"column":1}},"line":32}},"branchMap":{"0":{"loc":{"start":{"line":45,"column":37},"end":{"line":45,"column":55}},"type":"binary-expr","locations":[{"start":{"line":45,"column":37},"end":{"line":45,"column":50}},{"start":{"line":45,"column":54},"end":{"line":45,"column":55}}],"line":45},"1":{"loc":{"start":{"line":46,"column":37},"end":{"line":46,"column":55}},"type":"binary-expr","locations":[{"start":{"line":46,"column":37},"end":{"line":46,"column":50}},{"start":{"line":46,"column":54},"end":{"line":46,"column":55}}],"line":46},"2":{"loc":{"start":{"line":47,"column":37},"end":{"line":47,"column":55}},"type":"binary-expr","locations":[{"start":{"line":47,"column":37},"end":{"line":47,"column":50}},{"start":{"line":47,"column":54},"end":{"line":47,"column":55}}],"line":47},"3":{"loc":{"start":{"line":48,"column":37},"end":{"line":48,"column":55}},"type":"binary-expr","locations":[{"start":{"line":48,"column":37},"end":{"line":48,"column":50}},{"start":{"line":48,"column":54},"end":{"line":48,"column":55}}],"line":48},"4":{"loc":{"start":{"line":49,"column":37},"end":{"line":49,"column":55}},"type":"binary-expr","locations":[{"start":{"line":49,"column":37},"end":{"line":49,"column":50}},{"start":{"line":49,"column":54},"end":{"line":49,"column":55}}],"line":49}},"s":{"0":1,"1":1,"2":1,"3":1,"4":1,"5":0,"6":0,"7":0},"f":{"0":0},"b":{"0":[0,0],"1":[0,0],"2":[0,0],"3":[0,0],"4":[0,0]},"_coverageSchema":"1a1c01bbd47fc00a2c39e90264f33305004495a9","hash":"81ea601e2d5fa42b9b35d2b93c125112784783fb"}
,"/Users/ianhoffman/SEI-2202/fec/fec-client/src/components/Ratings/RatingsBreakdown/index.jsx": {"path":"/Users/ianhoffman/SEI-2202/fec/fec-client/src/components/Ratings/RatingsBreakdown/index.jsx","statementMap":{"0":{"start":{"line":7,"column":34},"end":{"line":15,"column":1}},"1":{"start":{"line":18,"column":25},"end":{"line":26,"column":1}},"2":{"start":{"line":20,"column":2},"end":{"line":25,"column":4}}},"fnMap":{"0":{"name":"(anonymous_0)","decl":{"start":{"line":18,"column":25},"end":{"line":18,"column":26}},"loc":{"start":{"line":18,"column":59},"end":{"line":26,"column":1}},"line":18}},"branchMap":{"0":{"loc":{"start":{"line":22,"column":8},"end":{"line":22,"column":157}},"type":"cond-expr","locations":[{"start":{"line":22,"column":27},"end":{"line":22,"column":150}},{"start":{"line":22,"column":153},"end":{"line":22,"column":157}}],"line":22},"1":{"loc":{"start":{"line":23,"column":8},"end":{"line":23,"column":103}},"type":"cond-expr","locations":[{"start":{"line":23,"column":35},"end":{"line":23,"column":96}},{"start":{"line":23,"column":99},"end":{"line":23,"column":103}}],"line":23}},"s":{"0":1,"1":1,"2":2},"f":{"0":2},"b":{"0":[0,2],"1":[0,2]},"_coverageSchema":"1a1c01bbd47fc00a2c39e90264f33305004495a9","hash":"aa7852dc000da241bcf4cc8cffb2534fed47269f"}
,"/Users/ianhoffman/SEI-2202/fec/fec-client/src/components/Ratings/ReviewList/Modal.jsx": {"path":"/Users/ianhoffman/SEI-2202/fec/fec-client/src/components/Ratings/ReviewList/Modal.jsx","statementMap":{"0":{"start":{"line":4,"column":14},"end":{"line":11,"column":1}},"1":{"start":{"line":13,"column":21},"end":{"line":26,"column":1}},"2":{"start":{"line":28,"column":21},"end":{"line":32,"column":1}},"3":{"start":{"line":34,"column":15},"end":{"line":42,"column":1}},"4":{"start":{"line":45,"column":19},"end":{"line":52,"column":1}},"5":{"start":{"line":46,"column":2},"end":{"line":51,"column":10}}},"fnMap":{"0":{"name":"(anonymous_0)","decl":{"start":{"line":45,"column":19},"end":{"line":45,"column":20}},"loc":{"start":{"line":46,"column":2},"end":{"line":51,"column":10}},"line":46}},"branchMap":{},"s":{"0":1,"1":1,"2":1,"3":1,"4":1,"5":1},"f":{"0":1},"b":{},"_coverageSchema":"1a1c01bbd47fc00a2c39e90264f33305004495a9","hash":"8e5e890ce69e5e45b2b061cd78dcdb4201f30b06"}
,"/Users/ianhoffman/SEI-2202/fec/fec-client/src/components/Ratings/ReviewList/Photos.jsx": {"path":"/Users/ianhoffman/SEI-2202/fec/fec-client/src/components/Ratings/ReviewList/Photos.jsx","statementMap":{"0":{"start":{"line":5,"column":23},"end":{"line":9,"column":1}},"1":{"start":{"line":11,"column":14},"end":{"line":13,"column":1}},"2":{"start":{"line":15,"column":15},"end":{"line":34,"column":1}},"3":{"start":{"line":16,"column":28},"end":{"line":16,"column":43}},"4":{"start":{"line":17,"column":42},"end":{"line":17,"column":56}},"5":{"start":{"line":19,"column":22},"end":{"line":22,"column":3}},"6":{"start":{"line":20,"column":4},"end":{"line":20,"column":21}},"7":{"start":{"line":21,"column":4},"end":{"line":21,"column":27}},"8":{"start":{"line":24,"column":2},"end":{"line":33,"column":4}},"9":{"start":{"line":28,"column":10},"end":{"line":28,"column":95}},"10":{"start":{"line":28,"column":67},"end":{"line":28,"column":85}}},"fnMap":{"0":{"name":"(anonymous_0)","decl":{"start":{"line":15,"column":15},"end":{"line":15,"column":16}},"loc":{"start":{"line":15,"column":31},"end":{"line":34,"column":1}},"line":15},"1":{"name":"(anonymous_1)","decl":{"start":{"line":19,"column":22},"end":{"line":19,"column":23}},"loc":{"start":{"line":19,"column":33},"end":{"line":22,"column":3}},"line":19},"2":{"name":"(anonymous_2)","decl":{"start":{"line":27,"column":20},"end":{"line":27,"column":21}},"loc":{"start":{"line":28,"column":10},"end":{"line":28,"column":95}},"line":28},"3":{"name":"(anonymous_3)","decl":{"start":{"line":28,"column":61},"end":{"line":28,"column":62}},"loc":{"start":{"line":28,"column":67},"end":{"line":28,"column":85}},"line":28}},"branchMap":{"0":{"loc":{"start":{"line":31,"column":8},"end":{"line":31,"column":82}},"type":"cond-expr","locations":[{"start":{"line":31,"column":16},"end":{"line":31,"column":75}},{"start":{"line":31,"column":78},"end":{"line":31,"column":82}}],"line":31}},"s":{"0":1,"1":1,"2":1,"3":23,"4":23,"5":23,"6":1,"7":1,"8":23,"9":64,"10":1},"f":{"0":23,"1":1,"2":64,"3":1},"b":{"0":[1,22]},"_coverageSchema":"1a1c01bbd47fc00a2c39e90264f33305004495a9","hash":"d1de4228c9a4fca49760d0a03028b0daf24cf3dd"}
,"/Users/ianhoffman/SEI-2202/fec/fec-client/src/components/Ratings/ReviewList/ReviewTile.jsx": {"path":"/Users/ianhoffman/SEI-2202/fec/fec-client/src/components/Ratings/ReviewList/ReviewTile.jsx","statementMap":{"0":{"start":{"line":10,"column":13},"end":{"line":15,"column":1}},"1":{"start":{"line":17,"column":17},"end":{"line":28,"column":1}},"2":{"start":{"line":30,"column":22},"end":{"line":38,"column":1}},"3":{"start":{"line":40,"column":13},"end":{"line":43,"column":1}},"4":{"start":{"line":45,"column":13},"end":{"line":47,"column":1}},"5":{"start":{"line":49,"column":16},"end":{"line":52,"column":1}},"6":{"start":{"line":54,"column":13},"end":{"line":56,"column":1}},"7":{"start":{"line":58,"column":17},"end":{"line":64,"column":1}},"8":{"start":{"line":66,"column":18},"end":{"line":69,"column":1}},"9":{"start":{"line":71,"column":16},"end":{"line":76,"column":1}},"10":{"start":{"line":78,"column":22},"end":{"line":83,"column":1}},"11":{"start":{"line":85,"column":19},"end":{"line":133,"column":1}},"12":{"start":{"line":86,"column":32},"end":{"line":86,"column":60}},"13":{"start":{"line":87,"column":34},"end":{"line":87,"column":68}},"14":{"start":{"line":89,"column":29},"end":{"line":95,"column":3}},"15":{"start":{"line":90,"column":4},"end":{"line":90,"column":28}},"16":{"start":{"line":91,"column":4},"end":{"line":93,"column":45}},"17":{"start":{"line":93,"column":24},"end":{"line":93,"column":41}},"18":{"start":{"line":97,"column":25},"end":{"line":99,"column":3}},"19":{"start":{"line":98,"column":4},"end":{"line":98,"column":23}},"20":{"start":{"line":101,"column":2},"end":{"line":131,"column":4}}},"fnMap":{"0":{"name":"(anonymous_0)","decl":{"start":{"line":85,"column":19},"end":{"line":85,"column":20}},"loc":{"start":{"line":85,"column":35},"end":{"line":133,"column":1}},"line":85},"1":{"name":"(anonymous_1)","decl":{"start":{"line":89,"column":29},"end":{"line":89,"column":30}},"loc":{"start":{"line":89,"column":35},"end":{"line":95,"column":3}},"line":89},"2":{"name":"(anonymous_2)","decl":{"start":{"line":92,"column":12},"end":{"line":92,"column":13}},"loc":{"start":{"line":92,"column":18},"end":{"line":92,"column":20}},"line":92},"3":{"name":"(anonymous_3)","decl":{"start":{"line":93,"column":13},"end":{"line":93,"column":14}},"loc":{"start":{"line":93,"column":22},"end":{"line":93,"column":43}},"line":93},"4":{"name":"(anonymous_4)","decl":{"start":{"line":97,"column":25},"end":{"line":97,"column":26}},"loc":{"start":{"line":97,"column":31},"end":{"line":99,"column":3}},"line":97}},"branchMap":{"0":{"loc":{"start":{"line":110,"column":10},"end":{"line":114,"column":58}},"type":"cond-expr","locations":[{"start":{"line":111,"column":10},"end":{"line":113,"column":17}},{"start":{"line":114,"column":10},"end":{"line":114,"column":58}}],"line":110},"1":{"loc":{"start":{"line":117,"column":9},"end":{"line":121,"column":14}},"type":"cond-expr","locations":[{"start":{"line":118,"column":10},"end":{"line":120,"column":22}},{"start":{"line":121,"column":10},"end":{"line":121,"column":14}}],"line":117},"2":{"loc":{"start":{"line":126,"column":10},"end":{"line":126,"column":84}},"type":"cond-expr","locations":[{"start":{"line":126,"column":28},"end":{"line":126,"column":77}},{"start":{"line":126,"column":80},"end":{"line":126,"column":84}}],"line":126}},"s":{"0":1,"1":1,"2":1,"3":1,"4":1,"5":1,"6":1,"7":1,"8":1,"9":1,"10":1,"11":1,"12":22,"13":22,"14":22,"15":0,"16":0,"17":0,"18":22,"19":1,"20":22},"f":{"0":22,"1":0,"2":0,"3":0,"4":1},"b":{"0":[11,11],"1":[10,12],"2":[8,14]},"_coverageSchema":"1a1c01bbd47fc00a2c39e90264f33305004495a9","hash":"cb396399b1f4678195ebfccab8a7d40e0c1eede9"}
,"/Users/ianhoffman/SEI-2202/fec/fec-client/src/components/Ratings/ReviewList/index.jsx": {"path":"/Users/ianhoffman/SEI-2202/fec/fec-client/src/components/Ratings/ReviewList/index.jsx","statementMap":{"0":{"start":{"line":7,"column":24},"end":{"line":14,"column":1}},"1":{"start":{"line":16,"column":17},"end":{"line":20,"column":1}},"2":{"start":{"line":22,"column":19},"end":{"line":38,"column":1}},"3":{"start":{"line":23,"column":38},"end":{"line":23,"column":49}},"4":{"start":{"line":25,"column":30},"end":{"line":27,"column":3}},"5":{"start":{"line":26,"column":4},"end":{"line":26,"column":34}},"6":{"start":{"line":29,"column":2},"end":{"line":37,"column":4}},"7":{"start":{"line":32,"column":8},"end":{"line":32,"column":65}}},"fnMap":{"0":{"name":"(anonymous_0)","decl":{"start":{"line":22,"column":19},"end":{"line":22,"column":20}},"loc":{"start":{"line":22,"column":34},"end":{"line":38,"column":1}},"line":22},"1":{"name":"(anonymous_1)","decl":{"start":{"line":25,"column":30},"end":{"line":25,"column":31}},"loc":{"start":{"line":25,"column":36},"end":{"line":27,"column":3}},"line":25},"2":{"name":"(anonymous_2)","decl":{"start":{"line":31,"column":40},"end":{"line":31,"column":41}},"loc":{"start":{"line":32,"column":8},"end":{"line":32,"column":65}},"line":32}},"branchMap":{"0":{"loc":{"start":{"line":34,"column":8},"end":{"line":34,"column":116}},"type":"cond-expr","locations":[{"start":{"line":34,"column":38},"end":{"line":34,"column":109}},{"start":{"line":34,"column":112},"end":{"line":34,"column":116}}],"line":34}},"s":{"0":1,"1":1,"2":1,"3":13,"4":13,"5":1,"6":13,"7":21},"f":{"0":13,"1":1,"2":21},"b":{"0":[6,7]},"_coverageSchema":"1a1c01bbd47fc00a2c39e90264f33305004495a9","hash":"0f0075ca14e52f86b61c21ef706fc55aeba1c12a"}
,"/Users/ianhoffman/SEI-2202/fec/fec-client/src/components/Ratings/Write/Characteristics.jsx": {"path":"/Users/ianhoffman/SEI-2202/fec/fec-client/src/components/Ratings/Write/Characteristics.jsx","statementMap":{"0":{"start":{"line":5,"column":12},"end":{"line":9,"column":1}},"1":{"start":{"line":11,"column":18},"end":{"line":14,"column":1}},"2":{"start":{"line":17,"column":23},"end":{"line":41,"column":1}},"3":{"start":{"line":18,"column":36},"end":{"line":18,"column":62}},"4":{"start":{"line":20,"column":32},"end":{"line":24,"column":3}},"5":{"start":{"line":22,"column":4},"end":{"line":22,"column":58}},"6":{"start":{"line":23,"column":4},"end":{"line":23,"column":55}},"7":{"start":{"line":26,"column":2},"end":{"line":38,"column":4}}},"fnMap":{"0":{"name":"(anonymous_0)","decl":{"start":{"line":17,"column":23},"end":{"line":17,"column":24}},"loc":{"start":{"line":17,"column":67},"end":{"line":41,"column":1}},"line":17},"1":{"name":"(anonymous_1)","decl":{"start":{"line":20,"column":32},"end":{"line":20,"column":33}},"loc":{"start":{"line":20,"column":39},"end":{"line":24,"column":3}},"line":20}},"branchMap":{},"s":{"0":1,"1":1,"2":1,"3":0,"4":0,"5":0,"6":0,"7":0},"f":{"0":0,"1":0},"b":{},"_coverageSchema":"1a1c01bbd47fc00a2c39e90264f33305004495a9","hash":"123c954739e70aeab53ee48b5dbf059457381e30"}
,"/Users/ianhoffman/SEI-2202/fec/fec-client/src/components/Ratings/Write/DynamicStars.jsx": {"path":"/Users/ianhoffman/SEI-2202/fec/fec-client/src/components/Ratings/Write/DynamicStars.jsx","statementMap":{"0":{"start":{"line":9,"column":16},"end":{"line":12,"column":1}},"1":{"start":{"line":14,"column":21},"end":{"line":55,"column":1}},"2":{"start":{"line":15,"column":28},"end":{"line":15,"column":53}},"3":{"start":{"line":16,"column":32},"end":{"line":16,"column":47}},"4":{"start":{"line":18,"column":22},"end":{"line":27,"column":3}},"5":{"start":{"line":19,"column":21},"end":{"line":19,"column":23}},"6":{"start":{"line":20,"column":4},"end":{"line":23,"column":5}},"7":{"start":{"line":20,"column":17},"end":{"line":20,"column":18}},"8":{"start":{"line":21,"column":6},"end":{"line":22,"column":32}},"9":{"start":{"line":21,"column":22},"end":{"line":21,"column":41}},"10":{"start":{"line":22,"column":13},"end":{"line":22,"column":30}},"11":{"start":{"line":24,"column":4},"end":{"line":24,"column":23}},"12":{"start":{"line":25,"column":4},"end":{"line":25,"column":21}},"13":{"start":{"line":26,"column":4},"end":{"line":26,"column":23}},"14":{"start":{"line":29,"column":24},"end":{"line":38,"column":3}},"15":{"start":{"line":30,"column":4},"end":{"line":37,"column":5}},"16":{"start":{"line":31,"column":23},"end":{"line":31,"column":25}},"17":{"start":{"line":32,"column":6},"end":{"line":35,"column":7}},"18":{"start":{"line":32,"column":19},"end":{"line":32,"column":20}},"19":{"start":{"line":33,"column":8},"end":{"line":34,"column":34}},"20":{"start":{"line":33,"column":24},"end":{"line":33,"column":43}},"21":{"start":{"line":34,"column":15},"end":{"line":34,"column":32}},"22":{"start":{"line":36,"column":6},"end":{"line":36,"column":25}},"23":{"start":{"line":40,"column":25},"end":{"line":42,"column":3}},"24":{"start":{"line":41,"column":4},"end":{"line":41,"column":48}},"25":{"start":{"line":41,"column":20},"end":{"line":41,"column":46}},"26":{"start":{"line":44,"column":2},"end":{"line":52,"column":4}},"27":{"start":{"line":47,"column":8},"end":{"line":49,"column":14}},"28":{"start":{"line":47,"column":43},"end":{"line":47,"column":60}},"29":{"start":{"line":47,"column":82},"end":{"line":47,"column":101}}},"fnMap":{"0":{"name":"(anonymous_0)","decl":{"start":{"line":14,"column":21},"end":{"line":14,"column":22}},"loc":{"start":{"line":14,"column":38},"end":{"line":55,"column":1}},"line":14},"1":{"name":"(anonymous_1)","decl":{"start":{"line":18,"column":22},"end":{"line":18,"column":23}},"loc":{"start":{"line":18,"column":31},"end":{"line":27,"column":3}},"line":18},"2":{"name":"(anonymous_2)","decl":{"start":{"line":29,"column":24},"end":{"line":29,"column":25}},"loc":{"start":{"line":29,"column":33},"end":{"line":38,"column":3}},"line":29},"3":{"name":"(anonymous_3)","decl":{"start":{"line":40,"column":25},"end":{"line":40,"column":26}},"loc":{"start":{"line":40,"column":31},"end":{"line":42,"column":3}},"line":40},"4":{"name":"(anonymous_4)","decl":{"start":{"line":46,"column":27},"end":{"line":46,"column":28}},"loc":{"start":{"line":47,"column":8},"end":{"line":49,"column":14}},"line":47},"5":{"name":"(anonymous_5)","decl":{"start":{"line":47,"column":37},"end":{"line":47,"column":38}},"loc":{"start":{"line":47,"column":43},"end":{"line":47,"column":60}},"line":47},"6":{"name":"(anonymous_6)","decl":{"start":{"line":47,"column":78},"end":{"line":47,"column":79}},"loc":{"start":{"line":47,"column":82},"end":{"line":47,"column":101}},"line":47}},"branchMap":{"0":{"loc":{"start":{"line":21,"column":6},"end":{"line":22,"column":32}},"type":"if","locations":[{"start":{"line":21,"column":6},"end":{"line":22,"column":32}},{"start":{"line":22,"column":11},"end":{"line":22,"column":32}}],"line":21},"1":{"loc":{"start":{"line":30,"column":4},"end":{"line":37,"column":5}},"type":"if","locations":[{"start":{"line":30,"column":4},"end":{"line":37,"column":5}},{"start":{},"end":{}}],"line":30},"2":{"loc":{"start":{"line":33,"column":8},"end":{"line":34,"column":34}},"type":"if","locations":[{"start":{"line":33,"column":8},"end":{"line":34,"column":34}},{"start":{"line":34,"column":13},"end":{"line":34,"column":34}}],"line":33},"3":{"loc":{"start":{"line":41,"column":4},"end":{"line":41,"column":48}},"type":"if","locations":[{"start":{"line":41,"column":4},"end":{"line":41,"column":48}},{"start":{},"end":{}}],"line":41}},"s":{"0":1,"1":1,"2":0,"3":0,"4":0,"5":0,"6":0,"7":0,"8":0,"9":0,"10":0,"11":0,"12":0,"13":0,"14":0,"15":0,"16":0,"17":0,"18":0,"19":0,"20":0,"21":0,"22":0,"23":0,"24":0,"25":0,"26":0,"27":0,"28":0,"29":0},"f":{"0":0,"1":0,"2":0,"3":0,"4":0,"5":0,"6":0},"b":{"0":[0,0],"1":[0,0],"2":[0,0],"3":[0,0]},"_coverageSchema":"1a1c01bbd47fc00a2c39e90264f33305004495a9","hash":"c33ac73f60bf790168dfb8f48103365dfda77182"}
,"/Users/ianhoffman/SEI-2202/fec/fec-client/src/components/Ratings/Write/UploadPhotos.jsx": {"path":"/Users/ianhoffman/SEI-2202/fec/fec-client/src/components/Ratings/Write/UploadPhotos.jsx","statementMap":{"0":{"start":{"line":5,"column":18},"end":{"line":5,"column":29}},"1":{"start":{"line":6,"column":22},"end":{"line":6,"column":32}},"2":{"start":{"line":8,"column":19},"end":{"line":12,"column":1}},"3":{"start":{"line":14,"column":12},"end":{"line":16,"column":1}},"4":{"start":{"line":18,"column":18},"end":{"line":20,"column":1}},"5":{"start":{"line":22,"column":12},"end":{"line":34,"column":1}},"6":{"start":{"line":36,"column":21},"end":{"line":72,"column":1}},"7":{"start":{"line":39,"column":27},"end":{"line":50,"column":3}},"8":{"start":{"line":41,"column":17},"end":{"line":41,"column":32}},"9":{"start":{"line":43,"column":4},"end":{"line":43,"column":37}},"10":{"start":{"line":52,"column":23},"end":{"line":56,"column":3}},"11":{"start":{"line":53,"column":23},"end":{"line":53,"column":39}},"12":{"start":{"line":54,"column":4},"end":{"line":54,"column":48}},"13":{"start":{"line":55,"column":4},"end":{"line":55,"column":41}},"14":{"start":{"line":58,"column":2},"end":{"line":68,"column":4}},"15":{"start":{"line":61,"column":27},"end":{"line":61,"column":50}}},"fnMap":{"0":{"name":"(anonymous_0)","decl":{"start":{"line":36,"column":21},"end":{"line":36,"column":22}},"loc":{"start":{"line":36,"column":48},"end":{"line":72,"column":1}},"line":36},"1":{"name":"(anonymous_1)","decl":{"start":{"line":39,"column":27},"end":{"line":39,"column":28}},"loc":{"start":{"line":39,"column":34},"end":{"line":50,"column":3}},"line":39},"2":{"name":"(anonymous_2)","decl":{"start":{"line":52,"column":23},"end":{"line":52,"column":24}},"loc":{"start":{"line":52,"column":30},"end":{"line":56,"column":3}},"line":52},"3":{"name":"(anonymous_3)","decl":{"start":{"line":61,"column":20},"end":{"line":61,"column":21}},"loc":{"start":{"line":61,"column":27},"end":{"line":61,"column":50}},"line":61}},"branchMap":{},"s":{"0":1,"1":1,"2":1,"3":1,"4":1,"5":1,"6":1,"7":0,"8":0,"9":0,"10":0,"11":0,"12":0,"13":0,"14":0,"15":0},"f":{"0":0,"1":0,"2":0,"3":0},"b":{},"_coverageSchema":"1a1c01bbd47fc00a2c39e90264f33305004495a9","hash":"bdb3b42a129e3578ba404a4f38acbb3b991e5c44"}
,"/Users/ianhoffman/SEI-2202/fec/fec-client/src/components/Ratings/Write/WriteModal.jsx": {"path":"/Users/ianhoffman/SEI-2202/fec/fec-client/src/components/Ratings/Write/WriteModal.jsx","statementMap":{"0":{"start":{"line":8,"column":18},"end":{"line":8,"column":29}},"1":{"start":{"line":9,"column":22},"end":{"line":9,"column":32}},"2":{"start":{"line":11,"column":14},"end":{"line":18,"column":1}},"3":{"start":{"line":20,"column":21},"end":{"line":32,"column":1}},"4":{"start":{"line":34,"column":15},"end":{"line":39,"column":1}},"5":{"start":{"line":41,"column":13},"end":{"line":48,"column":1}},"6":{"start":{"line":50,"column":14},"end":{"line":52,"column":1}},"7":{"start":{"line":54,"column":14},"end":{"line":56,"column":1}},"8":{"start":{"line":59,"column":12},"end":{"line":62,"column":1}},"9":{"start":{"line":64,"column":15},"end":{"line":68,"column":1}},"10":{"start":{"line":70,"column":16},"end":{"line":72,"column":1}},"11":{"start":{"line":75,"column":19},"end":{"line":184,"column":1}},"12":{"start":{"line":77,"column":26},"end":{"line":77,"column":52}},"13":{"start":{"line":78,"column":21},"end":{"line":78,"column":30}},"14":{"start":{"line":80,"column":36},"end":{"line":80,"column":50}},"15":{"start":{"line":81,"column":30},"end":{"line":81,"column":44}},"16":{"start":{"line":82,"column":32},"end":{"line":82,"column":44}},"17":{"start":{"line":83,"column":26},"end":{"line":83,"column":38}},"18":{"start":{"line":84,"column":30},"end":{"line":84,"column":42}},"19":{"start":{"line":85,"column":26},"end":{"line":85,"column":38}},"20":{"start":{"line":86,"column":28},"end":{"line":86,"column":40}},"21":{"start":{"line":87,"column":32},"end":{"line":87,"column":46}},"22":{"start":{"line":88,"column":48},"end":{"line":88,"column":60}},"23":{"start":{"line":90,"column":23},"end":{"line":92,"column":3}},"24":{"start":{"line":91,"column":4},"end":{"line":91,"column":27}},"25":{"start":{"line":94,"column":29},"end":{"line":98,"column":3}},"26":{"start":{"line":95,"column":21},"end":{"line":95,"column":41}},"27":{"start":{"line":96,"column":4},"end":{"line":96,"column":65}},"28":{"start":{"line":97,"column":4},"end":{"line":97,"column":33}},"29":{"start":{"line":100,"column":22},"end":{"line":102,"column":1}},"30":{"start":{"line":101,"column":4},"end":{"line":101,"column":101}},"31":{"start":{"line":104,"column":23},"end":{"line":129,"column":3}},"32":{"start":{"line":111,"column":4},"end":{"line":128,"column":8}},"33":{"start":{"line":111,"column":34},"end":{"line":111,"column":50}},"34":{"start":{"line":113,"column":25},"end":{"line":113,"column":69}},"35":{"start":{"line":113,"column":51},"end":{"line":113,"column":68}},"36":{"start":{"line":114,"column":10},"end":{"line":127,"column":12}},"37":{"start":{"line":126,"column":12},"end":{"line":126,"column":38}},"38":{"start":{"line":131,"column":2},"end":{"line":182,"column":4}},"39":{"start":{"line":144,"column":36},"end":{"line":144,"column":66}},"40":{"start":{"line":152,"column":14},"end":{"line":152,"column":132}},"41":{"start":{"line":157,"column":133},"end":{"line":157,"column":160}},"42":{"start":{"line":161,"column":138},"end":{"line":161,"column":162}},"43":{"start":{"line":170,"column":139},"end":{"line":170,"column":163}},"44":{"start":{"line":175,"column":124},"end":{"line":175,"column":149}}},"fnMap":{"0":{"name":"(anonymous_0)","decl":{"start":{"line":75,"column":19},"end":{"line":75,"column":20}},"loc":{"start":{"line":75,"column":70},"end":{"line":184,"column":1}},"line":75},"1":{"name":"(anonymous_1)","decl":{"start":{"line":90,"column":23},"end":{"line":90,"column":24}},"loc":{"start":{"line":90,"column":38},"end":{"line":92,"column":3}},"line":90},"2":{"name":"(anonymous_2)","decl":{"start":{"line":94,"column":29},"end":{"line":94,"column":30}},"loc":{"start":{"line":94,"column":56},"end":{"line":98,"column":3}},"line":94},"3":{"name":"(anonymous_3)","decl":{"start":{"line":100,"column":22},"end":{"line":100,"column":23}},"loc":{"start":{"line":100,"column":32},"end":{"line":102,"column":1}},"line":100},"4":{"name":"(anonymous_4)","decl":{"start":{"line":104,"column":23},"end":{"line":104,"column":24}},"loc":{"start":{"line":104,"column":30},"end":{"line":129,"column":3}},"line":104},"5":{"name":"(anonymous_5)","decl":{"start":{"line":111,"column":27},"end":{"line":111,"column":28}},"loc":{"start":{"line":111,"column":34},"end":{"line":111,"column":50}},"line":111},"6":{"name":"(anonymous_6)","decl":{"start":{"line":112,"column":12},"end":{"line":112,"column":13}},"loc":{"start":{"line":112,"column":27},"end":{"line":128,"column":7}},"line":112},"7":{"name":"(anonymous_7)","decl":{"start":{"line":113,"column":39},"end":{"line":113,"column":40}},"loc":{"start":{"line":113,"column":51},"end":{"line":113,"column":68}},"line":113},"8":{"name":"(anonymous_8)","decl":{"start":{"line":125,"column":16},"end":{"line":125,"column":17}},"loc":{"start":{"line":125,"column":30},"end":{"line":127,"column":11}},"line":125},"9":{"name":"(anonymous_9)","decl":{"start":{"line":144,"column":29},"end":{"line":144,"column":30}},"loc":{"start":{"line":144,"column":36},"end":{"line":144,"column":66}},"line":144},"10":{"name":"(anonymous_10)","decl":{"start":{"line":151,"column":33},"end":{"line":151,"column":34}},"loc":{"start":{"line":152,"column":14},"end":{"line":152,"column":132}},"line":152},"11":{"name":"(anonymous_11)","decl":{"start":{"line":157,"column":126},"end":{"line":157,"column":127}},"loc":{"start":{"line":157,"column":133},"end":{"line":157,"column":160}},"line":157},"12":{"name":"(anonymous_12)","decl":{"start":{"line":161,"column":131},"end":{"line":161,"column":132}},"loc":{"start":{"line":161,"column":138},"end":{"line":161,"column":162}},"line":161},"13":{"name":"(anonymous_13)","decl":{"start":{"line":170,"column":132},"end":{"line":170,"column":133}},"loc":{"start":{"line":170,"column":139},"end":{"line":170,"column":163}},"line":170},"14":{"name":"(anonymous_14)","decl":{"start":{"line":175,"column":117},"end":{"line":175,"column":118}},"loc":{"start":{"line":175,"column":124},"end":{"line":175,"column":149}},"line":175}},"branchMap":{"0":{"loc":{"start":{"line":162,"column":18},"end":{"line":162,"column":112}},"type":"cond-expr","locations":[{"start":{"line":162,"column":37},"end":{"line":162,"column":92}},{"start":{"line":162,"column":95},"end":{"line":162,"column":112}}],"line":162}},"s":{"0":1,"1":1,"2":1,"3":1,"4":1,"5":1,"6":1,"7":1,"8":1,"9":1,"10":1,"11":1,"12":0,"13":0,"14":0,"15":0,"16":0,"17":0,"18":0,"19":0,"20":0,"21":0,"22":0,"23":0,"24":0,"25":0,"26":0,"27":0,"28":0,"29":0,"30":0,"31":0,"32":0,"33":0,"34":0,"35":0,"36":0,"37":0,"38":0,"39":0,"40":0,"41":0,"42":0,"43":0,"44":0},"f":{"0":0,"1":0,"2":0,"3":0,"4":0,"5":0,"6":0,"7":0,"8":0,"9":0,"10":0,"11":0,"12":0,"13":0,"14":0},"b":{"0":[0,0]},"_coverageSchema":"1a1c01bbd47fc00a2c39e90264f33305004495a9","hash":"ceed31f74d5bca0cb86b5f4649e1e8d97f694d93"}
,"/Users/ianhoffman/SEI-2202/fec/fec-client/src/components/Ratings/Write/factors.js": {"path":"/Users/ianhoffman/SEI-2202/fec/fec-client/src/components/Ratings/Write/factors.js","statementMap":{"0":{"start":{"line":1,"column":16},"end":{"line":44,"column":1}}},"fnMap":{},"branchMap":{},"s":{"0":1},"f":{},"b":{},"_coverageSchema":"1a1c01bbd47fc00a2c39e90264f33305004495a9","hash":"ae68e123e0f5fda63463f68a163b85abb0bbf6e0"}
,"/Users/ianhoffman/SEI-2202/fec/fec-client/src/components/Ratings/Write/index.jsx": {"path":"/Users/ianhoffman/SEI-2202/fec/fec-client/src/components/Ratings/Write/index.jsx","statementMap":{"0":{"start":{"line":6,"column":14},"end":{"line":18,"column":1}},"1":{"start":{"line":7,"column":36},"end":{"line":7,"column":51}},"2":{"start":{"line":8,"column":27},"end":{"line":10,"column":3}},"3":{"start":{"line":9,"column":4},"end":{"line":9,"column":29}},"4":{"start":{"line":12,"column":2},"end":{"line":17,"column":4}}},"fnMap":{"0":{"name":"(anonymous_0)","decl":{"start":{"line":6,"column":14},"end":{"line":6,"column":15}},"loc":{"start":{"line":6,"column":46},"end":{"line":18,"column":1}},"line":6},"1":{"name":"(anonymous_1)","decl":{"start":{"line":8,"column":27},"end":{"line":8,"column":28}},"loc":{"start":{"line":8,"column":33},"end":{"line":10,"column":3}},"line":8}},"branchMap":{"0":{"loc":{"start":{"line":15,"column":8},"end":{"line":15,"column":134}},"type":"cond-expr","locations":[{"start":{"line":15,"column":20},"end":{"line":15,"column":127}},{"start":{"line":15,"column":130},"end":{"line":15,"column":134}}],"line":15}},"s":{"0":1,"1":2,"2":2,"3":0,"4":2},"f":{"0":2,"1":0},"b":{"0":[0,2]},"_coverageSchema":"1a1c01bbd47fc00a2c39e90264f33305004495a9","hash":"98bacfdb868b23bee215366b32c0607f1caafeb8"}
,"/Users/ianhoffman/SEI-2202/fec/fec-client/src/components/Shared/Star.jsx": {"path":"/Users/ianhoffman/SEI-2202/fec/fec-client/src/components/Shared/Star.jsx","statementMap":{"0":{"start":{"line":4,"column":13},"end":{"line":18,"column":1}},"1":{"start":{"line":5,"column":2},"end":{"line":16,"column":4}}},"fnMap":{"0":{"name":"(anonymous_0)","decl":{"start":{"line":4,"column":13},"end":{"line":4,"column":14}},"loc":{"start":{"line":4,"column":31},"end":{"line":18,"column":1}},"line":4}},"branchMap":{},"s":{"0":1,"1":110},"f":{"0":110},"b":{},"_coverageSchema":"1a1c01bbd47fc00a2c39e90264f33305004495a9","hash":"f2b514013708f1fa4248e734bad7a94810c5bede"}
,"/Users/ianhoffman/SEI-2202/fec/fec-client/src/components/Shared/Stars.jsx": {"path":"/Users/ianhoffman/SEI-2202/fec/fec-client/src/components/Shared/Stars.jsx","statementMap":{"0":{"start":{"line":6,"column":19},"end":{"line":18,"column":1}},"1":{"start":{"line":7,"column":12},"end":{"line":7,"column":14}},"2":{"start":{"line":8,"column":2},"end":{"line":16,"column":3}},"3":{"start":{"line":8,"column":15},"end":{"line":8,"column":16}},"4":{"start":{"line":9,"column":4},"end":{"line":15,"column":5}},"5":{"start":{"line":10,"column":6},"end":{"line":10,"column":20}},"6":{"start":{"line":11,"column":11},"end":{"line":15,"column":5}},"7":{"start":{"line":12,"column":6},"end":{"line":12,"column":32}},"8":{"start":{"line":14,"column":6},"end":{"line":14,"column":18}},"9":{"start":{"line":17,"column":2},"end":{"line":17,"column":13}},"10":{"start":{"line":23,"column":14},"end":{"line":35,"column":1}},"11":{"start":{"line":25,"column":16},"end":{"line":25,"column":34}},"12":{"start":{"line":27,"column":2},"end":{"line":34,"column":4}},"13":{"start":{"line":30,"column":8},"end":{"line":30,"column":51}}},"fnMap":{"0":{"name":"(anonymous_0)","decl":{"start":{"line":6,"column":19},"end":{"line":6,"column":20}},"loc":{"start":{"line":6,"column":26},"end":{"line":18,"column":1}},"line":6},"1":{"name":"(anonymous_1)","decl":{"start":{"line":23,"column":14},"end":{"line":23,"column":15}},"loc":{"start":{"line":23,"column":34},"end":{"line":35,"column":1}},"line":23},"2":{"name":"(anonymous_2)","decl":{"start":{"line":29,"column":17},"end":{"line":29,"column":18}},"loc":{"start":{"line":30,"column":8},"end":{"line":30,"column":51}},"line":30}},"branchMap":{"0":{"loc":{"start":{"line":9,"column":4},"end":{"line":15,"column":5}},"type":"if","locations":[{"start":{"line":9,"column":4},"end":{"line":15,"column":5}},{"start":{"line":11,"column":11},"end":{"line":15,"column":5}}],"line":9},"1":{"loc":{"start":{"line":11,"column":11},"end":{"line":15,"column":5}},"type":"if","locations":[{"start":{"line":11,"column":11},"end":{"line":15,"column":5}},{"start":{"line":13,"column":11},"end":{"line":15,"column":5}}],"line":11},"2":{"loc":{"start":{"line":30,"column":36},"end":{"line":30,"column":48}},"type":"binary-expr","locations":[{"start":{"line":30,"column":36},"end":{"line":30,"column":40}},{"start":{"line":30,"column":44},"end":{"line":30,"column":48}}],"line":30}},"s":{"0":1,"1":22,"2":22,"3":22,"4":110,"5":73,"6":37,"7":13,"8":24,"9":22,"10":1,"11":22,"12":22,"13":110},"f":{"0":22,"1":22,"2":110},"b":{"0":[73,37],"1":[13,24],"2":[110,110]},"_coverageSchema":"1a1c01bbd47fc00a2c39e90264f33305004495a9","hash":"d43cd1f10dc4a54aa3c8861774d296bdb79acc34"}
,"/Users/ianhoffman/SEI-2202/fec/test/RatingsStubs.js": {"path":"/Users/ianhoffman/SEI-2202/fec/test/RatingsStubs.js","statementMap":{"0":{"start":{"line":1,"column":21},"end":{"line":103,"column":1}}},"fnMap":{},"branchMap":{},"s":{"0":1},"f":{},"b":{},"_coverageSchema":"1a1c01bbd47fc00a2c39e90264f33305004495a9","hash":"b336865bae612267e6cebaadfc1e3653562a777b"}
,"/Users/ianhoffman/SEI-2202/fec/test/stubs/QA.stubs.js": {"path":"/Users/ianhoffman/SEI-2202/fec/test/stubs/QA.stubs.js","statementMap":{"0":{"start":{"line":3,"column":25},"end":{"line":62,"column":1}}},"fnMap":{},"branchMap":{},"s":{"0":1},"f":{},"b":{},"_coverageSchema":"1a1c01bbd47fc00a2c39e90264f33305004495a9","hash":"9c8e3f33ad9832afd14f961b1fa77350e471ed5a"}
}
