TN:
SF:fec-client/src/components/Q&A/AListEntry.jsx
FN:37,(anonymous_0)
FN:43,(anonymous_1)
FN:46,(anonymous_2)
FN:54,(anonymous_3)
FN:61,(anonymous_4)
FNF:5
FNH:0
FNDA:0,(anonymous_0)
FNDA:0,(anonymous_1)
FNDA:0,(anonymous_2)
FNDA:0,(anonymous_3)
FNDA:0,(anonymous_4)
DA:5,1
DA:12,1
DA:19,1
DA:24,1
DA:31,1
DA:37,0
DA:41,1
DA:43,0
DA:46,1
DA:47,0
DA:48,0
DA:50,0
DA:51,0
DA:52,0
DA:54,0
DA:55,0
DA:56,0
DA:57,0
DA:61,0
DA:62,0
DA:65,0
LF:21
LH:7
BRDA:37,0,0,0
BRDA:37,0,1,0
BRDA:43,1,0,0
BRDA:43,1,1,0
BRDA:55,2,0,0
BRDA:55,2,1,0
BRDA:62,3,0,0
BRDA:62,3,1,0
BRF:8
BRH:0
end_of_record
TN:
SF:fec-client/src/components/Q&A/AddAModal.jsx
FN:102,(anonymous_0)
FN:107,(anonymous_1)
FN:114,(anonymous_2)
FN:127,(anonymous_3)
FNF:4
FNH:0
FNDA:0,(anonymous_0)
FNDA:0,(anonymous_1)
FNDA:0,(anonymous_2)
FNDA:0,(anonymous_3)
DA:5,1
DA:18,1
DA:30,1
DA:38,1
DA:44,1
DA:50,1
DA:56,1
DA:61,1
DA:68,1
DA:83,1
DA:90,1
DA:97,1
DA:102,1
DA:103,0
DA:104,0
DA:105,0
DA:107,0
DA:111,0
DA:114,0
DA:115,0
DA:118,0
DA:120,0
DA:122,0
DA:125,0
DA:127,0
LF:25
LH:13
BRDA:144,0,0,0
BRDA:144,0,1,0
BRF:2
BRH:0
end_of_record
TN:
SF:fec-client/src/components/Q&A/AddQModal.jsx
FN:110,(anonymous_0)
FN:116,(anonymous_1)
FN:126,(anonymous_2)
FN:134,(anonymous_3)
FN:167,(anonymous_4)
FN:168,(anonymous_5)
FN:174,(anonymous_6)
FN:181,(anonymous_7)
FN:186,(anonymous_8)
FN:191,(anonymous_9)
FN:196,(anonymous_10)
FNF:11
FNH:0
FNDA:0,(anonymous_0)
FNDA:0,(anonymous_1)
FNDA:0,(anonymous_2)
FNDA:0,(anonymous_3)
FNDA:0,(anonymous_4)
FNDA:0,(anonymous_5)
FNDA:0,(anonymous_6)
FNDA:0,(anonymous_7)
FNDA:0,(anonymous_8)
FNDA:0,(anonymous_9)
FNDA:0,(anonymous_10)
DA:5,1
DA:18,1
DA:28,1
DA:36,1
DA:42,1
DA:47,1
DA:52,1
DA:67,1
DA:73,1
DA:80,1
DA:84,1
DA:89,1
DA:94,1
DA:99,1
DA:103,1
DA:108,1
DA:110,1
DA:111,0
DA:112,0
DA:113,0
DA:114,0
DA:116,0
DA:117,0
DA:118,0
DA:119,0
DA:120,0
DA:121,0
DA:122,0
DA:126,0
DA:127,0
DA:128,0
DA:129,0
DA:130,0
DA:131,0
DA:134,0
DA:135,0
DA:136,0
DA:137,0
DA:138,0
DA:140,0
DA:141,0
DA:142,0
DA:144,0
DA:145,0
DA:146,0
DA:148,0
DA:149,0
DA:150,0
DA:153,0
DA:155,0
DA:156,0
DA:157,0
DA:158,0
DA:159,0
DA:160,0
DA:161,0
DA:165,0
DA:167,0
DA:168,0
DA:174,0
DA:181,0
DA:186,0
DA:191,0
DA:196,0
LF:64
LH:17
BRDA:110,0,0,0
BRDA:117,1,0,0
BRDA:117,1,1,0
BRDA:117,2,0,0
BRDA:117,2,1,0
BRDA:119,3,0,0
BRDA:119,3,1,0
BRDA:119,4,0,0
BRDA:119,4,1,0
BRDA:121,5,0,0
BRDA:121,5,1,0
BRDA:121,6,0,0
BRDA:121,6,1,0
BRDA:140,7,0,0
BRDA:140,7,1,0
BRDA:144,8,0,0
BRDA:144,8,1,0
BRDA:148,9,0,0
BRDA:148,9,1,0
BRDA:155,10,0,0
BRDA:155,10,1,0
BRDA:165,11,0,0
BRDA:165,11,1,0
BRDA:193,12,0,0
BRDA:193,12,1,0
BRF:25
BRH:0
end_of_record
TN:
SF:fec-client/src/components/Q&A/QA.jsx
FN:58,(anonymous_0)
FN:68,(anonymous_1)
FN:73,(anonymous_2)
FN:77,(anonymous_3)
FN:82,(anonymous_4)
FN:96,(anonymous_5)
FN:98,(anonymous_6)
FN:103,(anonymous_7)
FN:110,(anonymous_8)
FN:118,(anonymous_9)
FNF:10
FNH:1
FNDA:16,(anonymous_0)
FNDA:0,(anonymous_1)
FNDA:0,(anonymous_2)
FNDA:0,(anonymous_3)
FNDA:0,(anonymous_4)
FNDA:0,(anonymous_5)
FNDA:0,(anonymous_6)
FNDA:0,(anonymous_7)
FNDA:0,(anonymous_8)
FNDA:0,(anonymous_9)
DA:7,1
DA:9,1
DA:14,1
DA:20,1
DA:31,1
DA:38,1
DA:46,1
DA:54,1
DA:58,1
DA:59,16
DA:60,16
DA:61,16
DA:63,16
DA:64,16
DA:65,16
DA:66,16
DA:68,16
DA:69,0
DA:70,0
DA:73,16
DA:74,0
DA:77,16
DA:78,0
DA:79,0
DA:82,16
DA:83,0
DA:84,0
DA:85,0
DA:86,0
DA:87,0
DA:89,0
DA:91,0
DA:92,0
DA:96,16
DA:97,0
DA:99,0
DA:100,0
DA:101,0
DA:103,0
DA:106,16
DA:110,0
DA:118,0
LF:42
LH:22
BRDA:83,0,0,0
BRDA:83,0,1,0
BRDA:87,1,0,0
BRDA:87,1,1,0
BRDA:115,2,0,0
BRDA:115,2,1,16
BRDA:115,3,0,16
BRDA:115,3,1,0
BRDA:115,3,2,0
BRF:9
BRH:2
end_of_record
TN:
SF:fec-client/src/components/Q&A/QAList.jsx
FN:16,(anonymous_0)
FN:17,(anonymous_1)
FN:21,(anonymous_2)
FNF:3
FNH:0
FNDA:0,(anonymous_0)
FNDA:0,(anonymous_1)
FNDA:0,(anonymous_2)
DA:7,1
DA:16,1
DA:17,0
DA:19,0
DA:21,0
LF:5
LH:2
BRDA:21,0,0,0
BRDA:21,0,1,0
BRF:2
BRH:0
end_of_record
TN:
SF:fec-client/src/components/Q&A/QAListEntry.jsx
FN:50,(anonymous_0)
FN:76,(anonymous_1)
FN:79,(anonymous_2)
FN:84,(anonymous_3)
FN:87,(anonymous_4)
FN:97,(anonymous_5)
FN:102,(anonymous_6)
FN:106,(anonymous_7)
FN:128,(anonymous_8)
FN:132,(anonymous_9)
FNF:10
FNH:0
FNDA:0,(anonymous_0)
FNDA:0,(anonymous_1)
FNDA:0,(anonymous_2)
FNDA:0,(anonymous_3)
FNDA:0,(anonymous_4)
FNDA:0,(anonymous_5)
FNDA:0,(anonymous_6)
FNDA:0,(anonymous_7)
FNDA:0,(anonymous_8)
FNDA:0,(anonymous_9)
DA:7,1
DA:12,1
DA:17,1
DA:22,1
DA:27,1
DA:32,1
DA:37,1
DA:44,1
DA:50,0
DA:54,1
DA:76,1
DA:77,0
DA:78,0
DA:79,0
DA:81,0
DA:84,1
DA:85,0
DA:86,0
DA:87,0
DA:89,0
DA:90,0
DA:92,0
DA:93,0
DA:94,0
DA:95,0
DA:97,0
DA:98,0
DA:99,0
DA:102,0
DA:103,0
DA:106,0
DA:107,0
DA:108,0
DA:109,0
DA:113,0
DA:128,0
DA:132,0
LF:37
LH:11
BRDA:50,0,0,0
BRDA:50,0,1,0
BRDA:79,1,0,0
BRDA:79,1,1,0
BRDA:87,2,0,0
BRDA:87,2,1,0
BRDA:98,3,0,0
BRDA:98,3,1,0
BRDA:99,4,0,0
BRDA:99,4,1,0
BRDA:107,5,0,0
BRDA:107,5,1,0
BRDA:126,6,0,0
BRDA:126,6,1,0
BRDA:128,7,0,0
BRDA:128,7,1,0
BRDA:129,8,0,0
BRDA:129,8,1,0
BRDA:132,9,0,0
BRDA:132,9,1,0
BRF:20
BRH:0
end_of_record
TN:
SF:fec-client/src/components/Ratings/countTotalAndAverage.js
FN:1,(anonymous_0)
FNF:1
FNH:0
FNDA:0,(anonymous_0)
DA:1,1
DA:2,0
DA:3,0
DA:4,0
DA:5,0
DA:6,0
DA:8,0
DA:9,0
LF:8
LH:1
BRF:0
BRH:0
end_of_record
TN:
SF:fec-client/src/components/Ratings/index.jsx
FN:14,(anonymous_0)
FN:20,(anonymous_1)
FN:22,(anonymous_2)
FN:26,(anonymous_3)
FN:29,(anonymous_4)
FN:31,(anonymous_5)
FN:35,(anonymous_6)
FN:38,(anonymous_7)
FN:42,(anonymous_8)
FN:46,(anonymous_9)
FN:47,(anonymous_10)
FNF:11
FNH:4
FNDA:2,(anonymous_0)
FNDA:1,(anonymous_1)
FNDA:0,(anonymous_2)
FNDA:0,(anonymous_3)
FNDA:1,(anonymous_4)
FNDA:0,(anonymous_5)
FNDA:0,(anonymous_6)
FNDA:1,(anonymous_7)
FNDA:0,(anonymous_8)
FNDA:0,(anonymous_9)
FNDA:0,(anonymous_10)
DA:10,1
DA:14,1
DA:15,2
DA:16,2
DA:17,2
DA:18,2
DA:20,2
DA:21,1
DA:23,0
DA:24,0
DA:26,0
DA:29,2
DA:30,1
DA:32,0
DA:33,0
DA:35,0
DA:38,2
DA:39,1
DA:40,1
DA:42,0
DA:46,2
DA:47,0
DA:50,2
LF:23
LH:15
BRDA:39,0,0,1
BRDA:39,0,1,0
BRDA:47,1,0,0
BRDA:47,1,1,0
BRF:4
BRH:1
end_of_record
TN:
SF:fec-client/src/components/Ratings/RatingsBreakdown/Factor.jsx
FN:22,(anonymous_0)
FNF:1
FNH:0
FNDA:0,(anonymous_0)
DA:6,1
DA:14,1
DA:22,1
DA:23,0
LF:4
LH:3
BRF:0
BRH:0
end_of_record
TN:
SF:fec-client/src/components/Ratings/RatingsBreakdown/FactorSlider.jsx
FN:5,(anonymous_0)
FNF:1
FNH:0
FNDA:0,(anonymous_0)
DA:5,1
DA:6,0
DA:7,0
LF:3
LH:1
BRF:0
BRH:0
end_of_record
TN:
SF:fec-client/src/components/Ratings/RatingsBreakdown/ProductBreakdown.jsx
FN:15,(anonymous_0)
FNF:1
FNH:0
FNDA:0,(anonymous_0)
DA:5,1
DA:15,1
DA:17,0
LF:3
LH:2
BRDA:19,0,0,0
BRDA:19,0,1,0
BRDA:21,1,0,0
BRDA:21,1,1,0
BRDA:23,2,0,0
BRDA:23,2,1,0
BRDA:25,3,0,0
BRDA:25,3,1,0
BRDA:27,4,0,0
BRDA:27,4,1,0
BRDA:29,5,0,0
BRDA:29,5,1,0
BRF:12
BRH:0
end_of_record
TN:
SF:fec-client/src/components/Ratings/RatingsBreakdown/ReviewBar.jsx
FN:22,(anonymous_0)
FN:26,(anonymous_1)
FN:30,(anonymous_2)
FNF:3
FNH:0
FNDA:0,(anonymous_0)
FNDA:0,(anonymous_1)
FNDA:0,(anonymous_2)
DA:4,1
DA:22,1
DA:23,0
DA:24,0
DA:26,0
DA:27,0
DA:30,0
DA:31,0
DA:32,0
DA:35,0
LF:10
LH:2
BRDA:36,0,0,0
BRDA:36,0,1,0
BRF:2
BRH:0
end_of_record
TN:
SF:fec-client/src/components/Ratings/RatingsBreakdown/ReviewBreakdown.jsx
FN:32,(anonymous_0)
FNF:1
FNH:0
FNDA:0,(anonymous_0)
DA:8,1
DA:15,1
DA:22,1
DA:27,1
DA:32,1
DA:33,0
DA:34,0
DA:36,0
LF:8
LH:5
BRDA:45,0,0,0
BRDA:45,0,1,0
BRDA:46,1,0,0
BRDA:46,1,1,0
BRDA:47,2,0,0
BRDA:47,2,1,0
BRDA:48,3,0,0
BRDA:48,3,1,0
BRDA:49,4,0,0
BRDA:49,4,1,0
BRF:10
BRH:0
end_of_record
TN:
SF:fec-client/src/components/Ratings/RatingsBreakdown/index.jsx
FN:18,(anonymous_0)
FNF:1
FNH:1
FNDA:2,(anonymous_0)
DA:7,1
DA:18,1
DA:20,2
LF:3
LH:3
BRDA:22,0,0,0
BRDA:22,0,1,2
BRDA:23,1,0,0
BRDA:23,1,1,2
BRF:4
BRH:2
end_of_record
TN:
SF:fec-client/src/components/Ratings/ReviewList/Modal.jsx
FN:45,(anonymous_0)
FNF:1
FNH:1
FNDA:1,(anonymous_0)
DA:4,1
DA:13,1
DA:28,1
DA:34,1
DA:45,1
DA:46,1
LF:6
LH:6
BRF:0
BRH:0
end_of_record
TN:
SF:fec-client/src/components/Ratings/ReviewList/Photos.jsx
FN:15,(anonymous_0)
FN:19,(anonymous_1)
FN:27,(anonymous_2)
FN:28,(anonymous_3)
FNF:4
FNH:4
FNDA:23,(anonymous_0)
FNDA:1,(anonymous_1)
FNDA:64,(anonymous_2)
FNDA:1,(anonymous_3)
DA:5,1
DA:11,1
DA:15,1
DA:16,23
DA:17,23
DA:19,23
DA:20,1
DA:21,1
DA:24,23
DA:28,64
LF:10
LH:10
BRDA:31,0,0,1
BRDA:31,0,1,22
BRF:2
BRH:2
end_of_record
TN:
SF:fec-client/src/components/Ratings/ReviewList/ReviewTile.jsx
FN:85,(anonymous_0)
FN:89,(anonymous_1)
FN:92,(anonymous_2)
FN:93,(anonymous_3)
FN:97,(anonymous_4)
FNF:5
FNH:2
FNDA:22,(anonymous_0)
FNDA:0,(anonymous_1)
FNDA:0,(anonymous_2)
FNDA:0,(anonymous_3)
FNDA:1,(anonymous_4)
DA:10,1
DA:17,1
DA:30,1
DA:40,1
DA:45,1
DA:49,1
DA:54,1
DA:58,1
DA:66,1
DA:71,1
DA:78,1
DA:85,1
DA:86,22
DA:87,22
DA:89,22
DA:90,0
DA:91,0
DA:93,0
DA:97,22
DA:98,1
DA:101,22
LF:21
LH:18
BRDA:110,0,0,11
BRDA:110,0,1,11
BRDA:117,1,0,10
BRDA:117,1,1,12
BRDA:126,2,0,8
BRDA:126,2,1,14
BRF:6
BRH:6
end_of_record
TN:
SF:fec-client/src/components/Ratings/ReviewList/index.jsx
FN:22,(anonymous_0)
FN:25,(anonymous_1)
FN:31,(anonymous_2)
FNF:3
FNH:3
FNDA:13,(anonymous_0)
FNDA:1,(anonymous_1)
FNDA:21,(anonymous_2)
DA:7,1
DA:16,1
DA:22,1
DA:23,13
DA:25,13
DA:26,1
DA:29,13
DA:32,21
LF:8
LH:8
BRDA:34,0,0,6
BRDA:34,0,1,7
BRF:2
BRH:2
end_of_record
TN:
SF:fec-client/src/components/Ratings/Write/Characteristics.jsx
FN:17,(anonymous_0)
FN:20,(anonymous_1)
FNF:2
FNH:0
FNDA:0,(anonymous_0)
FNDA:0,(anonymous_1)
DA:5,1
DA:11,1
DA:17,1
DA:18,0
DA:20,0
DA:22,0
DA:23,0
DA:26,0
LF:8
LH:3
BRF:0
BRH:0
end_of_record
TN:
SF:fec-client/src/components/Ratings/Write/DynamicStars.jsx
FN:14,(anonymous_0)
FN:18,(anonymous_1)
FN:29,(anonymous_2)
FN:40,(anonymous_3)
FN:46,(anonymous_4)
FN:47,(anonymous_5)
FN:47,(anonymous_6)
FNF:7
FNH:0
FNDA:0,(anonymous_0)
FNDA:0,(anonymous_1)
FNDA:0,(anonymous_2)
FNDA:0,(anonymous_3)
FNDA:0,(anonymous_4)
FNDA:0,(anonymous_5)
FNDA:0,(anonymous_6)
DA:9,1
DA:14,1
DA:15,0
DA:16,0
DA:18,0
DA:19,0
DA:20,0
DA:21,0
DA:22,0
DA:24,0
DA:25,0
DA:26,0
DA:29,0
DA:30,0
DA:31,0
DA:32,0
DA:33,0
DA:34,0
DA:36,0
DA:40,0
DA:41,0
DA:44,0
DA:47,0
LF:23
LH:2
BRDA:21,0,0,0
BRDA:21,0,1,0
BRDA:30,1,0,0
BRDA:30,1,1,0
BRDA:33,2,0,0
BRDA:33,2,1,0
BRDA:41,3,0,0
BRDA:41,3,1,0
BRF:8
BRH:0
end_of_record
TN:
SF:fec-client/src/components/Ratings/Write/UploadPhotos.jsx
FN:36,(anonymous_0)
FN:39,(anonymous_1)
FN:52,(anonymous_2)
FN:61,(anonymous_3)
FNF:4
FNH:0
FNDA:0,(anonymous_0)
FNDA:0,(anonymous_1)
FNDA:0,(anonymous_2)
FNDA:0,(anonymous_3)
DA:5,1
DA:6,1
DA:8,1
DA:14,1
DA:18,1
DA:22,1
DA:36,1
DA:39,0
DA:41,0
DA:43,0
DA:52,0
DA:53,0
DA:54,0
DA:55,0
DA:58,0
DA:61,0
LF:16
LH:7
BRF:0
BRH:0
end_of_record
TN:
SF:fec-client/src/components/Ratings/Write/WriteModal.jsx
FN:75,(anonymous_0)
FN:90,(anonymous_1)
FN:94,(anonymous_2)
FN:100,(anonymous_3)
FN:104,(anonymous_4)
FN:111,(anonymous_5)
FN:112,(anonymous_6)
FN:113,(anonymous_7)
FN:125,(anonymous_8)
FN:144,(anonymous_9)
FN:151,(anonymous_10)
FN:157,(anonymous_11)
FN:161,(anonymous_12)
FN:170,(anonymous_13)
FN:175,(anonymous_14)
FNF:15
FNH:0
FNDA:0,(anonymous_0)
FNDA:0,(anonymous_1)
FNDA:0,(anonymous_2)
FNDA:0,(anonymous_3)
FNDA:0,(anonymous_4)
FNDA:0,(anonymous_5)
FNDA:0,(anonymous_6)
FNDA:0,(anonymous_7)
FNDA:0,(anonymous_8)
FNDA:0,(anonymous_9)
FNDA:0,(anonymous_10)
FNDA:0,(anonymous_11)
FNDA:0,(anonymous_12)
FNDA:0,(anonymous_13)
FNDA:0,(anonymous_14)
DA:8,1
DA:9,1
DA:11,1
DA:20,1
DA:34,1
DA:41,1
DA:50,1
DA:54,1
DA:59,1
DA:64,1
DA:70,1
DA:75,1
DA:77,0
DA:78,0
DA:80,0
DA:81,0
DA:82,0
DA:83,0
DA:84,0
DA:85,0
DA:86,0
DA:87,0
DA:88,0
DA:90,0
DA:91,0
DA:94,0
DA:95,0
DA:96,0
DA:97,0
DA:100,0
DA:101,0
DA:104,0
DA:111,0
DA:113,0
DA:114,0
DA:126,0
DA:131,0
DA:144,0
DA:152,0
DA:157,0
DA:161,0
DA:170,0
DA:175,0
LF:43
LH:12
BRDA:162,0,0,0
BRDA:162,0,1,0
BRF:2
BRH:0
end_of_record
TN:
SF:fec-client/src/components/Ratings/Write/factors.js
FNF:0
FNH:0
DA:1,1
LF:1
LH:1
BRF:0
BRH:0
end_of_record
TN:
SF:fec-client/src/components/Ratings/Write/index.jsx
FN:6,(anonymous_0)
FN:8,(anonymous_1)
FNF:2
FNH:1
FNDA:2,(anonymous_0)
FNDA:0,(anonymous_1)
DA:6,1
DA:7,2
DA:8,2
DA:9,0
DA:12,2
LF:5
LH:4
BRDA:15,0,0,0
BRDA:15,0,1,2
BRF:2
BRH:1
end_of_record
TN:
SF:fec-client/src/components/Shared/Star.jsx
FN:4,(anonymous_0)
FNF:1
FNH:1
FNDA:110,(anonymous_0)
DA:4,1
DA:5,110
LF:2
LH:2
BRF:0
BRH:0
end_of_record
TN:
SF:fec-client/src/components/Shared/Stars.jsx
FN:6,(anonymous_0)
FN:23,(anonymous_1)
FN:29,(anonymous_2)
FNF:3
FNH:3
FNDA:22,(anonymous_0)
FNDA:22,(anonymous_1)
FNDA:110,(anonymous_2)
DA:6,1
DA:7,22
DA:8,22
DA:9,110
DA:10,73
DA:11,37
DA:12,13
DA:14,24
DA:17,22
DA:23,1
DA:25,22
DA:27,22
DA:30,110
LF:13
LH:13
BRDA:9,0,0,73
BRDA:9,0,1,37
BRDA:11,1,0,13
BRDA:11,1,1,24
BRDA:30,2,0,110
BRDA:30,2,1,110
BRF:6
BRH:6
end_of_record
TN:
SF:test/RatingsStubs.js
FNF:0
FNH:0
DA:1,1
LF:1
LH:1
BRF:0
BRH:0
end_of_record
TN:
SF:test/stubs/QA.stubs.js
FNF:0
FNH:0
DA:3,1
LF:1
LH:1
BRF:0
BRH:0
end_of_record
