TN:
SF:fec-client/src/components/Q&A/AListEntry.jsx
FN:38,(anonymous_0)
FN:44,(anonymous_1)
FN:63,(anonymous_2)
FN:73,(anonymous_3)
FN:78,(anonymous_4)
FN:79,(anonymous_5)
FN:83,(anonymous_6)
FN:86,(anonymous_7)
FN:87,(anonymous_8)
FN:90,(anonymous_9)
FN:103,(anonymous_10)
FN:114,(anonymous_11)
FNF:12
FNH:0
FNDA:0,(anonymous_0)
FNDA:0,(anonymous_1)
FNDA:0,(anonymous_2)
FNDA:0,(anonymous_3)
FNDA:0,(anonymous_4)
FNDA:0,(anonymous_5)
FNDA:0,(anonymous_6)
FNDA:0,(anonymous_7)
FNDA:0,(anonymous_8)
FNDA:0,(anonymous_9)
FNDA:0,(anonymous_10)
FNDA:0,(anonymous_11)
DA:6,1
DA:13,1
DA:20,1
DA:25,1
DA:32,1
DA:38,0
DA:42,1
DA:44,0
DA:47,1
DA:54,1
DA:63,1
DA:64,0
DA:66,0
DA:67,0
DA:69,0
DA:70,0
DA:71,0
DA:73,0
DA:74,0
DA:75,0
DA:76,0
DA:77,0
DA:78,0
DA:79,0
DA:83,0
DA:84,0
DA:85,0
DA:86,0
DA:87,0
DA:90,0
DA:91,0
DA:92,0
DA:93,0
DA:96,0
DA:103,0
DA:114,0
LF:36
LH:9
BRDA:38,0,0,0
BRDA:38,0,1,0
BRDA:44,1,0,0
BRDA:44,1,1,0
BRDA:44,2,0,0
BRDA:44,2,1,0
BRDA:74,3,0,0
BRDA:74,3,1,0
BRDA:84,4,0,0
BRDA:84,4,1,0
BRDA:101,5,0,0
BRDA:101,5,1,0
BRDA:108,6,0,0
BRDA:108,6,1,0
BRDA:114,7,0,0
BRDA:114,7,1,0
BRF:16
BRH:0
end_of_record
TN:
SF:fec-client/src/components/Q&A/AddAModal.jsx
FN:166,(anonymous_0)
FN:176,(anonymous_1)
FN:186,(anonymous_2)
FN:194,(anonymous_3)
FN:198,(anonymous_4)
FN:209,(anonymous_5)
FN:210,(anonymous_6)
FN:213,(anonymous_7)
FN:214,(anonymous_8)
FN:222,(anonymous_9)
FN:223,(anonymous_10)
FN:225,(anonymous_11)
FN:228,(anonymous_12)
FN:270,(anonymous_13)
FN:271,(anonymous_14)
FN:278,(anonymous_15)
FN:283,(anonymous_16)
FN:288,(anonymous_17)
FN:293,(anonymous_18)
FN:301,(anonymous_19)
FN:306,(anonymous_20)
FNF:21
FNH:0
FNDA:0,(anonymous_0)
FNDA:0,(anonymous_1)
FNDA:0,(anonymous_2)
FNDA:0,(anonymous_3)
FNDA:0,(anonymous_4)
FNDA:0,(anonymous_5)
FNDA:0,(anonymous_6)
FNDA:0,(anonymous_7)
FNDA:0,(anonymous_8)
FNDA:0,(anonymous_9)
FNDA:0,(anonymous_10)
FNDA:0,(anonymous_11)
FNDA:0,(anonymous_12)
FNDA:0,(anonymous_13)
FNDA:0,(anonymous_14)
FNDA:0,(anonymous_15)
FNDA:0,(anonymous_16)
FNDA:0,(anonymous_17)
FNDA:0,(anonymous_18)
FNDA:0,(anonymous_19)
FNDA:0,(anonymous_20)
DA:6,1
DA:8,1
DA:21,1
DA:33,1
DA:41,1
DA:47,1
DA:53,1
DA:59,1
DA:66,1
DA:73,1
DA:88,1
DA:94,1
DA:101,1
DA:105,1
DA:110,1
DA:115,1
DA:122,1
DA:127,1
DA:136,1
DA:140,1
DA:145,1
DA:151,1
DA:164,1
DA:166,1
DA:167,0
DA:168,0
DA:170,0
DA:171,0
DA:172,0
DA:173,0
DA:174,0
DA:176,0
DA:177,0
DA:178,0
DA:179,0
DA:180,0
DA:181,0
DA:182,0
DA:186,0
DA:187,0
DA:188,0
DA:189,0
DA:190,0
DA:191,0
DA:194,0
DA:195,0
DA:198,0
DA:199,0
DA:200,0
DA:201,0
DA:202,0
DA:203,0
DA:205,0
DA:209,0
DA:210,0
DA:212,0
DA:214,0
DA:215,0
DA:217,0
DA:218,0
DA:221,0
DA:222,0
DA:223,0
DA:225,0
DA:228,0
DA:229,0
DA:230,0
DA:231,0
DA:232,0
DA:234,0
DA:235,0
DA:236,0
DA:238,0
DA:239,0
DA:240,0
DA:242,0
DA:243,0
DA:244,0
DA:246,0
DA:247,0
DA:248,0
DA:251,0
DA:253,0
DA:254,0
DA:260,0
DA:261,0
DA:262,0
DA:263,0
DA:264,0
DA:269,0
DA:270,0
DA:271,0
DA:278,0
DA:283,0
DA:288,0
DA:293,0
DA:301,0
DA:306,0
LF:98
LH:24
BRDA:177,0,0,0
BRDA:177,0,1,0
BRDA:177,1,0,0
BRDA:177,1,1,0
BRDA:179,2,0,0
BRDA:179,2,1,0
BRDA:179,3,0,0
BRDA:179,3,1,0
BRDA:181,4,0,0
BRDA:181,4,1,0
BRDA:181,5,0,0
BRDA:181,5,1,0
BRDA:200,6,0,0
BRDA:200,6,1,0
BRDA:205,7,0,0
BRDA:205,7,1,0
BRDA:217,8,0,0
BRDA:217,8,1,0
BRDA:234,9,0,0
BRDA:234,9,1,0
BRDA:238,10,0,0
BRDA:238,10,1,0
BRDA:242,11,0,0
BRDA:242,11,1,0
BRDA:246,12,0,0
BRDA:246,12,1,0
BRDA:253,13,0,0
BRDA:253,13,1,0
BRDA:298,14,0,0
BRDA:298,14,1,0
BRDA:301,15,0,0
BRDA:301,15,1,0
BRDA:303,16,0,0
BRDA:303,16,1,0
BRF:34
BRH:0
end_of_record
TN:
SF:fec-client/src/components/Q&A/AddQModal.jsx
FN:110,(anonymous_0)
FN:116,(anonymous_1)
FN:126,(anonymous_2)
FN:134,(anonymous_3)
FN:172,(anonymous_4)
FN:173,(anonymous_5)
FN:179,(anonymous_6)
FN:186,(anonymous_7)
FN:191,(anonymous_8)
FN:196,(anonymous_9)
FN:201,(anonymous_10)
FNF:11
FNH:1
FNDA:8,(anonymous_0)
FNDA:0,(anonymous_1)
FNDA:0,(anonymous_2)
FNDA:0,(anonymous_3)
FNDA:0,(anonymous_4)
FNDA:0,(anonymous_5)
FNDA:0,(anonymous_6)
FNDA:0,(anonymous_7)
FNDA:0,(anonymous_8)
FNDA:0,(anonymous_9)
FNDA:0,(anonymous_10)
DA:5,1
DA:18,1
DA:28,1
DA:36,1
DA:42,1
DA:47,1
DA:52,1
DA:67,1
DA:73,1
DA:80,1
DA:84,1
DA:89,1
DA:94,1
DA:99,1
DA:103,1
DA:108,1
DA:110,1
DA:111,8
DA:112,8
DA:113,8
DA:114,8
DA:116,8
DA:117,0
DA:118,0
DA:119,0
DA:120,0
DA:121,0
DA:122,0
DA:126,8
DA:127,0
DA:128,0
DA:129,0
DA:130,0
DA:131,0
DA:134,8
DA:135,0
DA:136,0
DA:137,0
DA:138,0
DA:140,0
DA:141,0
DA:142,0
DA:144,0
DA:145,0
DA:146,0
DA:148,0
DA:149,0
DA:150,0
DA:153,0
DA:155,0
DA:156,0
DA:162,0
DA:163,0
DA:164,0
DA:165,0
DA:166,0
DA:170,8
DA:172,0
DA:173,0
DA:179,0
DA:186,0
DA:191,0
DA:196,0
DA:201,0
LF:64
LH:25
BRDA:117,0,0,0
BRDA:117,0,1,0
BRDA:117,1,0,0
BRDA:117,1,1,0
BRDA:119,2,0,0
BRDA:119,2,1,0
BRDA:119,3,0,0
BRDA:119,3,1,0
BRDA:121,4,0,0
BRDA:121,4,1,0
BRDA:121,5,0,0
BRDA:121,5,1,0
BRDA:140,6,0,0
BRDA:140,6,1,0
BRDA:144,7,0,0
BRDA:144,7,1,0
BRDA:148,8,0,0
BRDA:148,8,1,0
BRDA:155,9,0,0
BRDA:155,9,1,0
BRDA:170,10,0,0
BRDA:170,10,1,8
BRDA:198,11,0,0
BRDA:198,11,1,0
BRF:24
BRH:1
end_of_record
TN:
SF:fec-client/src/components/Q&A/PhotoModal.jsx
FN:56,(anonymous_0)
FN:61,(anonymous_1)
FNF:2
FNH:0
FNDA:0,(anonymous_0)
FNDA:0,(anonymous_1)
DA:6,1
DA:19,1
DA:29,1
DA:39,1
DA:56,1
DA:57,0
DA:59,0
DA:61,0
LF:8
LH:5
BRF:0
BRH:0
end_of_record
TN:
SF:fec-client/src/components/Q&A/QA.jsx
FN:58,(anonymous_0)
FN:70,(anonymous_1)
FN:72,(anonymous_2)
FN:77,(anonymous_3)
FN:80,(anonymous_4)
FN:85,(anonymous_5)
FN:90,(anonymous_6)
FN:94,(anonymous_7)
FN:96,(anonymous_8)
FN:97,(anonymous_9)
FN:100,(anonymous_10)
FN:117,(anonymous_11)
FN:119,(anonymous_12)
FN:124,(anonymous_13)
FN:149,(anonymous_14)
FN:157,(anonymous_15)
FNF:16
FNH:3
FNDA:8,(anonymous_0)
FNDA:0,(anonymous_1)
FNDA:0,(anonymous_2)
FNDA:0,(anonymous_3)
FNDA:0,(anonymous_4)
FNDA:0,(anonymous_5)
FNDA:0,(anonymous_6)
FNDA:0,(anonymous_7)
FNDA:0,(anonymous_8)
FNDA:0,(anonymous_9)
FNDA:4,(anonymous_10)
FNDA:4,(anonymous_11)
FNDA:0,(anonymous_12)
FNDA:0,(anonymous_13)
FNDA:0,(anonymous_14)
FNDA:0,(anonymous_15)
DA:7,1
DA:9,1
DA:14,1
DA:20,1
DA:31,1
DA:38,1
DA:46,1
DA:54,1
DA:58,1
DA:59,8
DA:60,8
DA:61,8
DA:63,8
DA:64,8
DA:65,8
DA:66,8
DA:67,8
DA:68,8
DA:70,8
DA:71,0
DA:73,0
DA:74,0
DA:75,0
DA:77,0
DA:80,8
DA:81,0
DA:82,0
DA:85,8
DA:86,0
DA:87,0
DA:90,8
DA:91,0
DA:94,8
DA:95,0
DA:96,0
DA:97,0
DA:100,8
DA:101,4
DA:102,0
DA:103,0
DA:104,0
DA:105,0
DA:106,0
DA:109,0
DA:111,4
DA:112,4
DA:113,4
DA:117,8
DA:118,4
DA:120,0
DA:121,0
DA:122,0
DA:124,0
DA:127,8
DA:134,8
DA:145,8
DA:149,0
DA:157,0
LF:58
LH:33
BRDA:101,0,0,0
BRDA:101,0,1,4
BRDA:106,1,0,0
BRDA:106,1,1,0
BRDA:154,2,0,0
BRDA:154,2,1,8
BRDA:154,3,0,8
BRDA:154,3,1,0
BRDA:154,3,2,0
BRF:9
BRH:3
end_of_record
TN:
SF:fec-client/src/components/Q&A/QAList.jsx
FN:16,(anonymous_0)
FN:17,(anonymous_1)
FN:21,(anonymous_2)
FN:22,(anonymous_3)
FN:54,(anonymous_4)
FNF:5
FNH:2
FNDA:8,(anonymous_0)
FNDA:0,(anonymous_1)
FNDA:8,(anonymous_2)
FNDA:0,(anonymous_3)
FNDA:0,(anonymous_4)
DA:7,1
DA:16,1
DA:17,8
DA:18,8
DA:19,8
DA:21,8
DA:22,8
DA:23,0
DA:25,0
DA:26,0
DA:27,0
DA:28,0
DA:29,0
DA:33,8
DA:39,8
DA:40,8
DA:42,8
DA:43,0
DA:44,0
DA:45,0
DA:48,8
DA:52,8
DA:54,0
LF:23
LH:13
BRDA:25,0,0,0
BRDA:25,0,1,0
BRDA:27,1,0,0
BRDA:27,1,1,0
BRDA:27,2,0,0
BRDA:27,2,1,0
BRDA:27,2,2,0
BRDA:27,2,3,0
BRDA:42,3,0,0
BRDA:42,3,1,8
BRDA:43,4,0,0
BRDA:43,4,1,0
BRDA:54,5,0,0
BRDA:54,5,1,8
BRF:14
BRH:2
end_of_record
TN:
SF:fec-client/src/components/Q&A/QAListEntry.jsx
FN:56,(anonymous_0)
FN:78,(anonymous_1)
FN:81,(anonymous_2)
FN:86,(anonymous_3)
FN:89,(anonymous_4)
FN:100,(anonymous_5)
FN:105,(anonymous_6)
FN:109,(anonymous_7)
FN:114,(anonymous_8)
FN:115,(anonymous_9)
FN:119,(anonymous_10)
FN:122,(anonymous_11)
FN:123,(anonymous_12)
FN:150,(anonymous_13)
FN:154,(anonymous_14)
FNF:15
FNH:0
FNDA:0,(anonymous_0)
FNDA:0,(anonymous_1)
FNDA:0,(anonymous_2)
FNDA:0,(anonymous_3)
FNDA:0,(anonymous_4)
FNDA:0,(anonymous_5)
FNDA:0,(anonymous_6)
FNDA:0,(anonymous_7)
FNDA:0,(anonymous_8)
FNDA:0,(anonymous_9)
FNDA:0,(anonymous_10)
FNDA:0,(anonymous_11)
FNDA:0,(anonymous_12)
FNDA:0,(anonymous_13)
FNDA:0,(anonymous_14)
DA:7,1
DA:12,1
DA:17,1
DA:21,1
DA:26,1
DA:31,1
DA:38,1
DA:43,1
DA:50,1
DA:56,0
DA:60,1
DA:74,1
DA:78,1
DA:79,0
DA:80,0
DA:81,0
DA:83,0
DA:86,1
DA:87,0
DA:88,0
DA:89,0
DA:91,0
DA:92,0
DA:94,0
DA:95,0
DA:96,0
DA:97,0
DA:98,0
DA:100,0
DA:101,0
DA:102,0
DA:105,0
DA:106,0
DA:109,0
DA:110,0
DA:111,0
DA:112,0
DA:113,0
DA:114,0
DA:115,0
DA:119,0
DA:120,0
DA:121,0
DA:122,0
DA:123,0
DA:126,0
DA:133,0
DA:150,0
DA:154,0
LF:49
LH:13
BRDA:56,0,0,0
BRDA:56,0,1,0
BRDA:81,1,0,0
BRDA:81,1,1,0
BRDA:81,2,0,0
BRDA:81,2,1,0
BRDA:89,3,0,0
BRDA:89,3,1,0
BRDA:101,4,0,0
BRDA:101,4,1,0
BRDA:102,5,0,0
BRDA:102,5,1,0
BRDA:110,6,0,0
BRDA:110,6,1,0
BRDA:120,7,0,0
BRDA:120,7,1,0
BRDA:148,8,0,0
BRDA:148,8,1,0
BRDA:150,9,0,0
BRDA:150,9,1,0
BRDA:151,10,0,0
BRDA:151,10,1,0
BRDA:154,11,0,0
BRDA:154,11,1,0
BRF:24
BRH:0
end_of_record
TN:
SF:fec-client/src/components/Ratings/countTotalAndAverage.js
FN:1,(anonymous_0)
FNF:1
FNH:0
FNDA:0,(anonymous_0)
DA:1,1
DA:2,0
DA:3,0
DA:4,0
DA:5,0
DA:6,0
DA:8,0
DA:9,0
LF:8
LH:1
BRF:0
BRH:0
end_of_record
TN:
SF:fec-client/src/components/Ratings/index.jsx
FN:14,(anonymous_0)
FN:20,(anonymous_1)
FN:22,(anonymous_2)
FN:26,(anonymous_3)
FN:29,(anonymous_4)
FN:31,(anonymous_5)
FN:35,(anonymous_6)
FN:38,(anonymous_7)
FN:42,(anonymous_8)
FN:46,(anonymous_9)
FN:47,(anonymous_10)
FNF:11
FNH:4
FNDA:2,(anonymous_0)
FNDA:1,(anonymous_1)
FNDA:0,(anonymous_2)
FNDA:0,(anonymous_3)
FNDA:1,(anonymous_4)
FNDA:0,(anonymous_5)
FNDA:0,(anonymous_6)
FNDA:1,(anonymous_7)
FNDA:0,(anonymous_8)
FNDA:0,(anonymous_9)
FNDA:0,(anonymous_10)
DA:10,1
DA:14,1
DA:15,2
DA:16,2
DA:17,2
DA:18,2
DA:20,2
DA:21,1
DA:23,0
DA:24,0
DA:26,0
DA:29,2
DA:30,1
DA:32,0
DA:33,0
DA:35,0
DA:38,2
DA:39,1
DA:40,1
DA:42,0
DA:46,2
DA:47,0
DA:50,2
LF:23
LH:15
BRDA:39,0,0,1
BRDA:39,0,1,0
BRDA:47,1,0,0
BRDA:47,1,1,0
BRF:4
BRH:1
end_of_record
TN:
SF:fec-client/src/components/Ratings/RatingsBreakdown/Factor.jsx
FN:22,(anonymous_0)
FNF:1
FNH:0
FNDA:0,(anonymous_0)
DA:6,1
DA:14,1
DA:22,1
DA:23,0
LF:4
LH:3
BRF:0
BRH:0
end_of_record
TN:
SF:fec-client/src/components/Ratings/RatingsBreakdown/FactorSlider.jsx
FN:5,(anonymous_0)
FNF:1
FNH:0
FNDA:0,(anonymous_0)
DA:5,1
DA:6,0
DA:7,0
LF:3
LH:1
BRF:0
BRH:0
end_of_record
TN:
SF:fec-client/src/components/Ratings/RatingsBreakdown/ProductBreakdown.jsx
FN:15,(anonymous_0)
FNF:1
FNH:0
FNDA:0,(anonymous_0)
DA:5,1
DA:15,1
DA:17,0
LF:3
LH:2
BRDA:19,0,0,0
BRDA:19,0,1,0
BRDA:21,1,0,0
BRDA:21,1,1,0
BRDA:23,2,0,0
BRDA:23,2,1,0
BRDA:25,3,0,0
BRDA:25,3,1,0
BRDA:27,4,0,0
BRDA:27,4,1,0
BRDA:29,5,0,0
BRDA:29,5,1,0
BRF:12
BRH:0
end_of_record
TN:
SF:fec-client/src/components/Ratings/RatingsBreakdown/ReviewBar.jsx
FN:22,(anonymous_0)
FN:26,(anonymous_1)
FN:30,(anonymous_2)
FNF:3
FNH:0
FNDA:0,(anonymous_0)
FNDA:0,(anonymous_1)
FNDA:0,(anonymous_2)
DA:4,1
DA:22,1
DA:23,0
DA:24,0
DA:26,0
DA:27,0
DA:30,0
DA:31,0
DA:32,0
DA:35,0
LF:10
LH:2
BRDA:36,0,0,0
BRDA:36,0,1,0
BRF:2
BRH:0
end_of_record
TN:
SF:fec-client/src/components/Ratings/RatingsBreakdown/ReviewBreakdown.jsx
FN:32,(anonymous_0)
FNF:1
FNH:0
FNDA:0,(anonymous_0)
DA:8,1
DA:15,1
DA:22,1
DA:27,1
DA:32,1
DA:33,0
DA:34,0
DA:36,0
LF:8
LH:5
BRDA:45,0,0,0
BRDA:45,0,1,0
BRDA:46,1,0,0
BRDA:46,1,1,0
BRDA:47,2,0,0
BRDA:47,2,1,0
BRDA:48,3,0,0
BRDA:48,3,1,0
BRDA:49,4,0,0
BRDA:49,4,1,0
BRF:10
BRH:0
end_of_record
TN:
SF:fec-client/src/components/Ratings/RatingsBreakdown/index.jsx
FN:18,(anonymous_0)
FNF:1
FNH:1
FNDA:2,(anonymous_0)
DA:7,1
DA:18,1
DA:20,2
LF:3
LH:3
BRDA:22,0,0,0
BRDA:22,0,1,2
BRDA:23,1,0,0
BRDA:23,1,1,2
BRF:4
BRH:2
end_of_record
TN:
SF:fec-client/src/components/Ratings/ReviewList/Modal.jsx
FN:45,(anonymous_0)
FNF:1
FNH:1
FNDA:1,(anonymous_0)
DA:4,1
DA:13,1
DA:28,1
DA:34,1
DA:45,1
DA:46,1
LF:6
LH:6
BRF:0
BRH:0
end_of_record
TN:
SF:fec-client/src/components/Ratings/ReviewList/Photos.jsx
FN:15,(anonymous_0)
FN:19,(anonymous_1)
FN:27,(anonymous_2)
FN:28,(anonymous_3)
FNF:4
FNH:4
FNDA:23,(anonymous_0)
FNDA:1,(anonymous_1)
FNDA:64,(anonymous_2)
FNDA:1,(anonymous_3)
DA:5,1
DA:11,1
DA:15,1
DA:16,23
DA:17,23
DA:19,23
DA:20,1
DA:21,1
DA:24,23
DA:28,64
LF:10
LH:10
BRDA:31,0,0,1
BRDA:31,0,1,22
BRF:2
BRH:2
end_of_record
TN:
SF:fec-client/src/components/Ratings/ReviewList/ReviewTile.jsx
FN:85,(anonymous_0)
FN:89,(anonymous_1)
FN:92,(anonymous_2)
FN:93,(anonymous_3)
FN:97,(anonymous_4)
FNF:5
FNH:2
FNDA:22,(anonymous_0)
FNDA:0,(anonymous_1)
FNDA:0,(anonymous_2)
FNDA:0,(anonymous_3)
FNDA:1,(anonymous_4)
DA:10,1
DA:17,1
DA:30,1
DA:40,1
DA:45,1
DA:49,1
DA:54,1
DA:58,1
DA:66,1
DA:71,1
DA:78,1
DA:85,1
DA:86,22
DA:87,22
DA:89,22
DA:90,0
DA:91,0
DA:93,0
DA:97,22
DA:98,1
DA:101,22
LF:21
LH:18
BRDA:110,0,0,11
BRDA:110,0,1,11
BRDA:117,1,0,10
BRDA:117,1,1,12
BRDA:126,2,0,8
BRDA:126,2,1,14
BRF:6
BRH:6
end_of_record
TN:
SF:fec-client/src/components/Ratings/ReviewList/index.jsx
FN:22,(anonymous_0)
FN:25,(anonymous_1)
FN:31,(anonymous_2)
FNF:3
FNH:3
FNDA:13,(anonymous_0)
FNDA:1,(anonymous_1)
FNDA:21,(anonymous_2)
DA:7,1
DA:16,1
DA:22,1
DA:23,13
DA:25,13
DA:26,1
DA:29,13
DA:32,21
LF:8
LH:8
BRDA:34,0,0,6
BRDA:34,0,1,7
BRF:2
BRH:2
end_of_record
TN:
SF:fec-client/src/components/Ratings/Write/Characteristics.jsx
FN:17,(anonymous_0)
FN:20,(anonymous_1)
FNF:2
FNH:0
FNDA:0,(anonymous_0)
FNDA:0,(anonymous_1)
DA:5,1
DA:11,1
DA:17,1
DA:18,0
DA:20,0
DA:22,0
DA:23,0
DA:26,0
LF:8
LH:3
BRF:0
BRH:0
end_of_record
TN:
SF:fec-client/src/components/Ratings/Write/DynamicStars.jsx
FN:14,(anonymous_0)
FN:18,(anonymous_1)
FN:29,(anonymous_2)
FN:40,(anonymous_3)
FN:46,(anonymous_4)
FN:47,(anonymous_5)
FN:47,(anonymous_6)
FNF:7
FNH:0
FNDA:0,(anonymous_0)
FNDA:0,(anonymous_1)
FNDA:0,(anonymous_2)
FNDA:0,(anonymous_3)
FNDA:0,(anonymous_4)
FNDA:0,(anonymous_5)
FNDA:0,(anonymous_6)
DA:9,1
DA:14,1
DA:15,0
DA:16,0
DA:18,0
DA:19,0
DA:20,0
DA:21,0
DA:22,0
DA:24,0
DA:25,0
DA:26,0
DA:29,0
DA:30,0
DA:31,0
DA:32,0
DA:33,0
DA:34,0
DA:36,0
DA:40,0
DA:41,0
DA:44,0
DA:47,0
LF:23
LH:2
BRDA:21,0,0,0
BRDA:21,0,1,0
BRDA:30,1,0,0
BRDA:30,1,1,0
BRDA:33,2,0,0
BRDA:33,2,1,0
BRDA:41,3,0,0
BRDA:41,3,1,0
BRF:8
BRH:0
end_of_record
TN:
SF:fec-client/src/components/Ratings/Write/UploadPhotos.jsx
FN:36,(anonymous_0)
FN:39,(anonymous_1)
FN:52,(anonymous_2)
FN:61,(anonymous_3)
FNF:4
FNH:0
FNDA:0,(anonymous_0)
FNDA:0,(anonymous_1)
FNDA:0,(anonymous_2)
FNDA:0,(anonymous_3)
DA:5,1
DA:6,1
DA:8,1
DA:14,1
DA:18,1
DA:22,1
DA:36,1
DA:39,0
DA:41,0
DA:43,0
DA:52,0
DA:53,0
DA:54,0
DA:55,0
DA:58,0
DA:61,0
LF:16
LH:7
BRF:0
BRH:0
end_of_record
TN:
SF:fec-client/src/components/Ratings/Write/WriteModal.jsx
FN:75,(anonymous_0)
FN:90,(anonymous_1)
FN:94,(anonymous_2)
FN:100,(anonymous_3)
FN:104,(anonymous_4)
FN:111,(anonymous_5)
FN:112,(anonymous_6)
FN:113,(anonymous_7)
FN:125,(anonymous_8)
FN:144,(anonymous_9)
FN:151,(anonymous_10)
FN:157,(anonymous_11)
FN:161,(anonymous_12)
FN:170,(anonymous_13)
FN:175,(anonymous_14)
FNF:15
FNH:0
FNDA:0,(anonymous_0)
FNDA:0,(anonymous_1)
FNDA:0,(anonymous_2)
FNDA:0,(anonymous_3)
FNDA:0,(anonymous_4)
FNDA:0,(anonymous_5)
FNDA:0,(anonymous_6)
FNDA:0,(anonymous_7)
FNDA:0,(anonymous_8)
FNDA:0,(anonymous_9)
FNDA:0,(anonymous_10)
FNDA:0,(anonymous_11)
FNDA:0,(anonymous_12)
FNDA:0,(anonymous_13)
FNDA:0,(anonymous_14)
DA:8,1
DA:9,1
DA:11,1
DA:20,1
DA:34,1
DA:41,1
DA:50,1
DA:54,1
DA:59,1
DA:64,1
DA:70,1
DA:75,1
DA:77,0
DA:78,0
DA:80,0
DA:81,0
DA:82,0
DA:83,0
DA:84,0
DA:85,0
DA:86,0
DA:87,0
DA:88,0
DA:90,0
DA:91,0
DA:94,0
DA:95,0
DA:96,0
DA:97,0
DA:100,0
DA:101,0
DA:104,0
DA:111,0
DA:113,0
DA:114,0
DA:126,0
DA:131,0
DA:144,0
DA:152,0
DA:157,0
DA:161,0
DA:170,0
DA:175,0
LF:43
LH:12
BRDA:162,0,0,0
BRDA:162,0,1,0
BRF:2
BRH:0
end_of_record
TN:
SF:fec-client/src/components/Ratings/Write/factors.js
FNF:0
FNH:0
DA:1,1
LF:1
LH:1
BRF:0
BRH:0
end_of_record
TN:
SF:fec-client/src/components/Ratings/Write/index.jsx
FN:6,(anonymous_0)
FN:8,(anonymous_1)
FNF:2
FNH:1
FNDA:2,(anonymous_0)
FNDA:0,(anonymous_1)
DA:6,1
DA:7,2
DA:8,2
DA:9,0
DA:12,2
LF:5
LH:4
BRDA:15,0,0,0
BRDA:15,0,1,2
BRF:2
BRH:1
end_of_record
TN:
SF:fec-client/src/components/Shared/Star.jsx
FN:4,(anonymous_0)
FNF:1
FNH:1
FNDA:110,(anonymous_0)
DA:4,1
DA:5,110
LF:2
LH:2
BRF:0
BRH:0
end_of_record
TN:
SF:fec-client/src/components/Shared/Stars.jsx
FN:6,(anonymous_0)
FN:23,(anonymous_1)
FN:29,(anonymous_2)
FNF:3
FNH:3
FNDA:22,(anonymous_0)
FNDA:22,(anonymous_1)
FNDA:110,(anonymous_2)
DA:6,1
DA:7,22
DA:8,22
DA:9,110
DA:10,73
DA:11,37
DA:12,13
DA:14,24
DA:17,22
DA:23,1
DA:25,22
DA:27,22
DA:30,110
LF:13
LH:13
BRDA:9,0,0,73
BRDA:9,0,1,37
BRDA:11,1,0,13
BRDA:11,1,1,24
BRDA:30,2,0,110
BRDA:30,2,1,110
BRF:6
BRH:6
end_of_record
TN:
SF:test/RatingsStubs.js
FNF:0
FNH:0
DA:1,1
LF:1
LH:1
BRF:0
BRH:0
end_of_record
TN:
SF:test/stubs/QA.stubs.js
FNF:0
FNH:0
DA:3,1
LF:1
LH:1
BRF:0
BRH:0
end_of_record
